{"C:\\project-chiribito-test-backend\\Chiri-backend\\src\\rooms\\MyRoom.ts": {"path":"C:\\project-chiribito-test-backend\\Chiri-backend\\src\\rooms\\MyRoom.ts","statementMap":{"0":{"start":{"line":1,"column":0},"end":{"line":1,"column":57}},"1":{"start":{"line":2,"column":0},"end":{"line":2,"column":45}},"2":{"start":{"line":3,"column":0},"end":{"line":3,"column":59}},"3":{"start":{"line":4,"column":0},"end":{"line":4,"column":47}},"4":{"start":{"line":5,"column":0},"end":{"line":5,"column":38}},"5":{"start":{"line":6,"column":0},"end":{"line":6,"column":90}},"6":{"start":{"line":11,"column":0},"end":{"line":11,"column":87}},"7":{"start":{"line":14,"column":0},"end":{"line":14,"column":null}},"8":{"start":{"line":23,"column":0},"end":{"line":23,"column":48}},"9":{"start":{"line":24,"column":0},"end":{"line":24,"column":73}},"10":{"start":{"line":25,"column":0},"end":{"line":25,"column":77}},"11":{"start":{"line":29,"column":2},"end":{"line":29,"column":17}},"12":{"start":{"line":31,"column":10},"end":{"line":31,"column":34}},"13":{"start":{"line":33,"column":10},"end":{"line":33,"column":64}},"14":{"start":{"line":34,"column":9},"end":{"line":34,"column":51}},"15":{"start":{"line":35,"column":9},"end":{"line":35,"column":33}},"16":{"start":{"line":36,"column":9},"end":{"line":36,"column":40}},"17":{"start":{"line":37,"column":9},"end":{"line":37,"column":38}},"18":{"start":{"line":38,"column":9},"end":{"line":38,"column":56}},"19":{"start":{"line":39,"column":9},"end":{"line":39,"column":47}},"20":{"start":{"line":41,"column":10},"end":{"line":41,"column":42}},"21":{"start":{"line":45,"column":4},"end":{"line":48,"column":5}},"22":{"start":{"line":46,"column":21},"end":{"line":46,"column":77}},"23":{"start":{"line":47,"column":6},"end":{"line":47,"column":54}},"24":{"start":{"line":51,"column":4},"end":{"line":51,"column":46}},"25":{"start":{"line":54,"column":4},"end":{"line":60,"column":12}},"26":{"start":{"line":55,"column":22},"end":{"line":55,"column":46}},"27":{"start":{"line":56,"column":6},"end":{"line":58,"column":7}},"28":{"start":{"line":57,"column":8},"end":{"line":57,"column":50}},"29":{"start":{"line":59,"column":6},"end":{"line":59,"column":24}},"30":{"start":{"line":73,"column":27},"end":{"line":73,"column":64}},"31":{"start":{"line":74,"column":4},"end":{"line":77,"column":5}},"32":{"start":{"line":75,"column":6},"end":{"line":75,"column":106}},"33":{"start":{"line":76,"column":6},"end":{"line":76,"column":13}},"34":{"start":{"line":79,"column":27},"end":{"line":79,"column":76}},"35":{"start":{"line":81,"column":4},"end":{"line":84,"column":5}},"36":{"start":{"line":82,"column":6},"end":{"line":82,"column":104}},"37":{"start":{"line":83,"column":6},"end":{"line":83,"column":13}},"38":{"start":{"line":88,"column":31},"end":{"line":89,"column":82}},"39":{"start":{"line":89,"column":36},"end":{"line":89,"column":81}},"40":{"start":{"line":91,"column":4},"end":{"line":94,"column":5}},"41":{"start":{"line":92,"column":6},"end":{"line":92,"column":114}},"42":{"start":{"line":93,"column":6},"end":{"line":93,"column":13}},"43":{"start":{"line":96,"column":4},"end":{"line":99,"column":7}},"44":{"start":{"line":103,"column":4},"end":{"line":103,"column":57}},"45":{"start":{"line":119,"column":29},"end":{"line":119,"column":61}},"46":{"start":{"line":122,"column":4},"end":{"line":125,"column":5}},"47":{"start":{"line":123,"column":6},"end":{"line":123,"column":103}},"48":{"start":{"line":124,"column":6},"end":{"line":124,"column":19}},"49":{"start":{"line":127,"column":4},"end":{"line":130,"column":5}},"50":{"start":{"line":128,"column":6},"end":{"line":128,"column":89}},"51":{"start":{"line":129,"column":6},"end":{"line":129,"column":19}},"52":{"start":{"line":132,"column":4},"end":{"line":132,"column":57}},"53":{"start":{"line":133,"column":4},"end":{"line":133,"column":16}},"54":{"start":{"line":137,"column":4},"end":{"line":137,"column":37}},"55":{"start":{"line":138,"column":4},"end":{"line":138,"column":29}},"56":{"start":{"line":140,"column":26},"end":{"line":140,"column":96}},"57":{"start":{"line":141,"column":21},"end":{"line":141,"column":68}},"58":{"start":{"line":142,"column":24},"end":{"line":142,"column":57}},"59":{"start":{"line":143,"column":4},"end":{"line":146,"column":7}},"60":{"start":{"line":148,"column":4},"end":{"line":148,"column":39}},"61":{"start":{"line":151,"column":4},"end":{"line":151,"column":91}},"62":{"start":{"line":152,"column":4},"end":{"line":158,"column":7}},"63":{"start":{"line":159,"column":4},"end":{"line":159,"column":69}},"64":{"start":{"line":160,"column":4},"end":{"line":167,"column":7}},"65":{"start":{"line":168,"column":4},"end":{"line":168,"column":63}},"66":{"start":{"line":169,"column":4},"end":{"line":171,"column":7}},"67":{"start":{"line":172,"column":4},"end":{"line":186,"column":6}},"68":{"start":{"line":180,"column":23},"end":{"line":180,"column":72}},"69":{"start":{"line":180,"column":46},"end":{"line":180,"column":71}},"70":{"start":{"line":181,"column":8},"end":{"line":184,"column":9}},"71":{"start":{"line":182,"column":10},"end":{"line":182,"column":104}},"72":{"start":{"line":183,"column":10},"end":{"line":183,"column":50}},"73":{"start":{"line":189,"column":4},"end":{"line":189,"column":35}},"74":{"start":{"line":190,"column":4},"end":{"line":190,"column":27}},"75":{"start":{"line":193,"column":4},"end":{"line":196,"column":7}},"76":{"start":{"line":194,"column":6},"end":{"line":194,"column":71}},"77":{"start":{"line":194,"column":64},"end":{"line":194,"column":71}},"78":{"start":{"line":195,"column":6},"end":{"line":195,"column":42}},"79":{"start":{"line":197,"column":4},"end":{"line":200,"column":7}},"80":{"start":{"line":198,"column":6},"end":{"line":198,"column":65}},"81":{"start":{"line":198,"column":58},"end":{"line":198,"column":65}},"82":{"start":{"line":199,"column":6},"end":{"line":199,"column":44}},"83":{"start":{"line":201,"column":4},"end":{"line":204,"column":7}},"84":{"start":{"line":202,"column":6},"end":{"line":202,"column":66}},"85":{"start":{"line":202,"column":59},"end":{"line":202,"column":66}},"86":{"start":{"line":203,"column":6},"end":{"line":203,"column":37}},"87":{"start":{"line":205,"column":4},"end":{"line":208,"column":7}},"88":{"start":{"line":206,"column":6},"end":{"line":206,"column":67}},"89":{"start":{"line":206,"column":60},"end":{"line":206,"column":67}},"90":{"start":{"line":207,"column":6},"end":{"line":207,"column":38}},"91":{"start":{"line":209,"column":4},"end":{"line":212,"column":7}},"92":{"start":{"line":210,"column":6},"end":{"line":210,"column":66}},"93":{"start":{"line":210,"column":59},"end":{"line":210,"column":66}},"94":{"start":{"line":211,"column":6},"end":{"line":211,"column":37}},"95":{"start":{"line":213,"column":4},"end":{"line":216,"column":7}},"96":{"start":{"line":214,"column":6},"end":{"line":214,"column":67}},"97":{"start":{"line":214,"column":60},"end":{"line":214,"column":67}},"98":{"start":{"line":215,"column":6},"end":{"line":215,"column":38}},"99":{"start":{"line":217,"column":4},"end":{"line":220,"column":7}},"100":{"start":{"line":218,"column":6},"end":{"line":218,"column":67}},"101":{"start":{"line":218,"column":60},"end":{"line":218,"column":67}},"102":{"start":{"line":219,"column":6},"end":{"line":219,"column":46}},"103":{"start":{"line":223,"column":4},"end":{"line":227,"column":7}},"104":{"start":{"line":224,"column":6},"end":{"line":224,"column":63}},"105":{"start":{"line":225,"column":6},"end":{"line":225,"column":61}},"106":{"start":{"line":226,"column":6},"end":{"line":226,"column":35}},"107":{"start":{"line":233,"column":4},"end":{"line":233,"column":43}},"108":{"start":{"line":233,"column":15},"end":{"line":233,"column":43}},"109":{"start":{"line":234,"column":4},"end":{"line":234,"column":49}},"110":{"start":{"line":238,"column":19},"end":{"line":238,"column":92}},"111":{"start":{"line":241,"column":30},"end":{"line":241,"column":53}},"112":{"start":{"line":242,"column":4},"end":{"line":244,"column":5}},"113":{"start":{"line":243,"column":6},"end":{"line":243,"column":63}},"114":{"start":{"line":247,"column":4},"end":{"line":257,"column":5}},"115":{"start":{"line":248,"column":6},"end":{"line":248,"column":35}},"116":{"start":{"line":249,"column":21},"end":{"line":249,"column":44}},"117":{"start":{"line":250,"column":6},"end":{"line":256,"column":7}},"118":{"start":{"line":251,"column":8},"end":{"line":254,"column":9}},"119":{"start":{"line":252,"column":10},"end":{"line":252,"column":83}},"120":{"start":{"line":253,"column":10},"end":{"line":253,"column":52}},"121":{"start":{"line":255,"column":8},"end":{"line":255,"column":33}},"122":{"start":{"line":260,"column":4},"end":{"line":260,"column":39}},"123":{"start":{"line":261,"column":4},"end":{"line":263,"column":5}},"124":{"start":{"line":262,"column":6},"end":{"line":262,"column":57}},"125":{"start":{"line":265,"column":4},"end":{"line":265,"column":28}},"126":{"start":{"line":270,"column":4},"end":{"line":270,"column":34}},"127":{"start":{"line":271,"column":19},"end":{"line":282,"column":null}},"128":{"start":{"line":281,"column":12},"end":{"line":281,"column":36}},"129":{"start":{"line":282,"column":31},"end":{"line":282,"column":66}},"130":{"start":{"line":284,"column":4},"end":{"line":286,"column":5}},"131":{"start":{"line":285,"column":6},"end":{"line":285,"column":26}},"132":{"start":{"line":288,"column":4},"end":{"line":292,"column":5}},"133":{"start":{"line":289,"column":6},"end":{"line":291,"column":7}},"134":{"start":{"line":290,"column":9},"end":{"line":290,"column":42}},"135":{"start":{"line":296,"column":22},"end":{"line":296,"column":50}},"136":{"start":{"line":297,"column":4},"end":{"line":311,"column":6}},"137":{"start":{"line":309,"column":22},"end":{"line":309,"column":82}},"138":{"start":{"line":310,"column":31},"end":{"line":310,"column":66}},"139":{"start":{"line":312,"column":4},"end":{"line":312,"column":29}},"140":{"start":{"line":316,"column":4},"end":{"line":316,"column":40}},"141":{"start":{"line":320,"column":4},"end":{"line":320,"column":59}},"142":{"start":{"line":321,"column":4},"end":{"line":321,"column":57}},"143":{"start":{"line":321,"column":26},"end":{"line":321,"column":57}},"144":{"start":{"line":324,"column":4},"end":{"line":324,"column":39}},"145":{"start":{"line":325,"column":4},"end":{"line":325,"column":33}},"146":{"start":{"line":326,"column":4},"end":{"line":326,"column":33}},"147":{"start":{"line":327,"column":4},"end":{"line":327,"column":36}},"148":{"start":{"line":330,"column":4},"end":{"line":333,"column":5}},"149":{"start":{"line":331,"column":6},"end":{"line":331,"column":34}},"150":{"start":{"line":332,"column":6},"end":{"line":332,"column":32}},"151":{"start":{"line":28,"column":0},"end":{"line":28,"column":13}}},"fnMap":{"0":{"name":"(anonymous_8)","decl":{"start":{"line":28,"column":0},"end":{"line":28,"column":13}},"loc":{"start":{"line":28,"column":0},"end":{"line":336,"column":1}}},"1":{"name":"(anonymous_9)","decl":{"start":{"line":44,"column":9},"end":{"line":44,"column":28}},"loc":{"start":{"line":44,"column":89},"end":{"line":61,"column":3}}},"2":{"name":"(anonymous_10)","decl":{"start":{"line":54,"column":26},"end":{"line":54,"column":29}},"loc":{"start":{"line":54,"column":31},"end":{"line":60,"column":5}}},"3":{"name":"(anonymous_11)","decl":{"start":{"line":72,"column":16},"end":{"line":72,"column":37}},"loc":{"start":{"line":72,"column":98},"end":{"line":100,"column":null}}},"4":{"name":"(anonymous_13)","decl":{"start":{"line":89,"column":14},"end":{"line":89,"column":15}},"loc":{"start":{"line":89,"column":36},"end":{"line":89,"column":81}}},"5":{"name":"(anonymous_14)","decl":{"start":{"line":102,"column":10},"end":{"line":102,"column":30}},"loc":{"start":{"line":102,"column":30},"end":{"line":104,"column":3}}},"6":{"name":"(anonymous_15)","decl":{"start":{"line":109,"column":10},"end":{"line":109,"column":36}},"loc":{"start":{"line":109,"column":36},"end":{"line":111,"column":3}}},"7":{"name":"(anonymous_16)","decl":{"start":{"line":117,"column":10},"end":{"line":117,"column":25}},"loc":{"start":{"line":117,"column":63},"end":{"line":134,"column":3}}},"8":{"name":"(anonymous_17)","decl":{"start":{"line":136,"column":2},"end":{"line":136,"column":10}},"loc":{"start":{"line":136,"column":36},"end":{"line":229,"column":3}}},"9":{"name":"(anonymous_18)","decl":{"start":{"line":178,"column":6},"end":{"line":178,"column":7}},"loc":{"start":{"line":178,"column":20},"end":{"line":185,"column":7}}},"10":{"name":"(anonymous_19)","decl":{"start":{"line":180,"column":41},"end":{"line":180,"column":42}},"loc":{"start":{"line":180,"column":46},"end":{"line":180,"column":71}}},"11":{"name":"(anonymous_20)","decl":{"start":{"line":193,"column":32},"end":{"line":193,"column":33}},"loc":{"start":{"line":193,"column":43},"end":{"line":196,"column":5}}},"12":{"name":"(anonymous_21)","decl":{"start":{"line":197,"column":26},"end":{"line":197,"column":27}},"loc":{"start":{"line":197,"column":53},"end":{"line":200,"column":5}}},"13":{"name":"(anonymous_22)","decl":{"start":{"line":201,"column":27},"end":{"line":201,"column":28}},"loc":{"start":{"line":201,"column":38},"end":{"line":204,"column":5}}},"14":{"name":"(anonymous_23)","decl":{"start":{"line":205,"column":28},"end":{"line":205,"column":29}},"loc":{"start":{"line":205,"column":39},"end":{"line":208,"column":5}}},"15":{"name":"(anonymous_24)","decl":{"start":{"line":209,"column":27},"end":{"line":209,"column":28}},"loc":{"start":{"line":209,"column":38},"end":{"line":212,"column":5}}},"16":{"name":"(anonymous_25)","decl":{"start":{"line":213,"column":28},"end":{"line":213,"column":29}},"loc":{"start":{"line":213,"column":39},"end":{"line":216,"column":5}}},"17":{"name":"(anonymous_26)","decl":{"start":{"line":217,"column":28},"end":{"line":217,"column":29}},"loc":{"start":{"line":217,"column":55},"end":{"line":220,"column":5}}},"18":{"name":"(anonymous_27)","decl":{"start":{"line":223,"column":32},"end":{"line":223,"column":33}},"loc":{"start":{"line":223,"column":43},"end":{"line":227,"column":5}}},"19":{"name":"(anonymous_28)","decl":{"start":{"line":232,"column":8},"end":{"line":232,"column":19}},"loc":{"start":{"line":232,"column":67},"end":{"line":235,"column":null}}},"20":{"name":"(anonymous_30)","decl":{"start":{"line":237,"column":8},"end":{"line":237,"column":14}},"loc":{"start":{"line":237,"column":59},"end":{"line":266,"column":null}}},"21":{"name":"(anonymous_32)","decl":{"start":{"line":268,"column":2},"end":{"line":268,"column":8}},"loc":{"start":{"line":268,"column":53},"end":{"line":293,"column":3}}},"22":{"name":"(anonymous_33)","decl":{"start":{"line":281,"column":6},"end":{"line":281,"column":9}},"loc":{"start":{"line":281,"column":12},"end":{"line":281,"column":36}}},"23":{"name":"(anonymous_34)","decl":{"start":{"line":282,"column":6},"end":{"line":282,"column":7}},"loc":{"start":{"line":282,"column":31},"end":{"line":282,"column":66}}},"24":{"name":"(anonymous_35)","decl":{"start":{"line":295,"column":8},"end":{"line":295,"column":15}},"loc":{"start":{"line":295,"column":44},"end":{"line":313,"column":null}}},"25":{"name":"(anonymous_37)","decl":{"start":{"line":309,"column":6},"end":{"line":309,"column":7}},"loc":{"start":{"line":309,"column":22},"end":{"line":309,"column":82}}},"26":{"name":"(anonymous_38)","decl":{"start":{"line":310,"column":6},"end":{"line":310,"column":7}},"loc":{"start":{"line":310,"column":31},"end":{"line":310,"column":66}}},"27":{"name":"(anonymous_39)","decl":{"start":{"line":315,"column":2},"end":{"line":315,"column":17}},"loc":{"start":{"line":315,"column":50},"end":{"line":317,"column":3}}},"28":{"name":"(anonymous_40)","decl":{"start":{"line":319,"column":2},"end":{"line":319,"column":11}},"loc":{"start":{"line":319,"column":11},"end":{"line":334,"column":3}}}},"branchMap":{"0":{"loc":{"start":{"line":46,"column":21},"end":{"line":46,"column":77}},"type":"cond-expr","locations":[{"start":{"line":46,"column":63},"end":{"line":46,"column":68}},{"start":{"line":46,"column":71},"end":{"line":46,"column":77}}]},"1":{"loc":{"start":{"line":73,"column":27},"end":{"line":73,"column":64}},"type":"binary-expr","locations":[{"start":{"line":73,"column":27},"end":{"line":73,"column":58}},{"start":{"line":73,"column":62},"end":{"line":73,"column":64}}]},"2":{"loc":{"start":{"line":74,"column":4},"end":{"line":77,"column":5}},"type":"if","locations":[{"start":{"line":74,"column":4},"end":{"line":77,"column":5}}]},"3":{"loc":{"start":{"line":81,"column":4},"end":{"line":84,"column":5}},"type":"if","locations":[{"start":{"line":81,"column":4},"end":{"line":84,"column":5}}]},"4":{"loc":{"start":{"line":81,"column":8},"end":{"line":81,"column":63}},"type":"binary-expr","locations":[{"start":{"line":81,"column":8},"end":{"line":81,"column":36}},{"start":{"line":81,"column":40},"end":{"line":81,"column":63}}]},"5":{"loc":{"start":{"line":89,"column":36},"end":{"line":89,"column":81}},"type":"binary-expr","locations":[{"start":{"line":89,"column":36},"end":{"line":89,"column":58}},{"start":{"line":89,"column":62},"end":{"line":89,"column":81}}]},"6":{"loc":{"start":{"line":91,"column":4},"end":{"line":94,"column":5}},"type":"if","locations":[{"start":{"line":91,"column":4},"end":{"line":94,"column":5}}]},"7":{"loc":{"start":{"line":103,"column":11},"end":{"line":103,"column":56}},"type":"cond-expr","locations":[{"start":{"line":103,"column":50},"end":{"line":103,"column":54}},{"start":{"line":103,"column":54},"end":{"line":103,"column":56}}]},"8":{"loc":{"start":{"line":103,"column":11},"end":{"line":103,"column":54}},"type":"binary-expr","locations":[{"start":{"line":103,"column":11},"end":{"line":103,"column":54}},{"start":{"line":103,"column":50},"end":{"line":103,"column":54}}]},"9":{"loc":{"start":{"line":122,"column":4},"end":{"line":125,"column":5}},"type":"if","locations":[{"start":{"line":122,"column":4},"end":{"line":125,"column":5}}]},"10":{"loc":{"start":{"line":122,"column":8},"end":{"line":122,"column":69}},"type":"binary-expr","locations":[{"start":{"line":122,"column":8},"end":{"line":122,"column":32}},{"start":{"line":122,"column":36},"end":{"line":122,"column":69}}]},"11":{"loc":{"start":{"line":127,"column":4},"end":{"line":130,"column":5}},"type":"if","locations":[{"start":{"line":127,"column":4},"end":{"line":130,"column":5}}]},"12":{"loc":{"start":{"line":136,"column":11},"end":{"line":136,"column":36}},"type":"default-arg","locations":[{"start":{"line":136,"column":34},"end":{"line":136,"column":36}}]},"13":{"loc":{"start":{"line":140,"column":26},"end":{"line":140,"column":96}},"type":"cond-expr","locations":[{"start":{"line":140,"column":67},"end":{"line":140,"column":91}},{"start":{"line":140,"column":94},"end":{"line":140,"column":96}}]},"14":{"loc":{"start":{"line":140,"column":33},"end":{"line":140,"column":51}},"type":"cond-expr","locations":[{"start":{"line":140,"column":40},"end":{"line":140,"column":42}},{"start":{"line":140,"column":33},"end":{"line":140,"column":51}}]},"15":{"loc":{"start":{"line":140,"column":33},"end":{"line":140,"column":42}},"type":"binary-expr","locations":[{"start":{"line":140,"column":33},"end":{"line":140,"column":42}},{"start":{"line":140,"column":33},"end":{"line":140,"column":42}}]},"16":{"loc":{"start":{"line":141,"column":21},"end":{"line":141,"column":68}},"type":"cond-expr","locations":[{"start":{"line":141,"column":37},"end":{"line":141,"column":63}},{"start":{"line":141,"column":66},"end":{"line":141,"column":68}}]},"17":{"loc":{"start":{"line":144,"column":12},"end":{"line":144,"column":35}},"type":"binary-expr","locations":[{"start":{"line":144,"column":12},"end":{"line":144,"column":20}},{"start":{"line":144,"column":24},"end":{"line":144,"column":35}}]},"18":{"loc":{"start":{"line":181,"column":8},"end":{"line":184,"column":9}},"type":"if","locations":[{"start":{"line":181,"column":8},"end":{"line":184,"column":9}}]},"19":{"loc":{"start":{"line":194,"column":6},"end":{"line":194,"column":71}},"type":"if","locations":[{"start":{"line":194,"column":6},"end":{"line":194,"column":71}}]},"20":{"loc":{"start":{"line":198,"column":6},"end":{"line":198,"column":65}},"type":"if","locations":[{"start":{"line":198,"column":6},"end":{"line":198,"column":65}}]},"21":{"loc":{"start":{"line":202,"column":6},"end":{"line":202,"column":66}},"type":"if","locations":[{"start":{"line":202,"column":6},"end":{"line":202,"column":66}}]},"22":{"loc":{"start":{"line":206,"column":6},"end":{"line":206,"column":67}},"type":"if","locations":[{"start":{"line":206,"column":6},"end":{"line":206,"column":67}}]},"23":{"loc":{"start":{"line":210,"column":6},"end":{"line":210,"column":66}},"type":"if","locations":[{"start":{"line":210,"column":6},"end":{"line":210,"column":66}}]},"24":{"loc":{"start":{"line":214,"column":6},"end":{"line":214,"column":67}},"type":"if","locations":[{"start":{"line":214,"column":6},"end":{"line":214,"column":67}}]},"25":{"loc":{"start":{"line":218,"column":6},"end":{"line":218,"column":67}},"type":"if","locations":[{"start":{"line":218,"column":6},"end":{"line":218,"column":67}}]},"26":{"loc":{"start":{"line":233,"column":4},"end":{"line":233,"column":43}},"type":"if","locations":[{"start":{"line":233,"column":4},"end":{"line":233,"column":43}}]},"27":{"loc":{"start":{"line":241,"column":30},"end":{"line":241,"column":53}},"type":"cond-expr","locations":[{"start":{"line":241,"column":45},"end":{"line":241,"column":47}},{"start":{"line":241,"column":45},"end":{"line":241,"column":53}}]},"28":{"loc":{"start":{"line":241,"column":30},"end":{"line":241,"column":47}},"type":"binary-expr","locations":[{"start":{"line":241,"column":30},"end":{"line":241,"column":47}},{"start":{"line":241,"column":45},"end":{"line":241,"column":47}}]},"29":{"loc":{"start":{"line":242,"column":4},"end":{"line":244,"column":5}},"type":"if","locations":[{"start":{"line":242,"column":4},"end":{"line":244,"column":5}}]},"30":{"loc":{"start":{"line":242,"column":8},"end":{"line":242,"column":74}},"type":"binary-expr","locations":[{"start":{"line":242,"column":8},"end":{"line":242,"column":33}},{"start":{"line":242,"column":37},"end":{"line":242,"column":74}}]},"31":{"loc":{"start":{"line":247,"column":4},"end":{"line":257,"column":5}},"type":"if","locations":[{"start":{"line":247,"column":4},"end":{"line":257,"column":5}}]},"32":{"loc":{"start":{"line":249,"column":21},"end":{"line":249,"column":44}},"type":"cond-expr","locations":[{"start":{"line":249,"column":36},"end":{"line":249,"column":38}},{"start":{"line":249,"column":36},"end":{"line":249,"column":44}}]},"33":{"loc":{"start":{"line":249,"column":21},"end":{"line":249,"column":38}},"type":"binary-expr","locations":[{"start":{"line":249,"column":21},"end":{"line":249,"column":38}},{"start":{"line":249,"column":36},"end":{"line":249,"column":38}}]},"34":{"loc":{"start":{"line":250,"column":6},"end":{"line":256,"column":7}},"type":"if","locations":[{"start":{"line":250,"column":6},"end":{"line":256,"column":7}}]},"35":{"loc":{"start":{"line":250,"column":10},"end":{"line":250,"column":54}},"type":"binary-expr","locations":[{"start":{"line":250,"column":10},"end":{"line":250,"column":24}},{"start":{"line":250,"column":28},"end":{"line":250,"column":54}}]},"36":{"loc":{"start":{"line":251,"column":8},"end":{"line":254,"column":9}},"type":"if","locations":[{"start":{"line":251,"column":8},"end":{"line":254,"column":9}}]},"37":{"loc":{"start":{"line":261,"column":4},"end":{"line":263,"column":5}},"type":"if","locations":[{"start":{"line":261,"column":4},"end":{"line":263,"column":5}}]},"38":{"loc":{"start":{"line":289,"column":6},"end":{"line":291,"column":7}},"type":"if","locations":[{"start":{"line":289,"column":6},"end":{"line":291,"column":7}}]},"39":{"loc":{"start":{"line":289,"column":10},"end":{"line":289,"column":32}},"type":"binary-expr","locations":[{"start":{"line":289,"column":10},"end":{"line":289,"column":22}},{"start":{"line":289,"column":26},"end":{"line":289,"column":32}}]},"40":{"loc":{"start":{"line":321,"column":4},"end":{"line":321,"column":57}},"type":"if","locations":[{"start":{"line":321,"column":4},"end":{"line":321,"column":57}}]},"41":{"loc":{"start":{"line":324,"column":4},"end":{"line":324,"column":38}},"type":"cond-expr","locations":[{"start":{"line":324,"column":26},"end":{"line":324,"column":28}},{"start":{"line":324,"column":26},"end":{"line":324,"column":38}}]},"42":{"loc":{"start":{"line":324,"column":4},"end":{"line":324,"column":28}},"type":"binary-expr","locations":[{"start":{"line":324,"column":4},"end":{"line":324,"column":28}},{"start":{"line":324,"column":26},"end":{"line":324,"column":28}}]},"43":{"loc":{"start":{"line":325,"column":4},"end":{"line":325,"column":32}},"type":"cond-expr","locations":[{"start":{"line":325,"column":20},"end":{"line":325,"column":22}},{"start":{"line":325,"column":20},"end":{"line":325,"column":32}}]},"44":{"loc":{"start":{"line":325,"column":4},"end":{"line":325,"column":22}},"type":"binary-expr","locations":[{"start":{"line":325,"column":4},"end":{"line":325,"column":22}},{"start":{"line":325,"column":20},"end":{"line":325,"column":22}}]},"45":{"loc":{"start":{"line":326,"column":4},"end":{"line":326,"column":32}},"type":"cond-expr","locations":[{"start":{"line":326,"column":20},"end":{"line":326,"column":22}},{"start":{"line":326,"column":20},"end":{"line":326,"column":32}}]},"46":{"loc":{"start":{"line":326,"column":4},"end":{"line":326,"column":22}},"type":"binary-expr","locations":[{"start":{"line":326,"column":4},"end":{"line":326,"column":22}},{"start":{"line":326,"column":20},"end":{"line":326,"column":22}}]},"47":{"loc":{"start":{"line":327,"column":4},"end":{"line":327,"column":35}},"type":"cond-expr","locations":[{"start":{"line":327,"column":23},"end":{"line":327,"column":25}},{"start":{"line":327,"column":23},"end":{"line":327,"column":35}}]},"48":{"loc":{"start":{"line":327,"column":4},"end":{"line":327,"column":25}},"type":"binary-expr","locations":[{"start":{"line":327,"column":4},"end":{"line":327,"column":25}},{"start":{"line":327,"column":23},"end":{"line":327,"column":25}}]},"49":{"loc":{"start":{"line":330,"column":4},"end":{"line":333,"column":5}},"type":"if","locations":[{"start":{"line":330,"column":4},"end":{"line":333,"column":5}}]}},"s":{"0":6,"1":6,"2":6,"3":6,"4":6,"5":6,"6":6,"7":6,"8":6,"9":6,"10":6,"11":4,"12":4,"13":4,"14":4,"15":4,"16":4,"17":4,"18":4,"19":4,"20":4,"21":4,"22":5,"23":5,"24":4,"25":4,"26":3,"27":3,"28":3,"29":3,"30":5,"31":5,"32":1,"33":1,"34":4,"35":4,"36":2,"37":2,"38":2,"39":2,"40":2,"41":1,"42":1,"43":1,"44":2,"45":9,"46":9,"47":1,"48":1,"49":8,"50":1,"51":1,"52":7,"53":7,"54":14,"55":14,"56":14,"57":14,"58":14,"59":14,"60":14,"61":14,"62":14,"63":14,"64":14,"65":14,"66":14,"67":14,"68":2,"69":2,"70":2,"71":1,"72":1,"73":14,"74":14,"75":14,"76":1,"77":0,"78":1,"79":14,"80":2,"81":1,"82":1,"83":14,"84":2,"85":1,"86":1,"87":14,"88":1,"89":0,"90":1,"91":14,"92":1,"93":0,"94":1,"95":14,"96":1,"97":0,"98":1,"99":14,"100":1,"101":0,"102":1,"103":14,"104":1,"105":1,"106":1,"107":2,"108":1,"109":2,"110":4,"111":4,"112":4,"113":4,"114":4,"115":3,"116":3,"117":3,"118":3,"119":1,"120":1,"121":2,"122":3,"123":3,"124":1,"125":3,"126":3,"127":3,"128":1,"129":1,"130":3,"131":5,"132":3,"133":4,"134":1,"135":3,"136":3,"137":0,"138":1,"139":3,"140":1,"141":8,"142":8,"143":1,"144":8,"145":8,"146":8,"147":8,"148":8,"149":6,"150":6,"151":6},"f":{"0":4,"1":4,"2":3,"3":5,"4":2,"5":2,"6":1,"7":9,"8":14,"9":2,"10":2,"11":1,"12":2,"13":2,"14":1,"15":1,"16":1,"17":1,"18":1,"19":2,"20":4,"21":3,"22":1,"23":1,"24":3,"25":0,"26":1,"27":1,"28":8},"b":{"0":[2,3],"1":[5,1],"2":[1],"3":[2],"4":[4,3],"5":[2,2],"6":[1],"7":[1,1],"8":[2,1],"9":[1],"10":[9,2],"11":[1],"12":[0],"13":[1,13],"14":[0,14],"15":[14,14],"16":[1,13],"17":[14,13],"18":[1],"19":[0],"20":[1],"21":[1],"22":[0],"23":[0],"24":[0],"25":[0],"26":[1],"27":[0,4],"28":[4,4],"29":[4],"30":[4,4],"31":[3],"32":[0,3],"33":[3,3],"34":[3],"35":[3,3],"36":[1],"37":[1],"38":[1],"39":[4,1],"40":[1],"41":[1,7],"42":[8,8],"43":[1,7],"44":[8,8],"45":[1,7],"46":[8,8],"47":[1,7],"48":[8,8],"49":[6]}}
,"C:\\project-chiribito-test-backend\\Chiri-backend\\src\\rooms\\close-codes.ts": {"path":"C:\\project-chiribito-test-backend\\Chiri-backend\\src\\rooms\\close-codes.ts","statementMap":{"0":{"start":{"line":5,"column":13},"end":{"line":5,"column":44}},"1":{"start":{"line":6,"column":13},"end":{"line":6,"column":41}},"2":{"start":{"line":8,"column":13},"end":{"line":8,"column":36}}},"fnMap":{},"branchMap":{},"s":{"0":7,"1":7,"2":7},"f":{},"b":{}}
,"C:\\project-chiribito-test-backend\\Chiri-backend\\src\\rooms\\game\\GameEngine.ts": {"path":"C:\\project-chiribito-test-backend\\Chiri-backend\\src\\rooms\\game\\GameEngine.ts","statementMap":{"0":{"start":{"line":9,"column":0},"end":{"line":9,"column":54}},"1":{"start":{"line":10,"column":0},"end":{"line":10,"column":66}},"2":{"start":{"line":11,"column":0},"end":{"line":11,"column":41}},"3":{"start":{"line":12,"column":0},"end":{"line":12,"column":null}},"4":{"start":{"line":29,"column":22},"end":{"line":29,"column":37}},"5":{"start":{"line":21,"column":10},"end":{"line":21,"column":56}},"6":{"start":{"line":22,"column":10},"end":{"line":22,"column":37}},"7":{"start":{"line":30,"column":4},"end":{"line":30,"column":37}},"8":{"start":{"line":31,"column":4},"end":{"line":31,"column":49}},"9":{"start":{"line":32,"column":4},"end":{"line":32,"column":47}},"10":{"start":{"line":33,"column":4},"end":{"line":33,"column":49}},"11":{"start":{"line":34,"column":4},"end":{"line":34,"column":59}},"12":{"start":{"line":41,"column":4},"end":{"line":44,"column":5}},"13":{"start":{"line":42,"column":6},"end":{"line":42,"column":68}},"14":{"start":{"line":43,"column":6},"end":{"line":43,"column":13}},"15":{"start":{"line":46,"column":26},"end":{"line":46,"column":93}},"16":{"start":{"line":46,"column":81},"end":{"line":46,"column":92}},"17":{"start":{"line":48,"column":4},"end":{"line":54,"column":5}},"18":{"start":{"line":49,"column":18},"end":{"line":51,"column":55}},"19":{"start":{"line":52,"column":6},"end":{"line":52,"column":45}},"20":{"start":{"line":53,"column":6},"end":{"line":53,"column":13}},"21":{"start":{"line":57,"column":4},"end":{"line":57,"column":40}},"22":{"start":{"line":58,"column":4},"end":{"line":58,"column":24}},"23":{"start":{"line":62,"column":29},"end":{"line":62,"column":96}},"24":{"start":{"line":62,"column":84},"end":{"line":62,"column":95}},"25":{"start":{"line":63,"column":4},"end":{"line":70,"column":5}},"26":{"start":{"line":64,"column":6},"end":{"line":64,"column":43}},"27":{"start":{"line":65,"column":6},"end":{"line":68,"column":9}},"28":{"start":{"line":69,"column":6},"end":{"line":69,"column":13}},"29":{"start":{"line":74,"column":4},"end":{"line":74,"column":36}},"30":{"start":{"line":76,"column":4},"end":{"line":76,"column":67}},"31":{"start":{"line":78,"column":4},"end":{"line":78,"column":62}},"32":{"start":{"line":79,"column":4},"end":{"line":79,"column":41}},"33":{"start":{"line":80,"column":4},"end":{"line":80,"column":44}},"34":{"start":{"line":82,"column":4},"end":{"line":82,"column":92}},"35":{"start":{"line":84,"column":4},"end":{"line":87,"column":5}},"36":{"start":{"line":85,"column":6},"end":{"line":85,"column":43}},"37":{"start":{"line":86,"column":6},"end":{"line":86,"column":13}},"38":{"start":{"line":89,"column":4},"end":{"line":89,"column":88}},"39":{"start":{"line":90,"column":4},"end":{"line":90,"column":29}},"40":{"start":{"line":91,"column":4},"end":{"line":91,"column":26}},"41":{"start":{"line":95,"column":4},"end":{"line":95,"column":42}},"42":{"start":{"line":99,"column":4},"end":{"line":102,"column":7}},"43":{"start":{"line":104,"column":4},"end":{"line":104,"column":42}},"44":{"start":{"line":108,"column":29},"end":{"line":108,"column":67}},"45":{"start":{"line":109,"column":27},"end":{"line":112,"column":13}},"46":{"start":{"line":110,"column":16},"end":{"line":110,"column":45}},"47":{"start":{"line":111,"column":6},"end":{"line":111,"column":38}},"48":{"start":{"line":114,"column":6},"end":{"line":114,"column":56}},"49":{"start":{"line":116,"column":4},"end":{"line":122,"column":5}},"50":{"start":{"line":117,"column":6},"end":{"line":119,"column":9}},"51":{"start":{"line":120,"column":6},"end":{"line":120,"column":38}},"52":{"start":{"line":121,"column":6},"end":{"line":121,"column":13}},"53":{"start":{"line":125,"column":4},"end":{"line":132,"column":5}},"54":{"start":{"line":126,"column":6},"end":{"line":129,"column":9}},"55":{"start":{"line":130,"column":6},"end":{"line":130,"column":62}},"56":{"start":{"line":131,"column":6},"end":{"line":131,"column":13}},"57":{"start":{"line":135,"column":4},"end":{"line":138,"column":5}},"58":{"start":{"line":136,"column":6},"end":{"line":136,"column":33}},"59":{"start":{"line":137,"column":6},"end":{"line":137,"column":13}},"60":{"start":{"line":141,"column":4},"end":{"line":141,"column":46}},"61":{"start":{"line":142,"column":4},"end":{"line":142,"column":92}},"62":{"start":{"line":146,"column":28},"end":{"line":146,"column":59}},"63":{"start":{"line":147,"column":4},"end":{"line":153,"column":5}},"64":{"start":{"line":148,"column":28},"end":{"line":148,"column":46}},"65":{"start":{"line":149,"column":18},"end":{"line":149,"column":64}},"66":{"start":{"line":150,"column":6},"end":{"line":152,"column":7}},"67":{"start":{"line":151,"column":8},"end":{"line":151,"column":43}},"68":{"start":{"line":155,"column":4},"end":{"line":158,"column":5}},"69":{"start":{"line":156,"column":6},"end":{"line":156,"column":32}},"70":{"start":{"line":157,"column":6},"end":{"line":157,"column":13}},"71":{"start":{"line":160,"column":4},"end":{"line":160,"column":88}},"72":{"start":{"line":161,"column":4},"end":{"line":161,"column":29}},"73":{"start":{"line":162,"column":4},"end":{"line":162,"column":26}},"74":{"start":{"line":168,"column":23},"end":{"line":168,"column":62}},"75":{"start":{"line":169,"column":4},"end":{"line":169,"column":34}},"76":{"start":{"line":169,"column":27},"end":{"line":169,"column":34}},"77":{"start":{"line":171,"column":19},"end":{"line":171,"column":63}},"78":{"start":{"line":172,"column":27},"end":{"line":172,"column":53}},"79":{"start":{"line":174,"column":23},"end":{"line":174,"column":80}},"80":{"start":{"line":175,"column":4},"end":{"line":175,"column":46}},"81":{"start":{"line":176,"column":4},"end":{"line":176,"column":50}},"82":{"start":{"line":180,"column":4},"end":{"line":180,"column":65}},"83":{"start":{"line":180,"column":58},"end":{"line":180,"column":65}},"84":{"start":{"line":182,"column":19},"end":{"line":182,"column":62}},"85":{"start":{"line":183,"column":4},"end":{"line":183,"column":43}},"86":{"start":{"line":183,"column":36},"end":{"line":183,"column":43}},"87":{"start":{"line":185,"column":24},"end":{"line":185,"column":70}},"88":{"start":{"line":186,"column":4},"end":{"line":189,"column":5}},"89":{"start":{"line":187,"column":6},"end":{"line":187,"column":67}},"90":{"start":{"line":187,"column":51},"end":{"line":187,"column":65}},"91":{"start":{"line":188,"column":6},"end":{"line":188,"column":13}},"92":{"start":{"line":191,"column":23},"end":{"line":191,"column":58}},"93":{"start":{"line":192,"column":4},"end":{"line":192,"column":31}},"94":{"start":{"line":193,"column":4},"end":{"line":193,"column":36}},"95":{"start":{"line":194,"column":4},"end":{"line":194,"column":78}},"96":{"start":{"line":196,"column":4},"end":{"line":196,"column":58}},"97":{"start":{"line":198,"column":4},"end":{"line":203,"column":7}},"98":{"start":{"line":205,"column":4},"end":{"line":207,"column":5}},"99":{"start":{"line":206,"column":6},"end":{"line":206,"column":51}},"100":{"start":{"line":209,"column":4},"end":{"line":209,"column":19}},"101":{"start":{"line":213,"column":4},"end":{"line":213,"column":65}},"102":{"start":{"line":213,"column":49},"end":{"line":213,"column":63}},"103":{"start":{"line":217,"column":4},"end":{"line":217,"column":65}},"104":{"start":{"line":217,"column":58},"end":{"line":217,"column":65}},"105":{"start":{"line":219,"column":19},"end":{"line":219,"column":62}},"106":{"start":{"line":220,"column":4},"end":{"line":220,"column":43}},"107":{"start":{"line":220,"column":36},"end":{"line":220,"column":43}},"108":{"start":{"line":222,"column":24},"end":{"line":222,"column":65}},"109":{"start":{"line":223,"column":4},"end":{"line":223,"column":40}},"110":{"start":{"line":227,"column":4},"end":{"line":227,"column":64}},"111":{"start":{"line":231,"column":4},"end":{"line":237,"column":7}},"112":{"start":{"line":232,"column":6},"end":{"line":236,"column":7}},"113":{"start":{"line":233,"column":8},"end":{"line":233,"column":69}},"114":{"start":{"line":235,"column":8},"end":{"line":235,"column":23}},"115":{"start":{"line":241,"column":4},"end":{"line":247,"column":7}},"116":{"start":{"line":242,"column":6},"end":{"line":246,"column":7}},"117":{"start":{"line":243,"column":8},"end":{"line":243,"column":69}},"118":{"start":{"line":245,"column":8},"end":{"line":245,"column":23}},"119":{"start":{"line":253,"column":26},"end":{"line":253,"column":57}},"120":{"start":{"line":254,"column":36},"end":{"line":256,"column":12}},"121":{"start":{"line":255,"column":6},"end":{"line":255,"column":45}},"122":{"start":{"line":258,"column":4},"end":{"line":261,"column":7}},"123":{"start":{"line":264,"column":4},"end":{"line":267,"column":5}},"124":{"start":{"line":265,"column":6},"end":{"line":265,"column":32}},"125":{"start":{"line":266,"column":6},"end":{"line":266,"column":13}},"126":{"start":{"line":270,"column":4},"end":{"line":270,"column":99}},"127":{"start":{"line":272,"column":4},"end":{"line":278,"column":5}},"128":{"start":{"line":273,"column":24},"end":{"line":273,"column":90}},"129":{"start":{"line":273,"column":49},"end":{"line":273,"column":89}},"130":{"start":{"line":274,"column":6},"end":{"line":277,"column":7}},"131":{"start":{"line":275,"column":20},"end":{"line":275,"column":62}},"132":{"start":{"line":276,"column":8},"end":{"line":276,"column":59}},"133":{"start":{"line":276,"column":24},"end":{"line":276,"column":59}},"134":{"start":{"line":280,"column":4},"end":{"line":283,"column":5}},"135":{"start":{"line":281,"column":6},"end":{"line":281,"column":32}},"136":{"start":{"line":282,"column":6},"end":{"line":282,"column":13}},"137":{"start":{"line":285,"column":4},"end":{"line":285,"column":88}},"138":{"start":{"line":286,"column":4},"end":{"line":286,"column":26}},"139":{"start":{"line":290,"column":4},"end":{"line":290,"column":67}},"140":{"start":{"line":290,"column":31},"end":{"line":290,"column":67}},"141":{"start":{"line":292,"column":22},"end":{"line":292,"column":32}},"142":{"start":{"line":293,"column":22},"end":{"line":293,"column":34}},"143":{"start":{"line":295,"column":4},"end":{"line":300,"column":7}},"144":{"start":{"line":302,"column":4},"end":{"line":304,"column":18}},"145":{"start":{"line":303,"column":6},"end":{"line":303,"column":61}},"146":{"start":{"line":310,"column":4},"end":{"line":310,"column":67}},"147":{"start":{"line":310,"column":31},"end":{"line":310,"column":67}},"148":{"start":{"line":312,"column":4},"end":{"line":312,"column":41}},"149":{"start":{"line":314,"column":26},"end":{"line":316,"column":null}},"150":{"start":{"line":319,"column":4},"end":{"line":322,"column":7}},"151":{"start":{"line":320,"column":21},"end":{"line":320,"column":63}},"152":{"start":{"line":321,"column":6},"end":{"line":321,"column":48}},"153":{"start":{"line":321,"column":18},"end":{"line":321,"column":48}},"154":{"start":{"line":324,"column":50},"end":{"line":324,"column":52}},"155":{"start":{"line":325,"column":4},"end":{"line":327,"column":5}},"156":{"start":{"line":326,"column":6},"end":{"line":326,"column":46}},"157":{"start":{"line":329,"column":4},"end":{"line":335,"column":7}},"158":{"start":{"line":337,"column":4},"end":{"line":337,"column":100}},"159":{"start":{"line":340,"column":4},"end":{"line":342,"column":5}},"160":{"start":{"line":341,"column":6},"end":{"line":341,"column":49}},"161":{"start":{"line":345,"column":4},"end":{"line":345,"column":24}},"162":{"start":{"line":348,"column":40},"end":{"line":348,"column":107}},"163":{"start":{"line":348,"column":95},"end":{"line":348,"column":106}},"164":{"start":{"line":349,"column":4},"end":{"line":352,"column":5}},"165":{"start":{"line":350,"column":6},"end":{"line":350,"column":42}},"166":{"start":{"line":351,"column":6},"end":{"line":351,"column":26}},"167":{"start":{"line":356,"column":19},"end":{"line":356,"column":61}},"168":{"start":{"line":357,"column":4},"end":{"line":357,"column":71}},"169":{"start":{"line":366,"column":4},"end":{"line":369,"column":5}},"170":{"start":{"line":367,"column":6},"end":{"line":367,"column":42}},"171":{"start":{"line":368,"column":6},"end":{"line":368,"column":35}},"172":{"start":{"line":371,"column":4},"end":{"line":371,"column":37}},"173":{"start":{"line":373,"column":4},"end":{"line":376,"column":5}},"174":{"start":{"line":374,"column":6},"end":{"line":374,"column":37}},"175":{"start":{"line":375,"column":6},"end":{"line":375,"column":13}},"176":{"start":{"line":378,"column":23},"end":{"line":398,"column":5}},"177":{"start":{"line":379,"column":6},"end":{"line":382,"column":7}},"178":{"start":{"line":380,"column":8},"end":{"line":380,"column":39}},"179":{"start":{"line":381,"column":8},"end":{"line":381,"column":15}},"180":{"start":{"line":383,"column":6},"end":{"line":383,"column":48}},"181":{"start":{"line":384,"column":20},"end":{"line":384,"column":60}},"182":{"start":{"line":385,"column":24},"end":{"line":385,"column":40}},"183":{"start":{"line":386,"column":6},"end":{"line":392,"column":7}},"184":{"start":{"line":387,"column":8},"end":{"line":391,"column":11}},"185":{"start":{"line":393,"column":6},"end":{"line":397,"column":7}},"186":{"start":{"line":394,"column":8},"end":{"line":394,"column":95}},"187":{"start":{"line":394,"column":40},"end":{"line":394,"column":70}},"188":{"start":{"line":396,"column":8},"end":{"line":396,"column":69}},"189":{"start":{"line":400,"column":4},"end":{"line":400,"column":65}},"190":{"start":{"line":407,"column":26},"end":{"line":407,"column":93}},"191":{"start":{"line":407,"column":81},"end":{"line":407,"column":92}},"192":{"start":{"line":408,"column":4},"end":{"line":408,"column":43}},"193":{"start":{"line":408,"column":36},"end":{"line":408,"column":43}},"194":{"start":{"line":410,"column":4},"end":{"line":410,"column":40}},"195":{"start":{"line":410,"column":33},"end":{"line":410,"column":40}},"196":{"start":{"line":412,"column":19},"end":{"line":412,"column":35}},"197":{"start":{"line":413,"column":4},"end":{"line":418,"column":7}},"198":{"start":{"line":420,"column":4},"end":{"line":426,"column":7}},"199":{"start":{"line":427,"column":4},"end":{"line":427,"column":35}},"200":{"start":{"line":429,"column":4},"end":{"line":433,"column":7}},"201":{"start":{"line":440,"column":4},"end":{"line":440,"column":24}},"202":{"start":{"line":446,"column":4},"end":{"line":446,"column":82}},"203":{"start":{"line":446,"column":58},"end":{"line":446,"column":82}},"204":{"start":{"line":448,"column":19},"end":{"line":448,"column":62}},"205":{"start":{"line":449,"column":4},"end":{"line":449,"column":60}},"206":{"start":{"line":449,"column":36},"end":{"line":449,"column":60}},"207":{"start":{"line":451,"column":4},"end":{"line":455,"column":7}},"208":{"start":{"line":457,"column":4},"end":{"line":462,"column":5}},"209":{"start":{"line":458,"column":6},"end":{"line":460,"column":9}},"210":{"start":{"line":461,"column":6},"end":{"line":461,"column":30}},"211":{"start":{"line":464,"column":4},"end":{"line":464,"column":27}},"212":{"start":{"line":472,"column":22},"end":{"line":475,"column":80}},"213":{"start":{"line":473,"column":20},"end":{"line":473,"column":43}},"214":{"start":{"line":474,"column":17},"end":{"line":474,"column":46}},"215":{"start":{"line":475,"column":52},"end":{"line":475,"column":79}},"216":{"start":{"line":477,"column":27},"end":{"line":479,"column":16}},"217":{"start":{"line":478,"column":40},"end":{"line":478,"column":64}},"218":{"start":{"line":481,"column":25},"end":{"line":481,"column":57}},"219":{"start":{"line":482,"column":24},"end":{"line":482,"column":56}},"220":{"start":{"line":483,"column":29},"end":{"line":483,"column":64}},"221":{"start":{"line":484,"column":27},"end":{"line":484,"column":63}},"222":{"start":{"line":486,"column":20},"end":{"line":486,"column":73}},"223":{"start":{"line":487,"column":20},"end":{"line":487,"column":51}},"224":{"start":{"line":489,"column":4},"end":{"line":496,"column":6}},"225":{"start":{"line":500,"column":67},"end":{"line":500,"column":77}},"226":{"start":{"line":502,"column":4},"end":{"line":502,"column":37}},"227":{"start":{"line":503,"column":4},"end":{"line":503,"column":42}},"228":{"start":{"line":504,"column":4},"end":{"line":504,"column":84}},"229":{"start":{"line":506,"column":4},"end":{"line":508,"column":5}},"230":{"start":{"line":507,"column":6},"end":{"line":507,"column":51}},"231":{"start":{"line":510,"column":4},"end":{"line":514,"column":5}},"232":{"start":{"line":511,"column":6},"end":{"line":511,"column":50}},"233":{"start":{"line":512,"column":6},"end":{"line":512,"column":52}},"234":{"start":{"line":513,"column":6},"end":{"line":513,"column":46}},"235":{"start":{"line":516,"column":4},"end":{"line":516,"column":58}},"236":{"start":{"line":520,"column":51},"end":{"line":520,"column":61}},"237":{"start":{"line":522,"column":4},"end":{"line":527,"column":7}},"238":{"start":{"line":529,"column":4},"end":{"line":529,"column":19}},"239":{"start":{"line":535,"column":4},"end":{"line":535,"column":64}},"240":{"start":{"line":539,"column":4},"end":{"line":539,"column":47}},"241":{"start":{"line":20,"column":0},"end":{"line":20,"column":13}}},"fnMap":{"0":{"name":"(anonymous_1)","decl":{"start":{"line":29,"column":2},"end":{"line":29,"column":22}},"loc":{"start":{"line":29,"column":37},"end":{"line":35,"column":3}}},"1":{"name":"(anonymous_2)","decl":{"start":{"line":39,"column":2},"end":{"line":39,"column":17}},"loc":{"start":{"line":39,"column":32},"end":{"line":59,"column":3}}},"2":{"name":"(anonymous_3)","decl":{"start":{"line":46,"column":76},"end":{"line":46,"column":77}},"loc":{"start":{"line":46,"column":81},"end":{"line":46,"column":92}}},"3":{"name":"(anonymous_4)","decl":{"start":{"line":61,"column":2},"end":{"line":61,"column":14}},"loc":{"start":{"line":61,"column":14},"end":{"line":92,"column":3}}},"4":{"name":"(anonymous_5)","decl":{"start":{"line":62,"column":79},"end":{"line":62,"column":80}},"loc":{"start":{"line":62,"column":84},"end":{"line":62,"column":95}}},"5":{"name":"(anonymous_6)","decl":{"start":{"line":94,"column":2},"end":{"line":94,"column":19}},"loc":{"start":{"line":94,"column":19},"end":{"line":96,"column":3}}},"6":{"name":"(anonymous_7)","decl":{"start":{"line":98,"column":2},"end":{"line":98,"column":20}},"loc":{"start":{"line":98,"column":20},"end":{"line":163,"column":3}}},"7":{"name":"(anonymous_8)","decl":{"start":{"line":109,"column":51},"end":{"line":109,"column":53}},"loc":{"start":{"line":109,"column":56},"end":{"line":112,"column":5}}},"8":{"name":"(anonymous_9)","decl":{"start":{"line":167,"column":2},"end":{"line":167,"column":11}},"loc":{"start":{"line":167,"column":42},"end":{"line":177,"column":3}}},"9":{"name":"(anonymous_10)","decl":{"start":{"line":179,"column":2},"end":{"line":179,"column":12}},"loc":{"start":{"line":179,"column":27},"end":{"line":210,"column":3}}},"10":{"name":"(anonymous_11)","decl":{"start":{"line":187,"column":45},"end":{"line":187,"column":48}},"loc":{"start":{"line":187,"column":51},"end":{"line":187,"column":65}}},"11":{"name":"(anonymous_12)","decl":{"start":{"line":212,"column":2},"end":{"line":212,"column":13}},"loc":{"start":{"line":212,"column":28},"end":{"line":214,"column":3}}},"12":{"name":"(anonymous_13)","decl":{"start":{"line":213,"column":43},"end":{"line":213,"column":46}},"loc":{"start":{"line":213,"column":49},"end":{"line":213,"column":63}}},"13":{"name":"(anonymous_14)","decl":{"start":{"line":216,"column":2},"end":{"line":216,"column":13}},"loc":{"start":{"line":216,"column":28},"end":{"line":224,"column":3}}},"14":{"name":"(anonymous_15)","decl":{"start":{"line":226,"column":2},"end":{"line":226,"column":13}},"loc":{"start":{"line":226,"column":44},"end":{"line":228,"column":3}}},"15":{"name":"(anonymous_16)","decl":{"start":{"line":230,"column":2},"end":{"line":230,"column":12}},"loc":{"start":{"line":230,"column":27},"end":{"line":238,"column":3}}},"16":{"name":"(anonymous_17)","decl":{"start":{"line":231,"column":66},"end":{"line":231,"column":69}},"loc":{"start":{"line":231,"column":71},"end":{"line":237,"column":5}}},"17":{"name":"(anonymous_18)","decl":{"start":{"line":240,"column":2},"end":{"line":240,"column":22}},"loc":{"start":{"line":240,"column":40},"end":{"line":248,"column":3}}},"18":{"name":"(anonymous_19)","decl":{"start":{"line":241,"column":79},"end":{"line":241,"column":82}},"loc":{"start":{"line":241,"column":84},"end":{"line":247,"column":5}}},"19":{"name":"(anonymous_20)","decl":{"start":{"line":252,"column":2},"end":{"line":252,"column":9}},"loc":{"start":{"line":252,"column":9},"end":{"line":287,"column":3}}},"20":{"name":"(anonymous_21)","decl":{"start":{"line":254,"column":57},"end":{"line":254,"column":59}},"loc":{"start":{"line":255,"column":6},"end":{"line":255,"column":45}}},"21":{"name":"(anonymous_22)","decl":{"start":{"line":273,"column":43},"end":{"line":273,"column":45}},"loc":{"start":{"line":273,"column":49},"end":{"line":273,"column":89}}},"22":{"name":"(anonymous_23)","decl":{"start":{"line":289,"column":2},"end":{"line":289,"column":16}},"loc":{"start":{"line":289,"column":16},"end":{"line":305,"column":3}}},"23":{"name":"(anonymous_24)","decl":{"start":{"line":302,"column":39},"end":{"line":302,"column":42}},"loc":{"start":{"line":302,"column":44},"end":{"line":304,"column":5}}},"24":{"name":"(anonymous_25)","decl":{"start":{"line":309,"column":2},"end":{"line":309,"column":10}},"loc":{"start":{"line":309,"column":74},"end":{"line":353,"column":3}}},"25":{"name":"(anonymous_26)","decl":{"start":{"line":319,"column":26},"end":{"line":319,"column":32}},"loc":{"start":{"line":319,"column":35},"end":{"line":322,"column":5}}},"26":{"name":"(anonymous_27)","decl":{"start":{"line":348,"column":90},"end":{"line":348,"column":91}},"loc":{"start":{"line":348,"column":95},"end":{"line":348,"column":106}}},"27":{"name":"(anonymous_28)","decl":{"start":{"line":355,"column":10},"end":{"line":355,"column":29}},"loc":{"start":{"line":355,"column":53},"end":{"line":358,"column":3}}},"28":{"name":"(anonymous_29)","decl":{"start":{"line":364,"column":10},"end":{"line":364,"column":34}},"loc":{"start":{"line":364,"column":34},"end":{"line":401,"column":3}}},"29":{"name":"(anonymous_30)","decl":{"start":{"line":378,"column":23},"end":{"line":378,"column":32}},"loc":{"start":{"line":378,"column":34},"end":{"line":398,"column":5}}},"30":{"name":"(anonymous_31)","decl":{"start":{"line":394,"column":34},"end":{"line":394,"column":37}},"loc":{"start":{"line":394,"column":40},"end":{"line":394,"column":70}}},"31":{"name":"(anonymous_32)","decl":{"start":{"line":406,"column":10},"end":{"line":406,"column":22}},"loc":{"start":{"line":406,"column":22},"end":{"line":434,"column":3}}},"32":{"name":"(anonymous_33)","decl":{"start":{"line":407,"column":76},"end":{"line":407,"column":77}},"loc":{"start":{"line":407,"column":81},"end":{"line":407,"column":92}}},"33":{"name":"(anonymous_34)","decl":{"start":{"line":439,"column":2},"end":{"line":439,"column":12}},"loc":{"start":{"line":439,"column":12},"end":{"line":441,"column":3}}},"34":{"name":"(anonymous_35)","decl":{"start":{"line":445,"column":10},"end":{"line":445,"column":28}},"loc":{"start":{"line":445,"column":59},"end":{"line":465,"column":3}}},"35":{"name":"(anonymous_36)","decl":{"start":{"line":467,"column":10},"end":{"line":467,"column":30}},"loc":{"start":{"line":470,"column":26},"end":{"line":497,"column":3}}},"36":{"name":"(anonymous_37)","decl":{"start":{"line":473,"column":14},"end":{"line":473,"column":16}},"loc":{"start":{"line":473,"column":20},"end":{"line":473,"column":43}}},"37":{"name":"(anonymous_38)","decl":{"start":{"line":474,"column":11},"end":{"line":474,"column":13}},"loc":{"start":{"line":474,"column":17},"end":{"line":474,"column":46}}},"38":{"name":"(anonymous_39)","decl":{"start":{"line":475,"column":14},"end":{"line":475,"column":15}},"loc":{"start":{"line":475,"column":52},"end":{"line":475,"column":79}}},"39":{"name":"(anonymous_40)","decl":{"start":{"line":478,"column":34},"end":{"line":478,"column":36}},"loc":{"start":{"line":478,"column":40},"end":{"line":478,"column":64}}},"40":{"name":"(anonymous_41)","decl":{"start":{"line":499,"column":10},"end":{"line":499,"column":26}},"loc":{"start":{"line":499,"column":55},"end":{"line":517,"column":3}}},"41":{"name":"(anonymous_42)","decl":{"start":{"line":519,"column":10},"end":{"line":519,"column":30}},"loc":{"start":{"line":519,"column":59},"end":{"line":530,"column":3}}},"42":{"name":"(anonymous_43)","decl":{"start":{"line":534,"column":2},"end":{"line":534,"column":39}},"loc":{"start":{"line":534,"column":57},"end":{"line":536,"column":3}}},"43":{"name":"(anonymous_44)","decl":{"start":{"line":538,"column":10},"end":{"line":538,"column":23}},"loc":{"start":{"line":538,"column":41},"end":{"line":540,"column":3}}}},"branchMap":{"0":{"loc":{"start":{"line":41,"column":4},"end":{"line":44,"column":5}},"type":"if","locations":[{"start":{"line":41,"column":4},"end":{"line":44,"column":5}}]},"1":{"loc":{"start":{"line":48,"column":4},"end":{"line":54,"column":5}},"type":"if","locations":[{"start":{"line":48,"column":4},"end":{"line":54,"column":5}}]},"2":{"loc":{"start":{"line":49,"column":18},"end":{"line":51,"column":55}},"type":"cond-expr","locations":[{"start":{"line":50,"column":10},"end":{"line":50,"column":57}},{"start":{"line":51,"column":10},"end":{"line":51,"column":55}}]},"3":{"loc":{"start":{"line":63,"column":4},"end":{"line":70,"column":5}},"type":"if","locations":[{"start":{"line":63,"column":4},"end":{"line":70,"column":5}}]},"4":{"loc":{"start":{"line":84,"column":4},"end":{"line":87,"column":5}},"type":"if","locations":[{"start":{"line":84,"column":4},"end":{"line":87,"column":5}}]},"5":{"loc":{"start":{"line":111,"column":13},"end":{"line":111,"column":37}},"type":"binary-expr","locations":[{"start":{"line":111,"column":13},"end":{"line":111,"column":22}},{"start":{"line":111,"column":26},"end":{"line":111,"column":37}}]},"6":{"loc":{"start":{"line":114,"column":6},"end":{"line":114,"column":56}},"type":"binary-expr","locations":[{"start":{"line":114,"column":6},"end":{"line":114,"column":33}},{"start":{"line":114,"column":37},"end":{"line":114,"column":56}}]},"7":{"loc":{"start":{"line":116,"column":4},"end":{"line":122,"column":5}},"type":"if","locations":[{"start":{"line":116,"column":4},"end":{"line":122,"column":5}}]},"8":{"loc":{"start":{"line":125,"column":4},"end":{"line":132,"column":5}},"type":"if","locations":[{"start":{"line":125,"column":4},"end":{"line":132,"column":5}}]},"9":{"loc":{"start":{"line":135,"column":4},"end":{"line":138,"column":5}},"type":"if","locations":[{"start":{"line":135,"column":4},"end":{"line":138,"column":5}}]},"10":{"loc":{"start":{"line":135,"column":8},"end":{"line":135,"column":89}},"type":"binary-expr","locations":[{"start":{"line":135,"column":8},"end":{"line":135,"column":43}},{"start":{"line":135,"column":47},"end":{"line":135,"column":89}}]},"11":{"loc":{"start":{"line":147,"column":4},"end":{"line":153,"column":5}},"type":"if","locations":[{"start":{"line":147,"column":4},"end":{"line":153,"column":5}}]},"12":{"loc":{"start":{"line":147,"column":8},"end":{"line":147,"column":73}},"type":"binary-expr","locations":[{"start":{"line":147,"column":8},"end":{"line":147,"column":43}},{"start":{"line":147,"column":47},"end":{"line":147,"column":73}}]},"13":{"loc":{"start":{"line":150,"column":6},"end":{"line":152,"column":7}},"type":"if","locations":[{"start":{"line":150,"column":6},"end":{"line":152,"column":7}}]},"14":{"loc":{"start":{"line":155,"column":4},"end":{"line":158,"column":5}},"type":"if","locations":[{"start":{"line":155,"column":4},"end":{"line":158,"column":5}}]},"15":{"loc":{"start":{"line":169,"column":4},"end":{"line":169,"column":34}},"type":"if","locations":[{"start":{"line":169,"column":4},"end":{"line":169,"column":34}}]},"16":{"loc":{"start":{"line":180,"column":4},"end":{"line":180,"column":65}},"type":"if","locations":[{"start":{"line":180,"column":4},"end":{"line":180,"column":65}}]},"17":{"loc":{"start":{"line":183,"column":4},"end":{"line":183,"column":43}},"type":"if","locations":[{"start":{"line":183,"column":4},"end":{"line":183,"column":43}}]},"18":{"loc":{"start":{"line":183,"column":8},"end":{"line":183,"column":34}},"type":"binary-expr","locations":[{"start":{"line":183,"column":8},"end":{"line":183,"column":15}},{"start":{"line":183,"column":19},"end":{"line":183,"column":34}}]},"19":{"loc":{"start":{"line":186,"column":4},"end":{"line":189,"column":5}},"type":"if","locations":[{"start":{"line":186,"column":4},"end":{"line":189,"column":5}}]},"20":{"loc":{"start":{"line":200,"column":14},"end":{"line":200,"column":57}},"type":"cond-expr","locations":[{"start":{"line":200,"column":41},"end":{"line":200,"column":48}},{"start":{"line":200,"column":51},"end":{"line":200,"column":57}}]},"21":{"loc":{"start":{"line":205,"column":4},"end":{"line":207,"column":5}},"type":"if","locations":[{"start":{"line":205,"column":4},"end":{"line":207,"column":5}}]},"22":{"loc":{"start":{"line":205,"column":8},"end":{"line":205,"column":54}},"type":"binary-expr","locations":[{"start":{"line":205,"column":8},"end":{"line":205,"column":32}},{"start":{"line":205,"column":36},"end":{"line":205,"column":54}}]},"23":{"loc":{"start":{"line":217,"column":4},"end":{"line":217,"column":65}},"type":"if","locations":[{"start":{"line":217,"column":4},"end":{"line":217,"column":65}}]},"24":{"loc":{"start":{"line":220,"column":4},"end":{"line":220,"column":43}},"type":"if","locations":[{"start":{"line":220,"column":4},"end":{"line":220,"column":43}}]},"25":{"loc":{"start":{"line":220,"column":8},"end":{"line":220,"column":34}},"type":"binary-expr","locations":[{"start":{"line":220,"column":8},"end":{"line":220,"column":15}},{"start":{"line":220,"column":19},"end":{"line":220,"column":34}}]},"26":{"loc":{"start":{"line":232,"column":6},"end":{"line":236,"column":7}},"type":"if","locations":[{"start":{"line":232,"column":6},"end":{"line":236,"column":7}},{"start":{"line":234,"column":13},"end":{"line":236,"column":7}}]},"27":{"loc":{"start":{"line":242,"column":6},"end":{"line":246,"column":7}},"type":"if","locations":[{"start":{"line":242,"column":6},"end":{"line":246,"column":7}},{"start":{"line":244,"column":13},"end":{"line":246,"column":7}}]},"28":{"loc":{"start":{"line":264,"column":4},"end":{"line":267,"column":5}},"type":"if","locations":[{"start":{"line":264,"column":4},"end":{"line":267,"column":5}}]},"29":{"loc":{"start":{"line":264,"column":8},"end":{"line":264,"column":86}},"type":"binary-expr","locations":[{"start":{"line":264,"column":8},"end":{"line":264,"column":34}},{"start":{"line":264,"column":38},"end":{"line":264,"column":86}}]},"30":{"loc":{"start":{"line":272,"column":4},"end":{"line":278,"column":5}},"type":"if","locations":[{"start":{"line":272,"column":4},"end":{"line":278,"column":5}}]},"31":{"loc":{"start":{"line":272,"column":8},"end":{"line":272,"column":71}},"type":"binary-expr","locations":[{"start":{"line":272,"column":8},"end":{"line":272,"column":43}},{"start":{"line":272,"column":47},"end":{"line":272,"column":71}}]},"32":{"loc":{"start":{"line":274,"column":6},"end":{"line":277,"column":7}},"type":"if","locations":[{"start":{"line":274,"column":6},"end":{"line":277,"column":7}}]},"33":{"loc":{"start":{"line":276,"column":8},"end":{"line":276,"column":59}},"type":"if","locations":[{"start":{"line":276,"column":8},"end":{"line":276,"column":59}}]},"34":{"loc":{"start":{"line":280,"column":4},"end":{"line":283,"column":5}},"type":"if","locations":[{"start":{"line":280,"column":4},"end":{"line":283,"column":5}}]},"35":{"loc":{"start":{"line":290,"column":4},"end":{"line":290,"column":67}},"type":"if","locations":[{"start":{"line":290,"column":4},"end":{"line":290,"column":67}}]},"36":{"loc":{"start":{"line":309,"column":51},"end":{"line":309,"column":74}},"type":"default-arg","locations":[{"start":{"line":309,"column":69},"end":{"line":309,"column":74}}]},"37":{"loc":{"start":{"line":310,"column":4},"end":{"line":310,"column":67}},"type":"if","locations":[{"start":{"line":310,"column":4},"end":{"line":310,"column":67}}]},"38":{"loc":{"start":{"line":321,"column":6},"end":{"line":321,"column":48}},"type":"if","locations":[{"start":{"line":321,"column":6},"end":{"line":321,"column":48}}]},"39":{"loc":{"start":{"line":349,"column":4},"end":{"line":352,"column":5}},"type":"if","locations":[{"start":{"line":349,"column":4},"end":{"line":352,"column":5}}]},"40":{"loc":{"start":{"line":355,"column":30},"end":{"line":355,"column":53}},"type":"default-arg","locations":[{"start":{"line":355,"column":48},"end":{"line":355,"column":53}}]},"41":{"loc":{"start":{"line":366,"column":4},"end":{"line":369,"column":5}},"type":"if","locations":[{"start":{"line":366,"column":4},"end":{"line":369,"column":5}}]},"42":{"loc":{"start":{"line":373,"column":4},"end":{"line":376,"column":5}},"type":"if","locations":[{"start":{"line":373,"column":4},"end":{"line":376,"column":5}}]},"43":{"loc":{"start":{"line":379,"column":6},"end":{"line":382,"column":7}},"type":"if","locations":[{"start":{"line":379,"column":6},"end":{"line":382,"column":7}}]},"44":{"loc":{"start":{"line":386,"column":6},"end":{"line":392,"column":7}},"type":"if","locations":[{"start":{"line":386,"column":6},"end":{"line":392,"column":7}}]},"45":{"loc":{"start":{"line":393,"column":6},"end":{"line":397,"column":7}},"type":"if","locations":[{"start":{"line":393,"column":6},"end":{"line":397,"column":7}},{"start":{"line":395,"column":13},"end":{"line":397,"column":7}}]},"46":{"loc":{"start":{"line":408,"column":4},"end":{"line":408,"column":43}},"type":"if","locations":[{"start":{"line":408,"column":4},"end":{"line":408,"column":43}}]},"47":{"loc":{"start":{"line":410,"column":4},"end":{"line":410,"column":40}},"type":"if","locations":[{"start":{"line":410,"column":4},"end":{"line":410,"column":40}}]},"48":{"loc":{"start":{"line":429,"column":4},"end":{"line":433,"column":6}},"type":"cond-expr","locations":[{"start":{"line":429,"column":33},"end":{"line":429,"column":36}},{"start":{"line":429,"column":33},"end":{"line":433,"column":6}}]},"49":{"loc":{"start":{"line":429,"column":4},"end":{"line":429,"column":36}},"type":"binary-expr","locations":[{"start":{"line":429,"column":4},"end":{"line":429,"column":36}},{"start":{"line":429,"column":33},"end":{"line":429,"column":36}}]},"50":{"loc":{"start":{"line":446,"column":4},"end":{"line":446,"column":82}},"type":"if","locations":[{"start":{"line":446,"column":4},"end":{"line":446,"column":82}}]},"51":{"loc":{"start":{"line":449,"column":4},"end":{"line":449,"column":60}},"type":"if","locations":[{"start":{"line":449,"column":4},"end":{"line":449,"column":60}}]},"52":{"loc":{"start":{"line":449,"column":8},"end":{"line":449,"column":34}},"type":"binary-expr","locations":[{"start":{"line":449,"column":8},"end":{"line":449,"column":15}},{"start":{"line":449,"column":19},"end":{"line":449,"column":34}}]},"53":{"loc":{"start":{"line":457,"column":4},"end":{"line":462,"column":5}},"type":"if","locations":[{"start":{"line":457,"column":4},"end":{"line":462,"column":5}}]},"54":{"loc":{"start":{"line":475,"column":60},"end":{"line":475,"column":78}},"type":"binary-expr","locations":[{"start":{"line":475,"column":60},"end":{"line":475,"column":62}},{"start":{"line":475,"column":66},"end":{"line":475,"column":78}}]},"55":{"loc":{"start":{"line":477,"column":27},"end":{"line":479,"column":16}},"type":"cond-expr","locations":[{"start":{"line":478,"column":8},"end":{"line":478,"column":66}},{"start":{"line":479,"column":8},"end":{"line":479,"column":16}}]},"56":{"loc":{"start":{"line":486,"column":20},"end":{"line":486,"column":73}},"type":"binary-expr","locations":[{"start":{"line":486,"column":20},"end":{"line":486,"column":53}},{"start":{"line":486,"column":57},"end":{"line":486,"column":73}}]},"57":{"loc":{"start":{"line":506,"column":4},"end":{"line":508,"column":5}},"type":"if","locations":[{"start":{"line":506,"column":4},"end":{"line":508,"column":5}}]},"58":{"loc":{"start":{"line":510,"column":4},"end":{"line":514,"column":5}},"type":"if","locations":[{"start":{"line":510,"column":4},"end":{"line":514,"column":5}}]},"59":{"loc":{"start":{"line":524,"column":14},"end":{"line":524,"column":61}},"type":"cond-expr","locations":[{"start":{"line":524,"column":24},"end":{"line":524,"column":31}},{"start":{"line":524,"column":35},"end":{"line":524,"column":60}}]},"60":{"loc":{"start":{"line":524,"column":35},"end":{"line":524,"column":60}},"type":"cond-expr","locations":[{"start":{"line":524,"column":45},"end":{"line":524,"column":52}},{"start":{"line":524,"column":55},"end":{"line":524,"column":60}}]}},"s":{"0":8,"1":8,"2":8,"3":8,"4":75,"5":75,"6":75,"7":75,"8":75,"9":75,"10":75,"11":75,"12":12,"13":3,"14":3,"15":9,"16":18,"17":9,"18":2,"19":2,"20":2,"21":7,"22":7,"23":13,"24":26,"25":13,"26":3,"27":3,"28":3,"29":10,"30":10,"31":10,"32":10,"33":10,"34":10,"35":10,"36":0,"37":0,"38":10,"39":10,"40":10,"41":12,"42":9,"43":9,"44":9,"45":9,"46":18,"47":18,"48":9,"49":9,"50":5,"51":5,"52":5,"53":4,"54":1,"55":1,"56":1,"57":3,"58":1,"59":1,"60":2,"61":2,"62":2,"63":2,"64":1,"65":1,"66":1,"67":1,"68":2,"69":0,"70":0,"71":2,"72":2,"73":2,"74":15,"75":15,"76":4,"77":11,"78":11,"79":11,"80":11,"81":11,"82":2,"83":0,"84":2,"85":2,"86":0,"87":2,"88":2,"89":1,"90":1,"91":1,"92":1,"93":1,"94":1,"95":1,"96":1,"97":1,"98":1,"99":1,"100":1,"101":0,"102":0,"103":1,"104":0,"105":1,"106":1,"107":0,"108":1,"109":1,"110":0,"111":0,"112":0,"113":0,"114":0,"115":0,"116":0,"117":0,"118":0,"119":14,"120":14,"121":24,"122":14,"123":14,"124":0,"125":0,"126":14,"127":14,"128":0,"129":0,"130":0,"131":0,"132":0,"133":0,"134":14,"135":0,"136":0,"137":14,"138":14,"139":26,"140":2,"141":26,"142":26,"143":26,"144":26,"145":1,"146":11,"147":3,"148":11,"149":11,"150":11,"151":0,"152":0,"153":0,"154":11,"155":11,"156":23,"157":11,"158":11,"159":11,"160":23,"161":11,"162":11,"163":23,"164":11,"165":3,"166":3,"167":6,"168":6,"169":7,"170":0,"171":0,"172":7,"173":7,"174":1,"175":1,"176":6,"177":23,"178":0,"179":0,"180":23,"181":23,"182":23,"183":23,"184":23,"185":23,"186":6,"187":6,"188":17,"189":6,"190":15,"191":31,"192":15,"193":7,"194":8,"195":0,"196":8,"197":8,"198":8,"199":8,"200":8,"201":1,"202":21,"203":4,"204":17,"205":17,"206":2,"207":15,"208":15,"209":2,"210":2,"211":13,"212":16,"213":32,"214":16,"215":16,"216":16,"217":16,"218":16,"219":16,"220":16,"221":16,"222":16,"223":16,"224":16,"225":17,"226":17,"227":17,"228":17,"229":17,"230":5,"231":17,"232":16,"233":16,"234":16,"235":17,"236":14,"237":14,"238":14,"239":0,"240":0,"241":8},"f":{"0":75,"1":12,"2":18,"3":13,"4":26,"5":12,"6":9,"7":18,"8":15,"9":2,"10":1,"11":0,"12":0,"13":1,"14":0,"15":0,"16":0,"17":0,"18":0,"19":14,"20":24,"21":0,"22":26,"23":1,"24":11,"25":0,"26":23,"27":6,"28":7,"29":23,"30":6,"31":15,"32":31,"33":1,"34":21,"35":16,"36":32,"37":16,"38":16,"39":16,"40":17,"41":14,"42":0,"43":0},"b":{"0":[3],"1":[2],"2":[2,0],"3":[3],"4":[0],"5":[18,18],"6":[9,8],"7":[5],"8":[1],"9":[1],"10":[3,1],"11":[1],"12":[2,1],"13":[1],"14":[0],"15":[4],"16":[0],"17":[0],"18":[2,2],"19":[1],"20":[1,0],"21":[1],"22":[1,0],"23":[0],"24":[0],"25":[1,1],"26":[0,0],"27":[0,0],"28":[0],"29":[14,14],"30":[0],"31":[14,0],"32":[0],"33":[0],"34":[0],"35":[2],"36":[0],"37":[3],"38":[0],"39":[3],"40":[0],"41":[0],"42":[1],"43":[0],"44":[23],"45":[6,17],"46":[7],"47":[0],"48":[0,8],"49":[8,8],"50":[4],"51":[2],"52":[17,17],"53":[2],"54":[16,16],"55":[16,0],"56":[16,5],"57":[5],"58":[16],"59":[5,9],"60":[8,1]}}
,"C:\\project-chiribito-test-backend\\Chiri-backend\\src\\rooms\\game\\constants.ts": {"path":"C:\\project-chiribito-test-backend\\Chiri-backend\\src\\rooms\\game\\constants.ts","statementMap":{"0":{"start":{"line":6,"column":0},"end":{"line":6,"column":null}},"1":{"start":{"line":14,"column":13},"end":{"line":14,"column":44}},"2":{"start":{"line":15,"column":13},"end":{"line":15,"column":56}},"3":{"start":{"line":16,"column":13},"end":{"line":16,"column":54}},"4":{"start":{"line":17,"column":13},"end":{"line":17,"column":50}},"5":{"start":{"line":20,"column":13},"end":{"line":20,"column":62}}},"fnMap":{},"branchMap":{},"s":{"0":9,"1":9,"2":9,"3":9,"4":9,"5":9},"f":{},"b":{}}
,"C:\\project-chiribito-test-backend\\Chiri-backend\\src\\rooms\\game\\utils\\CardEvaluator.ts": {"path":"C:\\project-chiribito-test-backend\\Chiri-backend\\src\\rooms\\game\\utils\\CardEvaluator.ts","statementMap":{"0":{"start":{"line":25,"column":17},"end":{"line":25,"column":31}},"1":{"start":{"line":26,"column":17},"end":{"line":26,"column":34}},"2":{"start":{"line":27,"column":4},"end":{"line":27,"column":26}},"3":{"start":{"line":31,"column":4},"end":{"line":31,"column":38}},"4":{"start":{"line":31,"column":25},"end":{"line":31,"column":38}},"5":{"start":{"line":32,"column":18},"end":{"line":32,"column":50}},"6":{"start":{"line":33,"column":19},"end":{"line":33,"column":51}},"7":{"start":{"line":34,"column":21},"end":{"line":34,"column":47}},"8":{"start":{"line":35,"column":18},"end":{"line":35,"column":50}},"9":{"start":{"line":36,"column":4},"end":{"line":36,"column":62}},"10":{"start":{"line":40,"column":19},"end":{"line":40,"column":67}},"11":{"start":{"line":40,"column":37},"end":{"line":40,"column":66}},"12":{"start":{"line":41,"column":18},"end":{"line":41,"column":47}},"13":{"start":{"line":41,"column":37},"end":{"line":41,"column":46}},"14":{"start":{"line":42,"column":18},"end":{"line":42,"column":47}},"15":{"start":{"line":42,"column":37},"end":{"line":42,"column":46}},"16":{"start":{"line":43,"column":23},"end":{"line":43,"column":48}},"17":{"start":{"line":45,"column":4},"end":{"line":47,"column":7}},"18":{"start":{"line":46,"column":6},"end":{"line":46,"column":60}},"19":{"start":{"line":49,"column":18},"end":{"line":49,"column":56}},"20":{"start":{"line":49,"column":38},"end":{"line":49,"column":55}},"21":{"start":{"line":50,"column":27},"end":{"line":50,"column":69}},"22":{"start":{"line":52,"column":4},"end":{"line":54,"column":5}},"23":{"start":{"line":53,"column":6},"end":{"line":53,"column":64}},"24":{"start":{"line":56,"column":25},"end":{"line":61,"column":8}},"25":{"start":{"line":57,"column":30},"end":{"line":57,"column":77}},"26":{"start":{"line":59,"column":8},"end":{"line":59,"column":58}},"27":{"start":{"line":59,"column":33},"end":{"line":59,"column":58}},"28":{"start":{"line":60,"column":8},"end":{"line":60,"column":33}},"29":{"start":{"line":63,"column":4},"end":{"line":69,"column":5}},"30":{"start":{"line":64,"column":21},"end":{"line":64,"column":66}},"31":{"start":{"line":64,"column":48},"end":{"line":64,"column":65}},"32":{"start":{"line":65,"column":6},"end":{"line":68,"column":8}},"33":{"start":{"line":71,"column":4},"end":{"line":76,"column":5}},"34":{"start":{"line":72,"column":21},"end":{"line":74,"column":30}},"35":{"start":{"line":73,"column":21},"end":{"line":73,"column":42}},"36":{"start":{"line":74,"column":24},"end":{"line":74,"column":29}},"37":{"start":{"line":75,"column":6},"end":{"line":75,"column":49}},"38":{"start":{"line":78,"column":4},"end":{"line":83,"column":5}},"39":{"start":{"line":79,"column":6},"end":{"line":82,"column":8}},"40":{"start":{"line":85,"column":4},"end":{"line":87,"column":5}},"41":{"start":{"line":86,"column":6},"end":{"line":86,"column":64}},"42":{"start":{"line":89,"column":4},"end":{"line":98,"column":5}},"43":{"start":{"line":90,"column":22},"end":{"line":93,"column":30}},"44":{"start":{"line":91,"column":25},"end":{"line":91,"column":42}},"45":{"start":{"line":92,"column":22},"end":{"line":92,"column":33}},"46":{"start":{"line":93,"column":24},"end":{"line":93,"column":29}},"47":{"start":{"line":94,"column":6},"end":{"line":97,"column":8}},"48":{"start":{"line":100,"column":4},"end":{"line":110,"column":5}},"49":{"start":{"line":101,"column":25},"end":{"line":104,"column":30}},"50":{"start":{"line":102,"column":25},"end":{"line":102,"column":42}},"51":{"start":{"line":103,"column":22},"end":{"line":103,"column":33}},"52":{"start":{"line":104,"column":24},"end":{"line":104,"column":29}},"53":{"start":{"line":105,"column":21},"end":{"line":105,"column":66}},"54":{"start":{"line":105,"column":48},"end":{"line":105,"column":65}},"55":{"start":{"line":106,"column":6},"end":{"line":109,"column":8}},"56":{"start":{"line":112,"column":4},"end":{"line":121,"column":5}},"57":{"start":{"line":113,"column":22},"end":{"line":116,"column":30}},"58":{"start":{"line":114,"column":25},"end":{"line":114,"column":42}},"59":{"start":{"line":115,"column":22},"end":{"line":115,"column":33}},"60":{"start":{"line":116,"column":24},"end":{"line":116,"column":29}},"61":{"start":{"line":117,"column":6},"end":{"line":120,"column":8}},"62":{"start":{"line":123,"column":22},"end":{"line":125,"column":28}},"63":{"start":{"line":124,"column":19},"end":{"line":124,"column":40}},"64":{"start":{"line":125,"column":22},"end":{"line":125,"column":27}},"65":{"start":{"line":126,"column":4},"end":{"line":126,"column":50}},"66":{"start":{"line":130,"column":19},"end":{"line":131,"column":28}},"67":{"start":{"line":130,"column":56},"end":{"line":130,"column":77}},"68":{"start":{"line":131,"column":22},"end":{"line":131,"column":27}},"69":{"start":{"line":133,"column":4},"end":{"line":135,"column":5}},"70":{"start":{"line":134,"column":6},"end":{"line":134,"column":44}},"71":{"start":{"line":137,"column":26},"end":{"line":138,"column":null}},"72":{"start":{"line":138,"column":6},"end":{"line":138,"column":52}},"73":{"start":{"line":141,"column":4},"end":{"line":143,"column":5}},"74":{"start":{"line":142,"column":6},"end":{"line":142,"column":44}},"75":{"start":{"line":145,"column":4},"end":{"line":145,"column":65}},"76":{"start":{"line":149,"column":4},"end":{"line":151,"column":5}},"77":{"start":{"line":150,"column":6},"end":{"line":150,"column":46}},"78":{"start":{"line":153,"column":19},"end":{"line":153,"column":69}},"79":{"start":{"line":154,"column":4},"end":{"line":160,"column":5}},"80":{"start":{"line":154,"column":17},"end":{"line":154,"column":18}},"81":{"start":{"line":155,"column":19},"end":{"line":155,"column":39}},"82":{"start":{"line":156,"column":20},"end":{"line":156,"column":40}},"83":{"start":{"line":157,"column":6},"end":{"line":159,"column":7}},"84":{"start":{"line":158,"column":8},"end":{"line":158,"column":37}},"85":{"start":{"line":161,"column":4},"end":{"line":161,"column":13}},"86":{"start":{"line":165,"column":4},"end":{"line":186,"column":5}},"87":{"start":{"line":167,"column":8},"end":{"line":167,"column":23}},"88":{"start":{"line":169,"column":8},"end":{"line":169,"column":35}},"89":{"start":{"line":171,"column":8},"end":{"line":171,"column":23}},"90":{"start":{"line":173,"column":8},"end":{"line":173,"column":23}},"91":{"start":{"line":175,"column":8},"end":{"line":175,"column":22}},"92":{"start":{"line":177,"column":8},"end":{"line":177,"column":26}},"93":{"start":{"line":179,"column":8},"end":{"line":179,"column":22}},"94":{"start":{"line":181,"column":8},"end":{"line":181,"column":30}},"95":{"start":{"line":183,"column":8},"end":{"line":183,"column":24}},"96":{"start":{"line":185,"column":8},"end":{"line":185,"column":28}},"97":{"start":{"line":190,"column":31},"end":{"line":190,"column":33}},"98":{"start":{"line":191,"column":4},"end":{"line":197,"column":5}},"99":{"start":{"line":191,"column":17},"end":{"line":191,"column":18}},"100":{"start":{"line":192,"column":6},"end":{"line":196,"column":7}},"101":{"start":{"line":192,"column":19},"end":{"line":192,"column":24}},"102":{"start":{"line":193,"column":8},"end":{"line":195,"column":9}},"103":{"start":{"line":193,"column":21},"end":{"line":193,"column":26}},"104":{"start":{"line":194,"column":10},"end":{"line":194,"column":66}},"105":{"start":{"line":198,"column":4},"end":{"line":198,"column":18}},"106":{"start":{"line":23,"column":0},"end":{"line":23,"column":13}}},"fnMap":{"0":{"name":"(anonymous_0)","decl":{"start":{"line":24,"column":2},"end":{"line":24,"column":8}},"loc":{"start":{"line":24,"column":31},"end":{"line":28,"column":3}}},"1":{"name":"(anonymous_1)","decl":{"start":{"line":30,"column":2},"end":{"line":30,"column":8}},"loc":{"start":{"line":30,"column":31},"end":{"line":37,"column":3}}},"2":{"name":"(anonymous_2)","decl":{"start":{"line":39,"column":2},"end":{"line":39,"column":8}},"loc":{"start":{"line":39,"column":63},"end":{"line":127,"column":3}}},"3":{"name":"(anonymous_3)","decl":{"start":{"line":40,"column":29},"end":{"line":40,"column":33}},"loc":{"start":{"line":40,"column":37},"end":{"line":40,"column":66}}},"4":{"name":"(anonymous_4)","decl":{"start":{"line":41,"column":29},"end":{"line":41,"column":33}},"loc":{"start":{"line":41,"column":37},"end":{"line":41,"column":46}}},"5":{"name":"(anonymous_5)","decl":{"start":{"line":42,"column":29},"end":{"line":42,"column":33}},"loc":{"start":{"line":42,"column":37},"end":{"line":42,"column":46}}},"6":{"name":"(anonymous_6)","decl":{"start":{"line":45,"column":18},"end":{"line":45,"column":22}},"loc":{"start":{"line":45,"column":25},"end":{"line":47,"column":5}}},"7":{"name":"(anonymous_7)","decl":{"start":{"line":49,"column":30},"end":{"line":49,"column":34}},"loc":{"start":{"line":49,"column":38},"end":{"line":49,"column":55}}},"8":{"name":"(anonymous_8)","decl":{"start":{"line":57,"column":11},"end":{"line":57,"column":12}},"loc":{"start":{"line":57,"column":29},"end":{"line":57,"column":77}}},"9":{"name":"(anonymous_9)","decl":{"start":{"line":58,"column":12},"end":{"line":58,"column":13}},"loc":{"start":{"line":58,"column":21},"end":{"line":61,"column":7}}},"10":{"name":"(anonymous_10)","decl":{"start":{"line":64,"column":39},"end":{"line":64,"column":44}},"loc":{"start":{"line":64,"column":48},"end":{"line":64,"column":65}}},"11":{"name":"(anonymous_11)","decl":{"start":{"line":73,"column":13},"end":{"line":73,"column":17}},"loc":{"start":{"line":73,"column":20},"end":{"line":73,"column":42}}},"12":{"name":"(anonymous_12)","decl":{"start":{"line":74,"column":14},"end":{"line":74,"column":15}},"loc":{"start":{"line":74,"column":24},"end":{"line":74,"column":29}}},"13":{"name":"(anonymous_13)","decl":{"start":{"line":91,"column":16},"end":{"line":91,"column":21}},"loc":{"start":{"line":91,"column":25},"end":{"line":91,"column":42}}},"14":{"name":"(anonymous_14)","decl":{"start":{"line":92,"column":13},"end":{"line":92,"column":18}},"loc":{"start":{"line":92,"column":22},"end":{"line":92,"column":33}}},"15":{"name":"(anonymous_15)","decl":{"start":{"line":93,"column":14},"end":{"line":93,"column":15}},"loc":{"start":{"line":93,"column":24},"end":{"line":93,"column":29}}},"16":{"name":"(anonymous_16)","decl":{"start":{"line":102,"column":16},"end":{"line":102,"column":21}},"loc":{"start":{"line":102,"column":25},"end":{"line":102,"column":42}}},"17":{"name":"(anonymous_17)","decl":{"start":{"line":103,"column":13},"end":{"line":103,"column":18}},"loc":{"start":{"line":103,"column":22},"end":{"line":103,"column":33}}},"18":{"name":"(anonymous_18)","decl":{"start":{"line":104,"column":14},"end":{"line":104,"column":15}},"loc":{"start":{"line":104,"column":24},"end":{"line":104,"column":29}}},"19":{"name":"(anonymous_19)","decl":{"start":{"line":105,"column":39},"end":{"line":105,"column":44}},"loc":{"start":{"line":105,"column":48},"end":{"line":105,"column":65}}},"20":{"name":"(anonymous_20)","decl":{"start":{"line":114,"col
[...]
:41,"column":52},"end":{"line":56,"column":3}}},"3":{"name":"(anonymous_4)","decl":{"start":{"line":61,"column":2},"end":{"line":61,"column":22}},"loc":{"start":{"line":61,"column":60},"end":{"line":73,"column":3}}},"4":{"name":"(anonymous_5)","decl":{"start":{"line":78,"column":10},"end":{"line":78,"column":30}},"loc":{"start":{"line":78,"column":49},"end":{"line":83,"column":3}}},"5":{"name":"(anonymous_6)","decl":{"start":{"line":88,"column":2},"end":{"line":88,"column":13}},"loc":{"start":{"line":88,"column":31},"end":{"line":95,"column":3}}},"6":{"name":"(anonymous_7)","decl":{"start":{"line":100,"column":2},"end":{"line":100,"column":13}},"loc":{"start":{"line":100,"column":51},"end":{"line":105,"column":3}}},"7":{"name":"(anonymous_8)","decl":{"start":{"line":110,"column":2},"end":{"line":110,"column":10}},"loc":{"start":{"line":110,"column":10},"end":{"line":114,"column":3}}},"8":{"name":"(anonymous_9)","decl":{"start":{"line":119,"column":2},"end":{"line":119,"column":24}},"loc":{"start":{"line":119,"column":42},"end":{"line":122,"column":3}}},"9":{"name":"(anonymous_10)","decl":{"start":{"line":127,"column":2},"end":{"line":127,"column":20}},"loc":{"start":{"line":127,"column":38},"end":{"line":144,"column":3}}},"10":{"name":"(anonymous_11)","decl":{"start":{"line":149,"column":2},"end":{"line":149,"column":14}},"loc":{"start":{"line":149,"column":47},"end":{"line":161,"column":3}}}},"branchMap":{"0":{"loc":{"start":{"line":27,"column":4},"end":{"line":27,"column":38}},"type":"if","locations":[{"start":{"line":27,"column":4},"end":{"line":27,"column":38}}]},"1":{"loc":{"start":{"line":30,"column":4},"end":{"line":30,"column":37}},"type":"if","locations":[{"start":{"line":30,"column":4},"end":{"line":30,"column":37}}]},"2":{"loc":{"start":{"line":44,"column":4},"end":{"line":47,"column":5}},"type":"if","locations":[{"start":{"line":44,"column":4},"end":{"line":47,"column":5}}]},"3":{"loc":{"start":{"line":63,"column":4},"end":{"line":63,"column":35}},"type":"if","locations":[{"start":{"line":63,"column":4},"end":{"line":63,"column":35}}]},"4":{"loc":{"start":{"line":66,"column":4},"end":{"line":66,"column":34}},"type":"if","locations":[{"start":{"line":66,"column":4},"end":{"line":66,"column":34}}]},"5":{"loc":{"start":{"line":79,"column":4},"end":{"line":81,"column":5}},"type":"if","locations":[{"start":{"line":79,"column":4},"end":{"line":81,"column":5}}]},"6":{"loc":{"start":{"line":79,"column":8},"end":{"line":79,"column":52}},"type":"cond-expr","locations":[{"start":{"line":79,"column":35},"end":{"line":79,"column":37}},{"start":{"line":79,"column":35},"end":{"line":79,"column":52}}]},"7":{"loc":{"start":{"line":79,"column":8},"end":{"line":79,"column":37}},"type":"binary-expr","locations":[{"start":{"line":79,"column":8},"end":{"line":79,"column":37}},{"start":{"line":79,"column":35},"end":{"line":79,"column":37}}]},"8":{"loc":{"start":{"line":102,"column":4},"end":{"line":104,"column":5}},"type":"if","locations":[{"start":{"line":102,"column":4},"end":{"line":104,"column":5}}]},"9":{"loc":{"start":{"line":121,"column":11},"end":{"line":121,"column":37}},"type":"cond-expr","locations":[{"start":{"line":121,"column":32},"end":{"line":121,"column":36}},{"start":{"line":121,"column":36},"end":{"line":121,"column":37}}]},"10":{"loc":{"start":{"line":121,"column":11},"end":{"line":121,"column":36}},"type":"binary-expr","locations":[{"start":{"line":121,"column":11},"end":{"line":121,"column":36}},{"start":{"line":121,"column":32},"end":{"line":121,"column":36}}]},"11":{"loc":{"start":{"line":121,"column":11},"end":{"line":121,"column":32}},"type":"cond-expr","locations":[{"start":{"line":121,"column":26},"end":{"line":121,"column":28}},{"start":{"line":121,"column":11},"end":{"line":121,"column":32}}]},"12":{"loc":{"start":{"line":121,"column":11},"end":{"line":121,"column":28}},"type":"binary-expr","locations":[{"start":{"line":121,"column":11},"end":{"line":121,"column":28}},{"start":{"line":121,"column":11},"end":{"line":121,"column":28}}]},"13":{"loc":{"start":{"line":129,"column":4},"end":{"line":129,"column":36}},"type":"if","locations":[{"start":{"line":129,"column":4},"end":{"line":129,"column":36}}]},"14":{"loc":{"start":{"line":138,"column":6},"end":{"line":140,"column":7}},"type":"if","locations":[{"start":{"line":138,"column":6},"end":{"line":140,"column":7}}]},"15":{"loc":{"start":{"line":150,"column":4},"end":{"line":152,"column":5}},"type":"if","locations":[{"start":{"line":150,"column":4},"end":{"line":152,"column":5}}]},"16":{"loc":{"start":{"line":153,"column":4},"end":{"line":155,"column":5}},"type":"if","locations":[{"start":{"line":153,"column":4},"end":{"line":155,"column":5}}]}},"s":{"0":6,"1":29,"2":29,"3":29,"4":227,"5":227,"6":7,"7":220,"8":220,"9":1,"10":219,"11":219,"12":219,"13":133,"14":133,"15":122,"16":122,"17":133,"18":133,"19":5,"20":5,"21":1,"22":4,"23":4,"24":0,"25":4,"26":4,"27":4,"28":4,"29":228,"30":10,"31":218,"32":2,"33":2,"34":2,"35":2,"36":1,"37":30,"38":30,"39":4,"40":4,"41":3,"42":3,"43":1,"44":2,"45":2,"46":2,"47":5,"48":5,"49":5,"50":4,"51":2,"52":3,"53":2,"54":3,"55":1,"56":3,"57":6},"f":{"0":29,"1":227,"2":133,"3":5,"4":228,"5":2,"6":2,"7":30,"8":4,"9":3,"10":3},"b":{"0":[7],"1":[1],"2":[122],"3":[1],"4":[0],"5":[10],"6":[0,228],"7":[228,228],"8":[1],"9":[3,1],"10":[4,4],"11":[1,3],"12":[4,4],"13":[1],"14":[4],"15":[2],"16":[1]}}
,"C:\\project-chiribito-test-backend\\Chiri-backend\\src\\rooms\\managers\\SeatManager.ts": {"path":"C:\\project-chiribito-test-backend\\Chiri-backend\\src\\rooms\\managers\\SeatManager.ts","statementMap":{"0":{"start":{"line":6,"column":0},"end":{"line":6,"column":41}},"1":{"start":{"line":13,"column":12},"end":{"line":13,"column":26}},"2":{"start":{"line":10,"column":10},"end":{"line":10,"column":49}},"3":{"start":{"line":16,"column":4},"end":{"line":16,"column":29}},"4":{"start":{"line":23,"column":4},"end":{"line":27,"column":5}},"5":{"start":{"line":23,"column":25},"end":{"line":23,"column":26}},"6":{"start":{"line":24,"column":6},"end":{"line":26,"column":7}},"7":{"start":{"line":25,"column":8},"end":{"line":25,"column":25}},"8":{"start":{"line":28,"column":4},"end":{"line":28,"column":16}},"9":{"start":{"line":35,"column":4},"end":{"line":37,"column":5}},"10":{"start":{"line":36,"column":6},"end":{"line":36,"column":58}},"11":{"start":{"line":39,"column":4},"end":{"line":46,"column":5}},"12":{"start":{"line":40,"column":6},"end":{"line":44,"column":9}},"13":{"start":{"line":45,"column":6},"end":{"line":45,"column":13}},"14":{"start":{"line":48,"column":4},"end":{"line":48,"column":38}},"15":{"start":{"line":50,"column":4},"end":{"line":54,"column":7}},"16":{"start":{"line":61,"column":4},"end":{"line":61,"column":41}},"17":{"start":{"line":63,"column":4},"end":{"line":66,"column":7}},"18":{"start":{"line":73,"column":4},"end":{"line":73,"column":45}},"19":{"start":{"line":80,"column":4},"end":{"line":80,"column":35}},"20":{"start":{"line":87,"column":4},"end":{"line":87,"column":31}},"21":{"start":{"line":89,"column":4},"end":{"line":89,"column":64}},"22":{"start":{"line":96,"column":4},"end":{"line":96,"column":42}},"23":{"start":{"line":8,"column":0},"end":{"line":8,"column":13}}},"fnMap":{"0":{"name":"(anonymous_1)","decl":{"start":{"line":12,"column":2},"end":{"line":12,"column":null}},"loc":{"start":{"line":14,"column":24},"end":{"line":17,"column":3}}},"1":{"name":"(anonymous_2)","decl":{"start":{"line":22,"column":2},"end":{"line":22,"column":22}},"loc":{"start":{"line":22,"column":22},"end":{"line":29,"column":3}}},"2":{"name":"(anonymous_3)","decl":{"start":{"line":34,"column":2},"end":{"line":34,"column":12}},"loc":{"start":{"line":34,"column":46},"end":{"line":55,"column":3}}},"3":{"name":"(anonymous_4)","decl":{"start":{"line":60,"column":2},"end":{"line":60,"column":10}},"loc":{"start":{"line":60,"column":28},"end":{"line":67,"column":3}}},"4":{"name":"(anonymous_5)","decl":{"start":{"line":72,"column":2},"end":{"line":72,"column":16}},"loc":{"start":{"line":72,"column":34},"end":{"line":74,"column":3}}},"5":{"name":"(anonymous_6)","decl":{"start":{"line":79,"column":2},"end":{"line":79,"column":18}},"loc":{"start":{"line":79,"column":18},"end":{"line":81,"column":3}}},"6":{"name":"(anonymous_7)","decl":{"start":{"line":86,"column":2},"end":{"line":86,"column":10}},"loc":{"start":{"line":86,"column":10},"end":{"line":90,"column":3}}},"7":{"name":"(anonymous_8)","decl":{"start":{"line":95,"column":2},"end":{"line":95,"column":18}},"loc":{"start":{"line":95,"column":18},"end":{"line":97,"column":3}}}},"branchMap":{"0":{"loc":{"start":{"line":14,"column":4},"end":{"line":14,"column":24}},"type":"default-arg","locations":[{"start":{"line":14,"column":23},"end":{"line":14,"column":24}}]},"1":{"loc":{"start":{"line":24,"column":6},"end":{"line":26,"column":7}},"type":"if","locations":[{"start":{"line":24,"column":6},"end":{"line":26,"column":7}}]},"2":{"loc":{"start":{"line":35,"column":4},"end":{"line":37,"column":5}},"type":"if","locations":[{"start":{"line":35,"column":4},"end":{"line":37,"column":5}}]},"3":{"loc":{"start":{"line":35,"column":8},"end":{"line":35,"column":51}},"type":"binary-expr","locations":[{"start":{"line":35,"column":8},"end":{"line":35,"column":21}},{"start":{"line":35,"column":25},"end":{"line":35,"column":51}}]},"4":{"loc":{"start":{"line":39,"column":4},"end":{"line":46,"column":5}},"type":"if","locations":[{"start":{"line":39,"column":4},"end":{"line":46,"column":5}}]}},"s":{"0":7,"1":48,"2":48,"3":48,"4":4,"5":4,"6":10,"7":3,"8":1,"9":37,"10":2,"11":35,"12":1,"13":1,"14":34,"15":34,"16":5,"17":5,"18":6,"19":7,"20":49,"21":49,"22":1,"23":7},"f":{"0":48,"1":4,"2":37,"3":5,"4":6,"5":7,"6":49,"7":1},"b":{"0":[0],"1":[3],"2":[2],"3":[37,36],"4":[1]}}
,"C:\\project-chiribito-test-backend\\Chiri-backend\\src\\rooms\\managers\\SessionManager.ts": {"path":"C:\\project-chiribito-test-backend\\Chiri-backend\\src\\rooms\\managers\\SessionManager.ts","statementMap":{"0":{"start":{"line":7,"column":0},"end":{"line":7,"column":41}},"1":{"start":{"line":20,"column":12},"end":{"line":20,"column":26}},"2":{"start":{"line":21,"column":12},"end":{"line":21,"column":49}},"3":{"start":{"line":11,"column":10},"end":{"line":11,"column":55}},"4":{"start":{"line":14,"column":10},"end":{"line":14,"column":56}},"5":{"start":{"line":17,"column":10},"end":{"line":17,"column":48}},"6":{"start":{"line":28,"column":4},"end":{"line":28,"column":40}},"7":{"start":{"line":35,"column":4},"end":{"line":35,"column":41}},"8":{"start":{"line":42,"column":4},"end":{"line":42,"column":40}},"9":{"start":{"line":49,"column":4},"end":{"line":49,"column":44}},"10":{"start":{"line":56,"column":4},"end":{"line":56,"column":34}},"11":{"start":{"line":63,"column":4},"end":{"line":63,"column":44}},"12":{"start":{"line":64,"column":4},"end":{"line":64,"column":45}},"13":{"start":{"line":65,"column":4},"end":{"line":65,"column":37}},"14":{"start":{"line":67,"column":4},"end":{"line":71,"column":7}},"15":{"start":{"line":78,"column":19},"end":{"line":78,"column":51}},"16":{"start":{"line":79,"column":4},"end":{"line":88,"column":5}},"17":{"start":{"line":80,"column":6},"end":{"line":80,"column":38}},"18":{"start":{"line":81,"column":6},"end":{"line":81,"column":42}},"19":{"start":{"line":83,"column":6},"end":{"line":87,"column":9}},"20":{"start":{"line":95,"column":19},"end":{"line":95,"column":54}},"21":{"start":{"line":96,"column":4},"end":{"line":102,"column":5}},"22":{"start":{"line":97,"column":6},"end":{"line":100,"column":9}},"23":{"start":{"line":101,"column":6},"end":{"line":101,"column":13}},"24":{"start":{"line":105,"column":4},"end":{"line":105,"column":47}},"25":{"start":{"line":106,"column":4},"end":{"line":106,"column":43}},"26":{"start":{"line":107,"column":4},"end":{"line":107,"column":48}},"27":{"start":{"line":109,"column":4},"end":{"line":114,"column":7}},"28":{"start":{"line":121,"column":4},"end":{"line":121,"column":29}},"29":{"start":{"line":122,"column":4},"end":{"line":122,"column":30}},"30":{"start":{"line":123,"column":4},"end":{"line":123,"column":30}},"31":{"start":{"line":125,"column":4},"end":{"line":125,"column":65}},"32":{"start":{"line":132,"column":4},"end":{"line":132,"column":33}},"33":{"start":{"line":139,"column":4},"end":{"line":139,"column":48}},"34":{"start":{"line":9,"column":0},"end":{"line":9,"column":13}}},"fnMap":{"0":{"name":"(anonymous_1)","decl":{"start":{"line":19,"column":2},"end":{"line":19,"column":null}},"loc":{"start":{"line":21,"column":51},"end":{"line":22,"column":6}}},"1":{"name":"(anonymous_2)","decl":{"start":{"line":27,"column":2},"end":{"line":27,"column":18}},"loc":{"start":{"line":27,"column":33},"end":{"line":29,"column":3}}},"2":{"name":"(anonymous_3)","decl":{"start":{"line":34,"column":2},"end":{"line":34,"column":11}},"loc":{"start":{"line":34,"column":26},"end":{"line":36,"column":3}}},"3":{"name":"(anonymous_4)","decl":{"start":{"line":41,"column":2},"end":{"line":41,"column":14}},"loc":{"start":{"line":41,"column":29},"end":{"line":43,"column":3}}},"4":{"name":"(anonymous_5)","decl":{"start":{"line":48,"column":2},"end":{"line":48,"column":11}},"loc":{"start":{"line":48,"column":29},"end":{"line":50,"column":3}}},"5":{"name":"(anonymous_6)","decl":{"start":{"line":55,"column":2},"end":{"line":55,"column":12}},"loc":{"start":{"line":55,"column":27},"end":{"line":57,"column":3}}},"6":{"name":"(anonymous_7)","decl":{"start":{"line":62,"column":2},"end":{"line":62,"column":17}},"loc":{"start":{"line":62,"column":51},"end":{"line":72,"column":3}}},"7":{"name":"(anonymous_8)","decl":{"start":{"line":77,"column":2},"end":{"line":77,"column":15}},"loc":{"start":{"line":77,"column":33},"end":{"line":89,"column":3}}},"8":{"name":"(anonymous_9)","decl":{"start":{"line":94,"column":2},"end":{"line":94,"column":16}},"loc":{"start":{"line":94,"column":59},"end":{"line":115,"column":3}}},"9":{"name":"(anonymous_10)","decl":{"start":{"line":120,"column":2},"end":{"line":120,"column":10}},"loc":{"start":{"line":120,"column":10},"end":{"line":126,"column":3}}},"10":{"name":"(anonymous_11)","decl":{"start":{"line":131,"column":2},"end":{"line":131,"column":16}},"loc":{"start":{"line":131,"column":16},"end":{"line":133,"column":3}}},"11":{"name":"(anonymous_12)","decl":{"start":{"line":138,"column":2},"end":{"line":138,"column":18}},"loc":{"start":{"line":138,"column":18},"end":{"line":140,"column":3}}}},"branchMap":{"0":{"loc":{"start":{"line":21,"column":12},"end":{"line":21,"column":51}},"type":"default-arg","locations":[{"start":{"line":21,"column":49},"end":{"line":21,"column":51}}]},"1":{"loc":{"start":{"line":79,"column":4},"end":{"line":88,"column":5}},"type":"if","locations":[{"start":{"line":79,"column":4},"end":{"line":88,"column":5}}]},"2":{"loc":{"start":{"line":96,"column":4},"end":{"line":102,"column":5}},"type":"if","locations":[{"start":{"line":96,"column":4},"end":{"line":102,"column":5}}]}},"s":{"0":8,"1":78,"2":78,"3":78,"4":78,"5":78,"6":18,"7":22,"8":12,"9":22,"10":16,"11":51,"12":51,"13":51,"14":51,"15":21,"16":21,"17":7,"18":7,"19":7,"20":4,"21":4,"22":1,"23":1,"24":3,"25":3,"26":3,"27":3,"28":61,"29":61,"30":61,"31":61,"32":7,"33":1,"34":8},"f":{"0":78,"1":18,"2":22,"3":12,"4":22,"5":16,"6":51,"7":21,"8":4,"9":61,"10":7,"11":1},"b":{"0":[18],"1":[7],"2":[1]}}
,"C:\\project-chiribito-test-backend\\Chiri-backend\\src\\rooms\\managers\\index.ts": {"path":"C:\\project-chiribito-test-backend\\Chiri-backend\\src\\rooms\\managers\\index.ts","statementMap":{"0":{"start":{"line":6,"column":0},"end":{"line":6,"column":9}},"1":{"start":{"line":6,"column":9},"end":{"line":6,"column":50}},"2":{"start":{"line":7,"column":0},"end":{"line":7,"column":9}},"3":{"start":{"line":7,"column":9},"end":{"line":7,"column":86}},"4":{"start":{"line":8,"column":0},"end":{"line":8,"column":9}},"5":{"start":{"line":8,"column":9},"end":{"line":8,"column":44}},"6":{"start":{"line":9,"column":0},"end":{"line":9,"column":9}},"7":{"start":{"line":9,"column":9},"end":{"line":9,"column":80}},"8":{"start":{"line":10,"column":0},"end":{"line":10,"column":null}},"9":{"start":{"line":11,"column":2},"end":{"line":11,"column":null}},"10":{"start":{"line":15,"column":0},"end":{"line":15,"column":null}},"11":{"start":{"line":16,"column":2},"end":{"line":16,"column":null}},"12":{"start":{"line":20,"column":0},"end":{"line":20,"column":null}},"13":{"start":{"line":21,"column":2},"end":{"line":21,"column":null}}},"fnMap":{"0":{"name":"(anonymous_0)","decl":{"start":{"line":6,"column":9},"end":{"line":6,"column":23}},"loc":{"start":{"line":6,"column":9},"end":{"line":6,"column":50}}},"1":{"name":"(anonymous_1)","decl":{"start":{"line":7,"column":9},"end":{"line":7,"column":26}},"loc":{"start":{"line":7,"column":9},"end":{"line":7,"column":86}}},"2":{"name":"(anonymous_2)","decl":{"start":{"line":8,"column":9},"end":{"line":8,"column":20}},"loc":{"start":{"line":8,"column":9},"end":{"line":8,"column":44}}},"3":{"name":"(anonymous_3)","decl":{"start":{"line":9,"column":9},"end":{"line":9,"column":27}},"loc":{"start":{"line":9,"column":9},"end":{"line":9,"column":80}}},"4":{"name":"(anonymous_4)","decl":{"start":{"line":11,"column":2},"end":{"line":11,"column":18}},"loc":{"start":{"line":11,"column":2},"end":{"line":11,"column":null}}},"5":{"name":"(anonymous_5)","decl":{"start":{"line":16,"column":2},"end":{"line":16,"column":23}},"loc":{"start":{"line":16,"column":2},"end":{"line":16,"column":null}}},"6":{"name":"(anonymous_6)","decl":{"start":{"line":21,"column":2},"end":{"line":21,"column":24}},"loc":{"start":{"line":21,"column":2},"end":{"line":21,"column":null}}}},"branchMap":{},"s":{"0":5,"1":8,"2":5,"3":8,"4":5,"5":8,"6":5,"7":8,"8":5,"9":8,"10":5,"11":8,"12":5,"13":8},"f":{"0":3,"1":3,"2":3,"3":3,"4":3,"5":3,"6":3},"b":{}}
,"C:\\project-chiribito-test-backend\\Chiri-backend\\src\\services\\api-server-stats.ts": {"path":"C:\\project-chiribito-test-backend\\Chiri-backend\\src\\services\\api-server-stats.ts","statementMap":{"0":{"start":{"line":8,"column":0},"end":{"line":8,"column":22}},"1":{"start":{"line":1,"column":0},"end":{"line":1,"column":38}},"2":{"start":{"line":13,"column":2},"end":{"line":16,"column":3}},"3":{"start":{"line":14,"column":4},"end":{"line":14,"column":80}},"4":{"start":{"line":15,"column":4},"end":{"line":15,"column":11}},"5":{"start":{"line":18,"column":2},"end":{"line":40,"column":3}},"6":{"start":{"line":19,"column":16},"end":{"line":26,"column":6}},"7":{"start":{"line":28,"column":4},"end":{"line":32,"column":5}},"8":{"start":{"line":29,"column":19},"end":{"line":29,"column":51}},"9":{"start":{"line":29,"column":48},"end":{"line":29,"column":50}},"10":{"start":{"line":30,"column":6},"end":{"line":30,"column":77}},"11":{"start":{"line":31,"column":6},"end":{"line":31,"column":13}},"12":{"start":{"line":34,"column":4},"end":{"line":37,"column":7}},"13":{"start":{"line":39,"column":4},"end":{"line":39,"column":64}}},"fnMap":{"0":{"name":"reportTournamentGameEnded","decl":{"start":{"line":8,"column":22},"end":{"line":8,"column":47}},"loc":{"start":{"line":11,"column":33},"end":{"line":41,"column":null}}},"1":{"name":"(anonymous_10)","decl":{"start":{"line":29,"column":42},"end":{"line":29,"column":45}},"loc":{"start":{"line":29,"column":48},"end":{"line":29,"column":50}}}},"branchMap":{"0":{"loc":{"start":{"line":13,"column":2},"end":{"line":16,"column":3}},"type":"if","locations":[{"start":{"line":13,"column":2},"end":{"line":16,"column":3}}]},"1":{"loc":{"start":{"line":13,"column":6},"end":{"line":13,"column":32}},"type":"binary-expr","locations":[{"start":{"line":13,"column":6},"end":{"line":13,"column":13}},{"start":{"line":13,"column":17},"end":{"line":13,"column":32}}]},"2":{"loc":{"start":{"line":28,"column":4},"end":{"line":32,"column":5}},"type":"if","locations":[{"start":{"line":28,"column":4},"end":{"line":32,"column":5}}]}},"s":{"0":6,"1":6,"2":5,"3":2,"4":2,"5":3,"6":3,"7":2,"8":1,"9":0,"10":1,"11":1,"12":1,"13":1},"f":{"0":5,"1":0},"b":{"0":[2],"1":[5,4],"2":[1]}}
}
