{"total": {"lines":{"total":1082,"covered":1039,"skipped":0,"pct":96.02},"statements":{"total":1171,"covered":1115,"skipped":0,"pct":95.21},"functions":{"total":250,"covered":244,"skipped":0,"pct":97.6},"branches":{"total":544,"covered":474,"skipped":0,"pct":87.13},"branchesTrue":{"total":0,"covered":0,"skipped":0,"pct":100}}
,"C:\\project-chiribito-test-backend\\Chiri-backend\\src\\rooms\\MyRoom.ts": {"lines":{"total":156,"covered":143,"skipped":0,"pct":91.66},"functions":{"total":29,"covered":28,"skipped":0,"pct":96.55},"statements":{"total":166,"covered":148,"skipped":0,"pct":89.15},"branches":{"total":84,"covered":69,"skipped":0,"pct":82.14}}
,"C:\\project-chiribito-test-backend\\Chiri-backend\\src\\rooms\\close-codes.ts": {"lines":{"total":3,"covered":3,"skipped":0,"pct":100},"functions":{"total":0,"covered":0,"skipped":0,"pct":100},"statements":{"total":3,"covered":3,"skipped":0,"pct":100},"branches":{"total":0,"covered":0,"skipped":0,"pct":100}}
,"C:\\project-chiribito-test-backend\\Chiri-backend\\src\\rooms\\game\\GameEngine.ts": {"lines":{"total":221,"covered":211,"skipped":0,"pct":95.47},"functions":{"total":44,"covered":43,"skipped":0,"pct":97.72},"statements":{"total":242,"covered":229,"skipped":0,"pct":94.62},"branches":{"total":83,"covered":69,"skipped":0,"pct":83.13}}
,"C:\\project-chiribito-test-backend\\Chiri-backend\\src\\rooms\\game\\constants.ts": {"lines":{"total":6,"covered":6,"skipped":0,"pct":100},"functions":{"total":0,"covered":0,"skipped":0,"pct":100},"statements":{"total":6,"covered":6,"skipped":0,"pct":100},"branches":{"total":0,"covered":0,"skipped":0,"pct":100}}
,"C:\\project-chiribito-test-backend\\Chiri-backend\\src\\rooms\\game\\utils\\CardEvaluator.ts": {"lines":{"total":94,"covered":92,"skipped":0,"pct":97.87},"functions":{"total":32,"covered":32,"skipped":0,"pct":100},"statements":{"total":107,"covered":105,"skipped":0,"pct":98.13},"branches":{"total":79,"covered":70,"skipped":0,"pct":88.6}}
,"C:\\project-chiribito-test-backend\\Chiri-backend\\src\\rooms\\game\\utils\\GameBroadcaster.ts": {"lines":{"total":8,"covered":8,"skipped":0,"pct":100},"functions":{"total":7,"covered":7,"skipped":0,"pct":100},"statements":{"total":8,"covered":8,"skipped":0,"pct":100},"branches":{"total":0,"covered":0,"skipped":0,"pct":100}}
,"C:\\project-chiribito-test-backend\\Chiri-backend\\src\\rooms\\game\\utils\\GameUtils.ts": {"lines":{"total":41,"covered":36,"skipped":0,"pct":87.8},"functions":{"total":17,"covered":17,"skipped":0,"pct":100},"statements":{"total":47,"covered":42,"skipped":0,"pct":89.36},"branches":{"total":33,"covered":32,"skipped":0,"pct":96.96}}
,"C:\\project-chiribito-test-backend\\Chiri-backend\\src\\rooms\\game\\utils\\PlayerActions.ts": {"lines":{"total":31,"covered":31,"skipped":0,"pct":100},"functions":{"total":4,"covered":4,"skipped":0,"pct":100},"statements":{"total":36,"covered":36,"skipped":0,"pct":100},"branches":{"total":15,"covered":15,"skipped":0,"pct":100}}
,"C:\\project-chiribito-test-backend\\Chiri-backend\\src\\rooms\\game\\utils\\RoundManager.ts": {"lines":{"total":40,"covered":40,"skipped":0,"pct":100},"functions":{"total":9,"covered":9,"skipped":0,"pct":100},"statements":{"total":41,"covered":41,"skipped":0,"pct":100},"branches":{"total":1,"covered":1,"skipped":0,"pct":100}}
,"C:\\project-chiribito-test-backend\\Chiri-backend\\src\\rooms\\game\\utils\\WinnerDeterminator.ts": {"lines":{"total":68,"covered":62,"skipped":0,"pct":91.17},"functions":{"total":13,"covered":13,"skipped":0,"pct":100},"statements":{"total":75,"covered":68,"skipped":0,"pct":90.66},"branches":{"total":32,"covered":28,"skipped":0,"pct":87.5}}
,"C:\\project-chiribito-test-backend\\Chiri-backend\\src\\rooms\\game\\utils\\index.ts": {"lines":{"total":6,"covered":6,"skipped":0,"pct":100},"functions":{"total":6,"covered":5,"skipped":0,"pct":83.33},"statements":{"total":12,"covered":12,"skipped":0,"pct":100},"branches":{"total":0,"covered":0,"skipped":0,"pct":100}}
,"C:\\project-chiribito-test-backend\\Chiri-backend\\src\\rooms\\managers\\AnalyticsService.ts": {"lines":{"total":81,"covered":80,"skipped":0,"pct":98.76},"functions":{"total":18,"covered":17,"skipped":0,"pct":94.44},"statements":{"total":82,"covered":81,"skipped":0,"pct":98.78},"branches":{"total":19,"covered":19,"skipped":0,"pct":100}}
,"C:\\project-chiribito-test-backend\\Chiri-backend\\src\\rooms\\managers\\AuthenticationService.ts": {"lines":{"total":57,"covered":55,"skipped":0,"pct":96.49},"functions":{"total":8,"covered":7,"skipped":0,"pct":87.5},"statements":{"total":60,"covered":57,"skipped":0,"pct":95},"branches":{"total":90,"covered":76,"skipped":0,"pct":84.44}}
,"C:\\project-chiribito-test-backend\\Chiri-backend\\src\\rooms\\managers\\ConnectionMonitor.ts": {"lines":{"total":38,"covered":38,"skipped":0,"pct":100},"functions":{"total":11,"covered":11,"skipped":0,"pct":100},"statements":{"total":39,"covered":39,"skipped":0,"pct":100},"branches":{"total":4,"covered":4,"skipped":0,"pct":100}}
,"C:\\project-chiribito-test-backend\\Chiri-backend\\src\\rooms\\managers\\PlayerLifecycleManager.ts": {"lines":{"total":98,"covered":94,"skipped":0,"pct":95.91},"functions":{"total":12,"covered":12,"skipped":0,"pct":100},"statements":{"total":102,"covered":97,"skipped":0,"pct":95.09},"branches":{"total":68,"covered":58,"skipped":0,"pct":85.29}}
,"C:\\project-chiribito-test-backend\\Chiri-backend\\src\\rooms\\managers\\RateLimiterService.ts": {"lines":{"total":53,"covered":53,"skipped":0,"pct":100},"functions":{"total":11,"covered":11,"skipped":0,"pct":100},"statements":{"total":58,"covered":57,"skipped":0,"pct":98.27},"branches":{"total":23,"covered":21,"skipped":0,"pct":91.3}}
,"C:\\project-chiribito-test-backend\\Chiri-backend\\src\\rooms\\managers\\SeatManager.ts": {"lines":{"total":23,"covered":23,"skipped":0,"pct":100},"functions":{"total":8,"covered":8,"skipped":0,"pct":100},"statements":{"total":24,"covered":24,"skipped":0,"pct":100},"branches":{"total":6,"covered":5,"skipped":0,"pct":83.33}}
,"C:\\project-chiribito-test-backend\\Chiri-backend\\src\\rooms\\managers\\SessionManager.ts": {"lines":{"total":35,"covered":35,"skipped":0,"pct":100},"functions":{"total":12,"covered":12,"skipped":0,"pct":100},"statements":{"total":35,"covered":35,"skipped":0,"pct":100},"branches":{"total":3,"covered":3,"skipped":0,"pct":100}}
,"C:\\project-chiribito-test-backend\\Chiri-backend\\src\\rooms\\managers\\index.ts": {"lines":{"total":10,"covered":10,"skipped":0,"pct":100},"functions":{"total":7,"covered":7,"skipped":0,"pct":100},"statements":{"total":14,"covered":14,"skipped":0,"pct":100},"branches":{"total":0,"covered":0,"skipped":0,"pct":100}}
,"C:\\project-chiribito-test-backend\\Chiri-backend\\src\\services\\api-server-stats.ts": {"lines":{"total":13,"covered":13,"skipped":0,"pct":100},"functions":{"total":2,"covered":1,"skipped":0,"pct":50},"statements":{"total":14,"covered":13,"skipped":0,"pct":92.85},"branches":{"total":4,"covered":4,"skipped":0,"pct":100}}
}
