{"C:\\project-chiribito-test-backend\\Chiri-backend\\src\\rooms\\MyRoom.ts": {"path":"C:\\project-chiribito-test-backend\\Chiri-backend\\src\\rooms\\MyRoom.ts","statementMap":{"0":{"start":{"line":1,"column":0},"end":{"line":1,"column":46}},"1":{"start":{"line":2,"column":0},"end":{"line":2,"column":59}},"2":{"start":{"line":3,"column":0},"end":{"line":3,"column":47}},"3":{"start":{"line":4,"column":0},"end":{"line":4,"column":38}},"4":{"start":{"line":5,"column":0},"end":{"line":5,"column":90}},"5":{"start":{"line":12,"column":0},"end":{"line":12,"column":null}},"6":{"start":{"line":23,"column":16},"end":{"line":23,"column":62}},"7":{"start":{"line":26,"column":2},"end":{"line":26,"column":17}},"8":{"start":{"line":27,"column":9},"end":{"line":27,"column":51}},"9":{"start":{"line":28,"column":9},"end":{"line":28,"column":33}},"10":{"start":{"line":29,"column":9},"end":{"line":29,"column":40}},"11":{"start":{"line":30,"column":9},"end":{"line":30,"column":38}},"12":{"start":{"line":31,"column":9},"end":{"line":31,"column":56}},"13":{"start":{"line":32,"column":9},"end":{"line":32,"column":47}},"14":{"start":{"line":34,"column":10},"end":{"line":34,"column":42}},"15":{"start":{"line":47,"column":4},"end":{"line":47,"column":57}},"16":{"start":{"line":55,"column":19},"end":{"line":55,"column":68}},"17":{"start":{"line":55,"column":42},"end":{"line":55,"column":67}},"18":{"start":{"line":56,"column":19},"end":{"line":56,"column":59}},"19":{"start":{"line":58,"column":4},"end":{"line":60,"column":5}},"20":{"start":{"line":59,"column":6},"end":{"line":59,"column":81}},"21":{"start":{"line":74,"column":4},"end":{"line":80,"column":6}},"22":{"start":{"line":79,"column":25},"end":{"line":79,"column":54}},"23":{"start":{"line":89,"column":29},"end":{"line":89,"column":61}},"24":{"start":{"line":92,"column":4},"end":{"line":95,"column":5}},"25":{"start":{"line":93,"column":6},"end":{"line":93,"column":103}},"26":{"start":{"line":94,"column":6},"end":{"line":94,"column":19}},"27":{"start":{"line":97,"column":4},"end":{"line":100,"column":5}},"28":{"start":{"line":98,"column":6},"end":{"line":98,"column":89}},"29":{"start":{"line":99,"column":6},"end":{"line":99,"column":19}},"30":{"start":{"line":102,"column":4},"end":{"line":102,"column":57}},"31":{"start":{"line":103,"column":4},"end":{"line":103,"column":16}},"32":{"start":{"line":107,"column":4},"end":{"line":107,"column":37}},"33":{"start":{"line":108,"column":4},"end":{"line":108,"column":29}},"34":{"start":{"line":109,"column":4},"end":{"line":109,"column":39}},"35":{"start":{"line":112,"column":4},"end":{"line":112,"column":91}},"36":{"start":{"line":113,"column":4},"end":{"line":119,"column":7}},"37":{"start":{"line":120,"column":4},"end":{"line":123,"column":7}},"38":{"start":{"line":124,"column":4},"end":{"line":124,"column":115}},"39":{"start":{"line":125,"column":4},"end":{"line":132,"column":7}},"40":{"start":{"line":133,"column":4},"end":{"line":133,"column":63}},"41":{"start":{"line":134,"column":4},"end":{"line":136,"column":7}},"42":{"start":{"line":137,"column":4},"end":{"line":151,"column":6}},"43":{"start":{"line":145,"column":23},"end":{"line":145,"column":72}},"44":{"start":{"line":145,"column":46},"end":{"line":145,"column":71}},"45":{"start":{"line":146,"column":8},"end":{"line":149,"column":9}},"46":{"start":{"line":147,"column":10},"end":{"line":147,"column":104}},"47":{"start":{"line":148,"column":10},"end":{"line":148,"column":50}},"48":{"start":{"line":154,"column":4},"end":{"line":154,"column":35}},"49":{"start":{"line":155,"column":4},"end":{"line":155,"column":27}},"50":{"start":{"line":158,"column":4},"end":{"line":161,"column":7}},"51":{"start":{"line":159,"column":6},"end":{"line":159,"column":71}},"52":{"start":{"line":159,"column":64},"end":{"line":159,"column":71}},"53":{"start":{"line":160,"column":6},"end":{"line":160,"column":42}},"54":{"start":{"line":162,"column":4},"end":{"line":165,"column":7}},"55":{"start":{"line":163,"column":6},"end":{"line":163,"column":65}},"56":{"start":{"line":163,"column":58},"end":{"line":163,"column":65}},"57":{"start":{"line":164,"column":6},"end":{"line":164,"column":44}},"58":{"start":{"line":166,"column":4},"end":{"line":169,"column":7}},"59":{"start":{"line":167,"column":6},"end":{"line":167,"column":66}},"60":{"start":{"line":167,"column":59},"end":{"line":167,"column":66}},"61":{"start":{"line":168,"column":6},"end":{"line":168,"column":37}},"62":{"start":{"line":170,"column":4},"end":{"line":173,"column":7}},"63":{"start":{"line":171,"column":6},"end":{"line":171,"column":67}},"64":{"start":{"line":171,"column":60},"end":{"line":171,"column":67}},"65":{"start":{"line":172,"column":6},"end":{"line":172,"column":38}},"66":{"start":{"line":174,"column":4},"end":{"line":177,"column":7}},"67":{"start":{"line":175,"column":6},"end":{"line":175,"column":66}},"68":{"start":{"line":175,"column":59},"end":{"line":175,"column":66}},"69":{"start":{"line":176,"column":6},"end":{"line":176,"column":37}},"70":{"start":{"line":178,"column":4},"end":{"line":181,"column":7}},"71":{"start":{"line":179,"column":6},"end":{"line":179,"column":67}},"72":{"start":{"line":179,"column":60},"end":{"line":179,"column":67}},"73":{"start":{"line":180,"column":6},"end":{"line":180,"column":38}},"74":{"start":{"line":182,"column":4},"end":{"line":185,"column":7}},"75":{"start":{"line":183,"column":6},"end":{"line":183,"column":67}},"76":{"start":{"line":183,"column":60},"end":{"line":183,"column":67}},"77":{"start":{"line":184,"column":6},"end":{"line":184,"column":46}},"78":{"start":{"line":188,"column":4},"end":{"line":192,"column":7}},"79":{"start":{"line":189,"column":6},"end":{"line":189,"column":63}},"80":{"start":{"line":190,"column":6},"end":{"line":190,"column":61}},"81":{"start":{"line":191,"column":6},"end":{"line":191,"column":35}},"82":{"start":{"line":195,"column":4},"end":{"line":197,"column":7}},"83":{"start":{"line":196,"column":6},"end":{"line":196,"column":31}},"84":{"start":{"line":202,"column":4},"end":{"line":202,"column":49}},"85":{"start":{"line":206,"column":19},"end":{"line":206,"column":92}},"86":{"start":{"line":209,"column":4},"end":{"line":209,"column":39}},"87":{"start":{"line":210,"column":4},"end":{"line":212,"column":5}},"88":{"start":{"line":211,"column":6},"end":{"line":211,"column":57}},"89":{"start":{"line":214,"column":4},"end":{"line":214,"column":28}},"90":{"start":{"line":218,"column":4},"end":{"line":230,"column":6}},"91":{"start":{"line":228,"column":12},"end":{"line":228,"column":36}},"92":{"start":{"line":229,"column":31},"end":{"line":229,"column":66}},"93":{"start":{"line":234,"column":4},"end":{"line":248,"column":6}},"94":{"start":{"line":246,"column":22},"end":{"line":246,"column":82}},"95":{"start":{"line":247,"column":31},"end":{"line":247,"column":66}},"96":{"start":{"line":252,"column":4},"end":{"line":252,"column":59}},"97":{"start":{"line":253,"column":4},"end":{"line":253,"column":57}},"98":{"start":{"line":253,"column":26},"end":{"line":253,"column":57}},"99":{"start":{"line":256,"column":4},"end":{"line":256,"column":39}},"100":{"start":{"line":257,"column":4},"end":{"line":257,"column":33}},"101":{"start":{"line":258,"column":4},"end":{"line":258,"column":33}},"102":{"start":{"line":259,"column":4},"end":{"line":259,"column":36}},"103":{"start":{"line":262,"column":4},"end":{"line":265,"column":5}},"104":{"start":{"line":263,"column":6},"end":{"line":263,"column":34}},"105":{"start":{"line":264,"column":6},"end":{"line":264,"column":32}},"106":{"start":{"line":25,"column":0},"end":{"line":25,"column":13}}},"fnMap":{"0":{"name":"(anonymous_8)","decl":{"start":{"line":25,"column":0},"end":{"line":25,"column":13}},"loc":{"start":{"line":25,"column":0},"end":{"line":268,"column":1}}},"1":{"name":"(anonymous_9)","decl":{"start":{"line":46,"column":10},"end":{"line":46,"column":30}},"loc":{"start":{"line":46,"column":30},"end":{"line":48,"column":3}}},"2":{"name":"(anonymous_10)","decl":{"start":{"line":54,"column":10},"end":{"line":54,"column":21}},"loc":{"start":{"line":54,"column":58},"end":{"line":61,"column":3}}},"3":{"name":"(anonymous_11)","decl":{"start":{"line":55,"column":37},"end":{"line":55,"column":38}},"loc":{"start":{"line":55,"column":42},"end":{"line":55,"column":67}}},"4":{"name":"(anonymous_12)","decl":{"start":{"line":66,"column":10},"end":{"line":66,"column":36}},"loc":{"start":{"line":66,"column":36},"end":{"line":68,"column":3}}},"5":{"name":"(anonymous_13)","decl":{"start":{"line":73,"column":10},"end":{"line":73,"column":21}},"loc":{"start":{"line":73,"column":36},"end":{"line":81,"column":3}}},"6":{"name":"(anonymous_14)","decl":{"start":{"line":79,"column":6},"end":{"line":79,"column":7}},"loc":{"start":{"line":79,"column":25},"end":{"line":79,"column":54}}},"7":{"name":"(anonymous_15)","decl":{"start":{"line":87,"column":10},"end":{"line":87,"column":25}},"loc":{"start":{"line":87,"column":63},"end":{"line":104,"column":3}}},"8":{"name":"(anonymous_16)","decl":{"start":{"line":106,"column":2},"end":{"line":106,"column":10}},"loc":{"start":{"line":106,"column":23},"end":{"line":198,"column":3}}},"9":{"name":"(anonymous_17)","decl":{"start":{"line":143,"column":6},"end":{"line":143,"column":7}},"loc":{"start":{"line":143,"column":20},"end":{"line":150,"column":7}}},"10":{"name":"(anonymous_18)","decl":{"start":{"line":145,"column":41},"end":{"line":145,"column":42}},"loc":{"start":{"line":145,"column":46},"end":{"line":145,"column":71}}},"11":{"name":"(anonymous_19)","decl":{"start":{"line":158,"column":32},"end":{"line":158,"column":33}},"loc":{"start":{"line":158,"column":43},"end":{"line":161,"column":5}}},"12":{"name":"(anonymous_20)","decl":{"start":{"line":162,"column":26},"end":{"line":162,"column":27}},"loc":{"start":{"line":162,"column":53},"end":{"line":165,"column":5}}},"13":{"name":"(anonymous_21)","decl":{"start":{"line":166,"column":27},"end":{"line":166,"column":28}},"loc":{"start":{"line":166,"column":38},"end":{"line":169,"column":5}}},"14":{"name":"(anonymous_22)","decl":{"start":{"line":170,"column":28},"end":{"line":170,"column":29}},"loc":{"start":{"line":170,"column":39},"end":{"line":173,"column":5}}},"15":{"name":"(anonymous_23)","decl":{"start":{"line":174,"column":27},"end":{"line":174,"column":28}},"loc":{"start":{"line":174,"column":38},"end":{"line":177,"column":5}}},"16":{"name":"(anonymous_24)","decl":{"start":{"line":178,"column":28},"end":{"line":178,"column":29}},"loc":{"start":{"line":178,"column":39},"end":{"line":181,"column":5}}},"17":{"name":"(anonymous_25)","decl":{"start":{"line":182,"column":28},"end":{"line":182,"column":29}},"loc":{"start":{"line":182,"column":55},"end":{"line":185,"column":5}}},"18":{"name":"(anonymous_26)","decl":{"start":{"line":188,"column":32},"end":{"line":188,"column":33}},"loc":{"start":{"line":188,"column":43},"end":{"line":192,"column":5}}},"19":{"name":"(anonymous_27)","decl":{"start":{"line":195,"column":28},"end":{"line":195,"column":29}},"loc":{"start":{"line":195,"column":39},"end":{"line":197,"column":5}}},"20":{"name":"(anonymous_28)","decl":{"start":{"line":201,"column":8},"end":{"line":201,"column":19}},"loc":{"start":{"line":201,"column":49},"end":{"line":203,"column":null}}},"21":{"name":"(anonymous_30)","decl":{"start":{"line":205,"column":8},"end":{"line":205,"column":14}},"loc":{"start":{"line":205,"column":43},"end":{"line":215,"column":null}}},"22":{"name":"(anonymous_32)","decl":{"start":{"line":217,"column":2},"end":{"line":217,"column":8}},"loc":{"start":{"line":217,"column":37},"end":{"line":231,"column":3}}},"23":{"name":"(anonymous_33)","decl":{"start":{"line":228,"column":6},"end":{"line":228,"column":9}},"loc":{"start":{"line":228,"column":12},"end":{"line":228,"column":36}}},"24":{"name":"(anonymous_34)","decl":{"start":{"line":229,"column":6},"end":{"line":229,"column":7}},"loc":{"start":{"line":229,"column":31},"end":{"line":229,"column":66}}},"25":{"name":"(anonymous_35)","decl":{"start":{"line":233,"column":8},"end":{"line":233,"column":15}},"loc":{"start":{"line":233,"column":50},"end":{"line":249,"column":null}}},"26":{"name":"(anonymous_37)","decl":{"start":{"line":246,"column":6},"end":{"line":246,"column":7}},"loc":{"start":{"line":246,"column":22},"end":{"line":246,"column":82}}},"27":{"name":"(anonymous_38)","decl":{"start":{"line":247,"column":6},"end":{"line":247,"column":7}},"loc":{"start":{"line":247,"column":31},"end":{"line":247,"column":66}}},"28":{"name":"(anonymous_39)","decl":{"start":{"line":251,"column":2},"end":{"line":251,"column":11}},"loc":{"start":{"line":251,"column":11},"end":{"line":266,"column":3}}}},"branchMap":{"0":{"loc":{"start":{"line":23,"column":16},"end":{"line":23,"column":62}},"type":"binary-expr","locations":[{"start":{"line":23,"column":16},"end":{"line":23,"column":35}},{"start":{"line":23,"column":39},"end":{"line":23,"column":62}}]},"1":{"loc":{"start":{"line":47,"column":11},"end":{"line":47,"column":56}},"type":"cond-expr","locations":[{"start":{"line":47,"column":50},"end":{"line":47,"column":54}},{"start":{"line":47,"column":54},"end":{"line":47,"column":56}}]},"2":{"loc":{"start":{"line":47,"column":11},"end":{"line":47,"column":54}},"type":"binary-expr","locations":[{"start":{"line":47,"column":11},"end":{"line":47,"column":54}},{"start":{"line":47,"column":50},"end":{"line":47,"column":54}}]},"3":{"loc":{"start":{"line":58,"column":4},"end":{"line":60,"column":5}},"type":"if","locations":[{"start":{"line":58,"column":4},"end":{"line":60,"column":5}}]},"4":{"loc":{"start":{"line":58,"column":8},"end":{"line":58,"column":24}},"type":"binary-expr","locations":[{"start":{"line":58,"column":8},"end":{"line":58,"column":14}},{"start":{"line":58,"column":18},"end":{"line":58,"column":24}}]},"5":{"loc":{"start":{"line":92,"column":4},"end":{"line":95,"column":5}},"type":"if","locations":[{"start":{"line":92,"column":4},"end":{"line":95,"column":5}}]},"6":{"loc":{"start":{"line":92,"column":8},"end":{"line":92,"column":69}},"type":"binary-expr","locations":[{"start":{"line":92,"column":8},"end":{"line":92,"column":32}},{"start":{"line":92,"column":36},"end":{"line":92,"column":69}}]},"7":{"loc":{"start":{"line":97,"column":4},"end":{"line":100,"column":5}},"type":"if","locations":[{"start":{"line":97,"column":4},"end":{"line":100,"column":5}}]},"8":{"loc":{"start":{"line":115,"column":17},"end":{"line":115,"column":45}},"type":"binary-expr","locations":[{"start":{"line":115,"column":17},"end":{"line":115,"column":39}},{"start":{"line":115,"column":43},"end":{"line":115,"column":45}}]},"9":{"loc":{"start":{"line":146,"column":8},"end":{"line":149,"column":9}},"type":"if","locations":[{"start":{"line":146,"column":8},"end":{"line":149,"column":9}}]},"10":{"loc":{"start":{"line":159,"column":6},"end":{"line":159,"column":71}},"type":"if","locations":[{"start":{"line":159,"column":6},"end":{"line":159,"column":71}}]},"11":{"loc":{"start":{"line":163,"column":6},"end":{"line":163,"column":65}},"type":"if","locations":[{"start":{"line":163,"column":6},"end":{"line":163,"column":65}}]},"12":{"loc":{"start":{"line":167,"column":6},"end":{"line":167,"column":66}},"type":"if","locations":[{"start":{"line":167,"column":6},"end":{"line":167,"column":66}}]},"13":{"loc":{"start":{"line":171,"column":6},"end":{"line":171,"column":67}},"type":"if","locations":[{"start":{"line":171,"column":6},"end":{"line":171,"column":67}}]},"14":{"loc":{"start":{"line":175,"column":6},"end":{"line":175,"column":66}},"type":"if","locations":[{"start":{"line":175,"column":6},"end":{"line":175,"column":66}}]},"15":{"loc":{"start":{"line":179,"column":6},"end":{"line":179,"column":67}},"type":"if","locations":[{"start":{"line":179,"column":6},"end":{"line":179,"column":67}}]},"16":{"loc":{"start":{"line":183,"column":6},"end":{"line":183,"column":67}},"type":"if","locations":[{"start":{"line":183,"column":6},"end":{"line":183,"column":67}}]},"17":{"loc":{"start":{"line":210,"column":4},"end":{"line":212,"column":5}},"type":"if","locations":[{"start":{"line":210,"column":4},"end":{"line":212,"column":5}}]},"18":{"loc":{"start":{"line":253,"column":4},"end":{"line":253,"column":57}},"type":"if","locations":[{"start":{"line":253,"column":4},"end":{"line":253,"column":57}}]},"19":{"loc":{"start":{"line":256,"column":4},"end":{"line":256,"column":38}},"type":"cond-expr","locations":[{"start":{"line":256,"column":26},"end":{"line":256,"column":28}},{"start":{"line":256,"column":26},"end":{"line":256,"column":38}}]},"20":{"loc":{"start":{"line":256,"column":4},"end":{"line":256,"column":28}},"type":"binary-expr","locations":[{"start":{"line":256,"column":4},"end":{"line":256,"column":28}},{"start":{"line":256,"column":26},"end":{"line":256,"column":28}}]},"21":{"loc":{"start":{"line":257,"column":4},"end":{"line":257,"column":32}},"type":"cond-expr","locations":[{"start":{"line":257,"column":20},"end":{"line":257,"column":22}},{"start":{"line":257,"column":20},"end":{"line":257,"column":32}}]},"22":{"loc":{"start":{"line":257,"column":4},"end":{"line":257,"column":22}},"type":"binary-expr","locations":[{"start":{"line":257,"column":4},"end":{"line":257,"column":22}},{"start":{"line":257,"column":20},"end":{"line":257,"column":22}}]},"23":{"loc":{"start":{"line":258,"column":4},"end":{"line":258,"column":32}},"type":"cond-expr","locations":[{"start":{"line":258,"column":20},"end":{"line":258,"column":22}},{"start":{"line":258,"column":20},"end":{"line":258,"column":32}}]},"24":{"loc":{"start":{"line":258,"column":4},"end":{"line":258,"column":22}},"type":"binary-expr","locations":[{"start":{"line":258,"column":4},"end":{"line":258,"column":22}},{"start":{"line":258,"column":20},"end":{"line":258,"column":22}}]},"25":{"loc":{"start":{"line":259,"column":4},"end":{"line":259,"column":35}},"type":"cond-expr","locations":[{"start":{"line":259,"column":23},"end":{"line":259,"column":25}},{"start":{"line":259,"column":23},"end":{"line":259,"column":35}}]},"26":{"loc":{"start":{"line":259,"column":4},"end":{"line":259,"column":25}},"type":"binary-expr","locations":[{"start":{"line":259,"column":4},"end":{"line":259,"column":25}},{"start":{"line":259,"column":23},"end":{"line":259,"column":25}}]},"27":{"loc":{"start":{"line":262,"column":4},"end":{"line":265,"column":5}},"type":"if","locations":[{"start":{"line":262,"column":4},"end":{"line":265,"column":5}}]}},"s":{"0":0,"1":0,"2":0,"3":0,"4":0,"5":0,"6":0,"7":0,"8":0,"9":0,"10":0,"11":0,"12":0,"13":0,"14":0,"15":0,"16":0,"17":0,"18":0,"19":0,"20":0,"21":0,"22":0,"23":0,"24":0,"25":0,"26":0,"27":0,"28":0,"29":0,"30":0,"31":0,"32":0,"33":0,"34":0,"35":0,"36":0,"37":0,"38":0,"39":0,"40":0,"41":0,"42":0,"43":0,"44":0,"45":0,"46":0,"47":0,"48":0,"49":0,"50":0,"51":0,"52":0,"53":0,"54":0,"55":0,"56":0,"57":0,"58":0,"59":0,"60":0,"61":0,"62":0,"63":0,"64":0,"65":0,"66":0,"67":0,"68":0,"69":0,"70":0,"71":0,"72":0,"73":0,"74":0,"75":0,"76":0,"77":0,"78":0,"79":0,"80":0,"81":0,"82":0,"83":0,"84":0,"85":0,"86":0,"87":0,"88":0,"89":0,"90":0,"91":0,"92":0,"93":0,"94":0,"95":0,"96":0,"97":0,"98":0,"99":0,"100":0,"101":0,"102":0,"103":0,"104":0,"105":0,"106":0},"f":{"0":0,"1":0,"2":0,"3":0,"4":0,"5":0,"6":0,"7":0,"8":0,"9":0,"10":0,"11":0,"12":0,"13":0,"14":0,"15":0,"16":0,"17":0,"18":0,"19":0,"20":0,"21":0,"22":0,"23":0,"24":0,"25":0,"26":0,"27":0,"28":0},"b":{"0":[0,0],"1":[0,0],"2":[0,0],"3":[0],"4":[0,0],"5":[0],"6":[0,0],"7":[0],"8":[0,0],"9":[0],"10":[0],"11":[0],"12":[0],"13":[0],"14":[0],"15":[0],"16":[0],"17":[0],"18":[0],"19":[0,0],"20":[0,0],"21":[0,0],"22":[0,0],"23":[0,0],"24":[0,0],"25":[0,0],"26":[0,0],"27":[0]}}
,"C:\\project-chiribito-test-backend\\Chiri-backend\\src\\rooms\\game\\GameEngine.ts": {"path":"C:\\project-chiribito-test-backend\\Chiri-backend\\src\\rooms\\game\\GameEngine.ts","statementMap":{"0":{"start":{"line":9,"column":0},"end":{"line":9,"column":43}},"1":{"start":{"line":10,"column":0},"end":{"line":10,"column":41}},"2":{"start":{"line":11,"column":0},"end":{"line":11,"column":null}},"3":{"start":{"line":27,"column":22},"end":{"line":27,"column":37}},"4":{"start":{"line":20,"column":10},"end":{"line":20,"column":56}},"5":{"start":{"line":28,"column":4},"end":{"line":28,"column":37}},"6":{"start":{"line":29,"column":4},"end":{"line":29,"column":49}},"7":{"start":{"line":30,"column":4},"end":{"line":30,"column":47}},"8":{"start":{"line":31,"column":4},"end":{"line":31,"column":49}},"9":{"start":{"line":32,"column":4},"end":{"line":32,"column":59}},"10":{"start":{"line":39,"column":4},"end":{"line":42,"column":5}},"11":{"start":{"line":40,"column":6},"end":{"line":40,"column":68}},"12":{"start":{"line":41,"column":6},"end":{"line":41,"column":13}},"13":{"start":{"line":44,"column":26},"end":{"line":44,"column":93}},"14":{"start":{"line":44,"column":81},"end":{"line":44,"column":92}},"15":{"start":{"line":46,"column":4},"end":{"line":52,"column":5}},"16":{"start":{"line":47,"column":18},"end":{"line":49,"column":55}},"17":{"start":{"line":50,"column":6},"end":{"line":50,"column":45}},"18":{"start":{"line":51,"column":6},"end":{"line":51,"column":13}},"19":{"start":{"line":55,"column":4},"end":{"line":55,"column":40}},"20":{"start":{"line":56,"column":4},"end":{"line":56,"column":24}},"21":{"start":{"line":60,"column":4},"end":{"line":60,"column":67}},"22":{"start":{"line":62,"column":4},"end":{"line":62,"column":62}},"23":{"start":{"line":63,"column":4},"end":{"line":63,"column":41}},"24":{"start":{"line":64,"column":4},"end":{"line":64,"column":44}},"25":{"start":{"line":66,"column":4},"end":{"line":66,"column":92}},"26":{"start":{"line":68,"column":4},"end":{"line":71,"column":5}},"27":{"start":{"line":69,"column":6},"end":{"line":69,"column":43}},"28":{"start":{"line":70,"column":6},"end":{"line":70,"column":13}},"29":{"start":{"line":73,"column":4},"end":{"line":73,"column":88}},"30":{"start":{"line":74,"column":4},"end":{"line":74,"column":29}},"31":{"start":{"line":75,"column":4},"end":{"line":75,"column":26}},"32":{"start":{"line":79,"column":4},"end":{"line":79,"column":42}},"33":{"start":{"line":83,"column":4},"end":{"line":86,"column":7}},"34":{"start":{"line":88,"column":4},"end":{"line":88,"column":42}},"35":{"start":{"line":91,"column":29},"end":{"line":91,"column":67}},"36":{"start":{"line":92,"column":21},"end":{"line":93,"column":81}},"37":{"start":{"line":93,"column":50},"end":{"line":93,"column":80}},"38":{"start":{"line":95,"column":4},"end":{"line":104,"column":5}},"39":{"start":{"line":96,"column":6},"end":{"line":98,"column":9}},"40":{"start":{"line":99,"column":6},"end":{"line":101,"column":7}},"41":{"start":{"line":100,"column":8},"end":{"line":100,"column":50}},"42":{"start":{"line":102,"column":6},"end":{"line":102,"column":33}},"43":{"start":{"line":103,"column":6},"end":{"line":103,"column":13}},"44":{"start":{"line":107,"column":4},"end":{"line":110,"column":5}},"45":{"start":{"line":108,"column":6},"end":{"line":108,"column":33}},"46":{"start":{"line":109,"column":6},"end":{"line":109,"column":13}},"47":{"start":{"line":113,"column":4},"end":{"line":113,"column":46}},"48":{"start":{"line":114,"column":4},"end":{"line":114,"column":92}},"49":{"start":{"line":116,"column":4},"end":{"line":119,"column":5}},"50":{"start":{"line":117,"column":6},"end":{"line":117,"column":32}},"51":{"start":{"line":118,"column":6},"end":{"line":118,"column":13}},"52":{"start":{"line":121,"column":4},"end":{"line":121,"column":88}},"53":{"start":{"line":122,"column":4},"end":{"line":122,"column":29}},"54":{"start":{"line":123,"column":4},"end":{"line":123,"column":26}},"55":{"start":{"line":129,"column":23},"end":{"line":129,"column":62}},"56":{"start":{"line":130,"column":4},"end":{"line":130,"column":34}},"57":{"start":{"line":130,"column":27},"end":{"line":130,"column":34}},"58":{"start":{"line":132,"column":19},"end":{"line":132,"column":63}},"59":{"start":{"line":133,"column":27},"end":{"line":133,"column":53}},"60":{"start":{"line":135,"column":23},"end":{"line":135,"column":80}},"61":{"start":{"line":136,"column":4},"end":{"line":136,"column":46}},"62":{"start":{"line":137,"column":4},"end":{"line":137,"column":50}},"63":{"start":{"line":141,"column":4},"end":{"line":141,"column":65}},"64":{"start":{"line":141,"column":58},"end":{"line":141,"column":65}},"65":{"start":{"line":143,"column":19},"end":{"line":143,"column":62}},"66":{"start":{"line":144,"column":4},"end":{"line":144,"column":43}},"67":{"start":{"line":144,"column":36},"end":{"line":144,"column":43}},"68":{"start":{"line":146,"column":24},"end":{"line":146,"column":70}},"69":{"start":{"line":147,"column":4},"end":{"line":150,"column":5}},"70":{"start":{"line":148,"column":6},"end":{"line":148,"column":67}},"71":{"start":{"line":148,"column":51},"end":{"line":148,"column":65}},"72":{"start":{"line":149,"column":6},"end":{"line":149,"column":13}},"73":{"start":{"line":152,"column":23},"end":{"line":152,"column":58}},"74":{"start":{"line":153,"column":4},"end":{"line":153,"column":31}},"75":{"start":{"line":154,"column":4},"end":{"line":154,"column":36}},"76":{"start":{"line":155,"column":4},"end":{"line":155,"column":78}},"77":{"start":{"line":157,"column":4},"end":{"line":157,"column":58}},"78":{"start":{"line":159,"column":4},"end":{"line":164,"column":7}},"79":{"start":{"line":166,"column":4},"end":{"line":168,"column":5}},"80":{"start":{"line":167,"column":6},"end":{"line":167,"column":51}},"81":{"start":{"line":170,"column":4},"end":{"line":170,"column":19}},"82":{"start":{"line":174,"column":4},"end":{"line":174,"column":65}},"83":{"start":{"line":174,"column":49},"end":{"line":174,"column":63}},"84":{"start":{"line":178,"column":4},"end":{"line":178,"column":65}},"85":{"start":{"line":178,"column":58},"end":{"line":178,"column":65}},"86":{"start":{"line":180,"column":19},"end":{"line":180,"column":62}},"87":{"start":{"line":181,"column":4},"end":{"line":181,"column":43}},"88":{"start":{"line":181,"column":36},"end":{"line":181,"column":43}},"89":{"start":{"line":183,"column":24},"end":{"line":183,"column":65}},"90":{"start":{"line":184,"column":4},"end":{"line":184,"column":40}},"91":{"start":{"line":188,"column":4},"end":{"line":188,"column":64}},"92":{"start":{"line":192,"column":4},"end":{"line":198,"column":7}},"93":{"start":{"line":193,"column":6},"end":{"line":197,"column":7}},"94":{"start":{"line":194,"column":8},"end":{"line":194,"column":69}},"95":{"start":{"line":196,"column":8},"end":{"line":196,"column":23}},"96":{"start":{"line":202,"column":4},"end":{"line":208,"column":7}},"97":{"start":{"line":203,"column":6},"end":{"line":207,"column":7}},"98":{"start":{"line":204,"column":8},"end":{"line":204,"column":69}},"99":{"start":{"line":206,"column":8},"end":{"line":206,"column":23}},"100":{"start":{"line":214,"column":26},"end":{"line":214,"column":57}},"101":{"start":{"line":215,"column":18},"end":{"line":215,"column":54}},"102":{"start":{"line":217,"column":4},"end":{"line":220,"column":7}},"103":{"start":{"line":223,"column":4},"end":{"line":226,"column":5}},"104":{"start":{"line":224,"column":6},"end":{"line":224,"column":32}},"105":{"start":{"line":225,"column":6},"end":{"line":225,"column":13}},"106":{"start":{"line":229,"column":4},"end":{"line":229,"column":99}},"107":{"start":{"line":231,"column":4},"end":{"line":234,"column":5}},"108":{"start":{"line":232,"column":6},"end":{"line":232,"column":32}},"109":{"start":{"line":233,"column":6},"end":{"line":233,"column":13}},"110":{"start":{"line":236,"column":4},"end":{"line":236,"column":88}},"111":{"start":{"line":237,"column":4},"end":{"line":237,"column":26}},"112":{"start":{"line":241,"column":4},"end":{"line":241,"column":67}},"113":{"start":{"line":241,"column":31},"end":{"line":241,"column":67}},"114":{"start":{"line":243,"column":22},"end":{"line":243,"column":32}},"115":{"start":{"line":244,"column":22},"end":{"line":244,"column":34}},"116":{"start":{"line":246,"column":4},"end":{"line":251,"column":7}},"117":{"start":{"line":253,"column":4},"end":{"line":255,"column":18}},"118":{"start":{"line":254,"column":6},"end":{"line":254,"column":61}},"119":{"start":{"line":261,"column":4},"end":{"line":261,"column":67}},"120":{"start":{"line":261,"column":31},"end":{"line":261,"column":67}},"121":{"start":{"line":263,"column":4},"end":{"line":263,"column":41}},"122":{"start":{"line":265,"column":26},"end":{"line":267,"column":null}},"123":{"start":{"line":270,"column":4},"end":{"line":273,"column":7}},"124":{"start":{"line":271,"column":21},"end":{"line":271,"column":63}},"125":{"start":{"line":272,"column":6},"end":{"line":272,"column":48}},"126":{"start":{"line":272,"column":18},"end":{"line":272,"column":48}},"127":{"start":{"line":275,"column":50},"end":{"line":275,"column":52}},"128":{"start":{"line":276,"column":4},"end":{"line":278,"column":5}},"129":{"start":{"line":277,"column":6},"end":{"line":277,"column":46}},"130":{"start":{"line":280,"column":4},"end":{"line":286,"column":7}},"131":{"start":{"line":288,"column":4},"end":{"line":288,"column":100}},"132":{"start":{"line":291,"column":4},"end":{"line":291,"column":24}},"133":{"start":{"line":295,"column":19},"end":{"line":295,"column":61}},"134":{"start":{"line":296,"column":4},"end":{"line":296,"column":54}},"135":{"start":{"line":304,"column":26},"end":{"line":304,"column":93}},"136":{"start":{"line":304,"column":81},"end":{"line":304,"column":92}},"137":{"start":{"line":306,"column":4},"end":{"line":322,"column":5}},"138":{"start":{"line":307,"column":21},"end":{"line":307,"column":37}},"139":{"start":{"line":308,"column":6},"end":{"line":313,"column":9}},"140":{"start":{"line":315,"column":6},"end":{"line":321,"column":9}},"141":{"start":{"line":328,"column":4},"end":{"line":328,"column":82}},"142":{"start":{"line":328,"column":58},"end":{"line":328,"column":82}},"143":{"start":{"line":330,"column":19},"end":{"line":330,"column":62}},"144":{"start":{"line":331,"column":4},"end":{"line":331,"column":60}},"145":{"start":{"line":331,"column":36},"end":{"line":331,"column":60}},"146":{"start":{"line":333,"column":4},"end":{"line":337,"column":7}},"147":{"start":{"line":339,"column":4},"end":{"line":344,"column":5}},"148":{"start":{"line":340,"column":6},"end":{"line":342,"column":9}},"149":{"start":{"line":343,"column":6},"end":{"line":343,"column":30}},"150":{"start":{"line":346,"column":4},"end":{"line":346,"column":27}},"151":{"start":{"line":354,"column":22},"end":{"line":357,"column":80}},"152":{"start":{"line":355,"column":20},"end":{"line":355,"column":43}},"153":{"start":{"line":356,"column":17},"end":{"line":356,"column":46}},"154":{"start":{"line":357,"column":52},"end":{"line":357,"column":79}},"155":{"start":{"line":359,"column":27},"end":{"line":361,"column":16}},"156":{"start":{"line":360,"column":40},"end":{"line":360,"column":64}},"157":{"start":{"line":363,"column":25},"end":{"line":363,"column":57}},"158":{"start":{"line":364,"column":24},"end":{"line":364,"column":56}},"159":{"start":{"line":365,"column":29},"end":{"line":365,"column":64}},"160":{"start":{"line":366,"column":27},"end":{"line":366,"column":63}},"161":{"start":{"line":368,"column":20},"end":{"line":368,"column":73}},"162":{"start":{"line":369,"column":20},"end":{"line":369,"column":51}},"163":{"start":{"line":371,"column":4},"end":{"line":378,"column":6}},"164":{"start":{"line":382,"column":67},"end":{"line":382,"column":77}},"165":{"start":{"line":384,"column":4},"end":{"line":384,"column":37}},"166":{"start":{"line":385,"column":4},"end":{"line":385,"column":42}},"167":{"start":{"line":386,"column":4},"end":{"line":386,"column":84}},"168":{"start":{"line":388,"column":4},"end":{"line":390,"column":5}},"169":{"start":{"line":389,"column":6},"end":{"line":389,"column":51}},"170":{"start":{"line":392,"column":4},"end":{"line":396,"column":5}},"171":{"start":{"line":393,"column":6},"end":{"line":393,"column":50}},"172":{"start":{"line":394,"column":6},"end":{"line":394,"column":52}},"173":{"start":{"line":395,"column":6},"end":{"line":395,"column":46}},"174":{"start":{"line":398,"column":4},"end":{"line":398,"column":58}},"175":{"start":{"line":402,"column":51},"end":{"line":402,"column":61}},"176":{"start":{"line":404,"column":4},"end":{"line":409,"column":7}},"177":{"start":{"line":411,"column":4},"end":{"line":411,"column":19}},"178":{"start":{"line":417,"column":4},"end":{"line":417,"column":64}},"179":{"start":{"line":421,"column":4},"end":{"line":421,"column":47}},"180":{"start":{"line":19,"column":0},"end":{"line":19,"column":13}}},"fnMap":{"0":{"name":"(anonymous_1)","decl":{"start":{"line":27,"column":2},"end":{"line":27,"column":22}},"loc":{"start":{"line":27,"column":37},"end":{"line":33,"column":3}}},"1":{"name":"(anonymous_2)","decl":{"start":{"line":37,"column":2},"end":{"line":37,"column":17}},"loc":{"start":{"line":37,"column":32},"end":{"line":57,"column":3}}},"2":{"name":"(anonymous_3)","decl":{"start":{"line":44,"column":76},"end":{"line":44,"column":77}},"loc":{"start":{"line":44,"column":81},"end":{"line":44,"column":92}}},"3":{"name":"(anonymous_4)","decl":{"start":{"line":59,"column":2},"end":{"line":59,"column":14}},"loc":{"start":{"line":59,"column":14},"end":{"line":76,"column":3}}},"4":{"name":"(anonymous_5)","decl":{"start":{"line":78,"column":2},"end":{"line":78,"column":19}},"loc":{"start":{"line":78,"column":19},"end":{"line":80,"column":3}}},"5":{"name":"(anonymous_6)","decl":{"start":{"line":82,"column":2},"end":{"line":82,"column":20}},"loc":{"start":{"line":82,"column":20},"end":{"line":124,"column":3}}},"6":{"name":"(anonymous_7)","decl":{"start":{"line":93,"column":44},"end":{"line":93,"column":46}},"loc":{"start":{"line":93,"column":50},"end":{"line":93,"column":80}}},"7":{"name":"(anonymous_8)","decl":{"start":{"line":128,"column":2},"end":{"line":128,"column":11}},"loc":{"start":{"line":128,"column":42},"end":{"line":138,"column":3}}},"8":{"name":"(anonymous_9)","decl":{"start":{"line":140,"column":2},"end":{"line":140,"column":12}},"loc":{"start":{"line":140,"column":27},"end":{"line":171,"column":3}}},"9":{"name":"(anonymous_10)","decl":{"start":{"line":148,"column":45},"end":{"line":148,"column":48}},"loc":{"start":{"line":148,"column":51},"end":{"line":148,"column":65}}},"10":{"name":"(anonymous_11)","decl":{"start":{"line":173,"column":2},"end":{"line":173,"column":13}},"loc":{"start":{"line":173,"column":28},"end":{"line":175,"column":3}}},"11":{"name":"(anonymous_12)","decl":{"start":{"line":174,"column":43},"end":{"line":174,"column":46}},"loc":{"start":{"line":174,"column":49},"end":{"line":174,"column":63}}},"12":{"name":"(anonymous_13)","decl":{"start":{"line":177,"column":2},"end":{"line":177,"column":13}},"loc":{"start":{"line":177,"column":28},"end":{"line":185,"column":3}}},"13":{"name":"(anonymous_14)","decl":{"start":{"line":187,"column":2},"end":{"line":187,"column":13}},"loc":{"start":{"line":187,"column":44},"end":{"line":189,"column":3}}},"14":{"name":"(anonymous_15)","decl":{"start":{"line":191,"column":2},"end":{"line":191,"column":12}},"loc":{"start":{"line":191,"column":27},"end":{"line":199,"column":3}}},"15":{"name":"(anonymous_16)","decl":{"start":{"line":192,"column":66},"end":{"line":192,"column":69}},"loc":{"start":{"line":192,"column":71},"end":{"line":198,"column":5}}},"16":{"name":"(anonymous_17)","decl":{"start":{"line":201,"column":2},"end":{"line":201,"column":22}},"loc":{"start":{"line":201,"column":40},"end":{"line":209,"column":3}}},"17":{"name":"(anonymous_18)","decl":{"start":{"line":202,"column":79},"end":{"line":202,"column":82}},"loc":{"start":{"line":202,"column":84},"end":{"line":208,"column":5}}},"18":{"name":"(anonymous_19)","decl":{"start":{"line":213,"column":2},"end":{"line":213,"column":9}},"loc":{"start":{"line":213,"column":9},"end":{"line":238,"column":3}}},"19":{"name":"(anonymous_20)","decl":{"start":{"line":240,"column":2},"end":{"line":240,"column":16}},"loc":{"start":{"line":240,"column":16},"end":{"line":256,"column":3}}},"20":{"name":"(anonymous_21)","decl":{"start":{"line":253,"column":39},"end":{"line":253,"column":42}},"loc":{"start":{"line":253,"column":44},"end":{"line":255,"column":5}}},"21":{"name":"(anonymous_22)","decl":{"start":{"line":260,"column":2},"end":{"line":260,"column":10}},"loc":{"start":{"line":260,"column":74},"end":{"line":292,"column":3}}},"22":{"name":"(anonymous_23)","decl":{"start":{"line":270,"column":26},"end":{"line":270,"column":32}},"loc":{"start":{"line":270,"column":35},"end":{"line":273,"column":5}}},"23":{"name":"(anonymous_24)","decl":{"start":{"line":294,"column":10},"end":{"line":294,"column":29}},"loc":{"start":{"line":294,"column":29},"end":{"line":297,"column":3}}},"24":{"name":"(anonymous_25)","decl":{"start":{"line":303,"column":10},"end":{"line":303,"column":22}},"loc":{"start":{"line":303,"column":22},"end":{"line":323,"column":3}}},"25":{"name":"(anonymous_26)","decl":{"start":{"line":304,"column":76},"end":{"line":304,"column":77}},"loc":{"start":{"line":304,"column":81},"end":{"line":304,"column":92}}},"26":{"name":"(anonymous_27)","decl":{"start":{"line":327,"column":10},"end":{"line":327,"column":28}},"loc":{"start":{"line":327,"column":59},"end":{"line":347,"column":3}}},"27":{"name":"(anonymous_28)","decl":{"start":{"line":349,"column":10},"end":{"line":349,"column":30}},"loc":{"start":{"line":352,"column":26},"end":{"line":379,"column":3}}},"28":{"name":"(anonymous_29)","decl":{"start":{"line":355,"column":14},"end":{"line":355,"column":16}},"loc":{"start":{"line":355,"column":20},"end":{"line":355,"column":43}}},"29":{"name":"(anonymous_30)","decl":{"start":{"line":356,"column":11},"end":{"line":356,"column":13}},"loc":{"start":{"line":356,"column":17},"end":{"line":356,"column":46}}},"30":{"name":"(anonymous_31)","decl":{"start":{"line":357,"column":14},"end":{"line":357,"column":15}},"loc":{"start":{"line":357,"column":52},"end":{"line":357,"column":79}}},"31":{"name":"(anonymous_32)","decl":{"start":{"line":360,"column":34},"end":{"line":360,"column":36}},"loc":{"start":{"line":360,"column":40},"end":{"line":360,"column":64}}},"32":{"name":"(anonymous_33)","decl":{"start":{"line":381,"column":10},"end":{"line":381,"column":26}},"loc":{"start":{"line":381,"column":55},"end":{"line":399,"column":3}}},"33":{"name":"(anonymous_34)","decl":{"start":{"line":401,"column":10},"end":{"line":401,"column":30}},"loc":{"start":{"line":401,"column":59},"end":{"line":412,"column":3}}},"34":{"name":"(anonymous_35)","decl":{"start":{"line":416,"column":2},"end":{"line":416,"column":39}},"loc":{"start":{"line":416,"column":57},"end":{"line":418,"column":3}}},"35":{"name":"(anonymous_36)","decl":{"start":{"line":420,"column":10},"end":{"line":420,"column":23}},"loc":{"start":{"line":420,"column":41},"end":{"line":422,"column":3}}}},"branchMap":{"0":{"loc":{"start":{"line":39,"column":4},"end":{"line":42,"column":5}},"type":"if","locations":[{"start":{"line":39,"column":4},"end":{"line":42,"column":5}}]},"1":{"loc":{"start":{"line":46,"column":4},"end":{"line":52,"column":5}},"type":"if","locations":[{"start":{"line":46,"column":4},"end":{"line":52,"column":5}}]},"2":{"loc":{"start":{"line":47,"column":18},"end":{"line":49,"column":55}},"type":"cond-expr","locations":[{"start":{"line":48,"column":10},"end":{"line":48,"column":57}},{"start":{"line":49,"column":10},"end":{"line":49,"column":55}}]},"3":{"loc":{"start":{"line":68,"column":4},"end":{"line":71,"column":5}},"type":"if","locations":[{"start":{"line":68,"column":4},"end":{"line":71,"column":5}}]},"4":{"loc":{"start":{"line":92,"column":21},"end":{"line":93,"column":81}},"type":"binary-expr","locations":[{"start":{"line":92,"column":21},"end":{"line":92,"column":48}},{"start":{"line":93,"column":21},"end":{"line":93,"column":81}}]},"5":{"loc":{"start":{"line":95,"column":4},"end":{"line":104,"column":5}},"type":"if","locations":[{"start":{"line":95,"column":4},"end":{"line":104,"column":5}}]},"6":{"loc":{"start":{"line":107,"column":4},"end":{"line":110,"column":5}},"type":"if","locations":[{"start":{"line":107,"column":4},"end":{"line":110,"column":5}}]},"7":{"loc":{"start":{"line":107,"column":8},"end":{"line":107,"column":89}},"type":"binary-expr","locations":[{"start":{"line":107,"column":8},"end":{"line":107,"column":43}},{"start":{"line":107,"column":47},"end":{"line":107,"column":89}}]},"8":{"loc":{"start":{"line":116,"column":4},"end":{"line":119,"column":5}},"type":"if","locations":[{"start":{"line":116,"column":4},"end":{"line":119,"column":5}}]},"9":{"loc":{"start":{"line":130,"column":4},"end":{"line":130,"column":34}},"type":"if","locations":[{"start":{"line":130,"column":4},"end":{"line":130,"column":34}}]},"10":{"loc":{"start":{"line":141,"column":4},"end":{"line":141,"column":65}},"type":"if","locations":[{"start":{"line":141,"column":4},"end":{"line":141,"column":65}}]},"11":{"loc":{"start":{"line":144,"column":4},"end":{"line":144,"column":43}},"type":"if","locations":[{"start":{"line":144,"column":4},"end":{"line":144,"column":43}}]},"12":{"loc":{"start":{"line":144,"column":8},"end":{"line":144,"column":34}},"type":"binary-expr","locations":[{"start":{"line":144,"column":8},"end":{"line":144,"column":15}},{"start":{"line":144,"column":19},"end":{"line":144,"column":34}}]},"13":{"loc":{"start":{"line":147,"column":4},"end":{"line":150,"column":5}},"type":"if","locations":[{"start":{"line":147,"column":4},"end":{"line":150,"column":5}}]},"14":{"loc":{"start":{"line":161,"column":14},"end":{"line":161,"column":57}},"type":"cond-expr","locations":[{"start":{"line":161,"column":41},"end":{"line":161,"column":48}},{"start":{"line":161,"column":51},"end":{"line":161,"column":57}}]},"15":{"loc":{"start":{"line":166,"column":4},"end":{"line":168,"column":5}},"type":"if","locations":[{"start":{"line":166,"column":4},"end":{"line":168,"column":5}}]},"16":{"loc":{"start":{"line":166,"column":8},"end":{"line":166,"column":54}},"type":"binary-expr","locations":[{"start":{"line":166,"column":8},"end":{"line":166,"column":32}},{"start":{"line":166,"column":36},"end":{"line":166,"column":54}}]},"17":{"loc":{"start":{"line":178,"column":4},"end":{"line":178,"column":65}},"type":"if","locations":[{"start":{"line":178,"column":4},"end":{"line":178,"column":65}}]},"18":{"loc":{"start":{"line":181,"column":4},"end":{"line":181,"column":43}},"type":"if","locations":[{"start":{"line":181,"column":4},"end":{"line":181,"column":43}}]},"19":{"loc":{"start":{"line":181,"column":8},"end":{"line":181,"column":34}},"type":"binary-expr","locations":[{"start":{"line":181,"column":8},"end":{"line":181,"column":15}},{"start":{"line":181,"column":19},"end":{"line":181,"column":34}}]},"20":{"loc":{"start":{"line":193,"column":6},"end":{"line":197,"column":7}},"type":"if","locations":[{"start":{"line":193,"column":6},"end":{"line":197,"column":7}},{"start":{"line":195,"column":13},"end":{"line":197,"column":7}}]},"21":{"loc":{"start":{"line":203,"column":6},"end":{"line":207,"column":7}},"type":"if","locations":[{"start":{"line":203,"column":6},"end":{"line":207,"column":7}},{"start":{"line":205,"column":13},"end":{"line":207,"column":7}}]},"22":{"loc":{"start":{"line":223,"column":4},"end":{"line":226,"column":5}},"type":"if","locations":[{"start":{"line":223,"column":4},"end":{"line":226,"column":5}}]},"23":{"loc":{"start":{"line":223,"column":8},"end":{"line":223,"column":68}},"type":"binary-expr","locations":[{"start":{"line":223,"column":8},"end":{"line":223,"column":34}},{"start":{"line":223,"column":38},"end":{"line":223,"column":68}}]},"24":{"loc":{"start":{"line":231,"column":4},"end":{"line":234,"column":5}},"type":"if","locations":[{"start":{"line":231,"column":4},"end":{"line":234,"column":5}}]},"25":{"loc":{"start":{"line":241,"column":4},"end":{"line":241,"column":67}},"type":"if","locations":[{"start":{"line":241,"column":4},"end":{"line":241,"column":67}}]},"26":{"loc":{"start":{"line":260,"column":51},"end":{"line":260,"column":74}},"type":"default-arg","locations":[{"start":{"line":260,"column":69},"end":{"line":260,"column":74}}]},"27":{"loc":{"start":{"line":261,"column":4},"end":{"line":261,"column":67}},"type":"if","locations":[{"start":{"line":261,"column":4},"end":{"line":261,"column":67}}]},"28":{"loc":{"start":{"line":272,"column":6},"end":{"line":272,"column":48}},"type":"if","locations":[{"start":{"line":272,"column":6},"end":{"line":272,"column":48}}]},"29":{"loc":{"start":{"line":306,"column":4},"end":{"line":322,"column":5}},"type":"if","locations":[{"start":{"line":306,"column":4},"end":{"line":322,"column":5}}]},"30":{"loc":{"start":{"line":328,"column":4},"end":{"line":328,"column":82}},"type":"if","locations":[{"start":{"line":328,"column":4},"end":{"line":328,"column":82}}]},"31":{"loc":{"start":{"line":331,"column":4},"end":{"line":331,"column":60}},"type":"if","locations":[{"start":{"line":331,"column":4},"end":{"line":331,"column":60}}]},"32":{"loc":{"start":{"line":331,"column":8},"end":{"line":331,"column":34}},"type":"binary-expr","locations":[{"start":{"line":331,"column":8},"end":{"line":331,"column":15}},{"start":{"line":331,"column":19},"end":{"line":331,"column":34}}]},"33":{"loc":{"start":{"line":339,"column":4},"end":{"line":344,"column":5}},"type":"if","locations":[{"start":{"line":339,"column":4},"end":{"line":344,"column":5}}]},"34":{"loc":{"start":{"line":357,"column":60},"end":{"line":357,"column":78}},"type":"binary-expr","locations":[{"start":{"line":357,"column":60},"end":{"line":357,"column":62}},{"start":{"line":357,"column":66},"end":{"line":357,"column":78}}]},"35":{"loc":{"start":{"line":359,"column":27},"end":{"line":361,"column":16}},"type":"cond-expr","locations":[{"start":{"line":360,"column":8},"end":{"line":360,"column":66}},{"start":{"line":361,"column":8},"end":{"line":361,"column":16}}]},"36":{"loc":{"start":{"line":368,"column":20},"end":{"line":368,"column":73}},"type":"binary-expr","locations":[{"start":{"line":368,"column":20},"end":{"line":368,"column":53}},{"start":{"line":368,"column":57},"end":{"line":368,"column":73}}]},"37":{"loc":{"start":{"line":388,"column":4},"end":{"line":390,"column":5}},"type":"if","locations":[{"start":{"line":388,"column":4},"end":{"line":390,"column":5}}]},"38":{"loc":{"start":{"line":392,"column":4},"end":{"line":396,"column":5}},"type":"if","locations":[{"start":{"line":392,"column":4},"end":{"line":396,"column":5}}]},"39":{"loc":{"start":{"line":406,"column":14},"end":{"line":406,"column":61}},"type":"cond-expr","locations":[{"start":{"line":406,"column":24},"end":{"line":406,"column":31}},{"start":{"line":406,"column":35},"end":{"line":406,"column":60}}]},"40":{"loc":{"start":{"line":406,"column":35},"end":{"line":406,"column":60}},"type":"cond-expr","locations":[{"start":{"line":406,"column":45},"end":{"line":406,"column":52}},{"start":{"line":406,"column":55},"end":{"line":406,"column":60}}]}},"s":{"0":2,"1":2,"2":2,"3":44,"4":44,"5":44,"6":44,"7":44,"8":44,"9":44,"10":7,"11":2,"12":2,"13":5,"14":10,"15":5,"16":1,"17":1,"18":1,"19":4,"20":4,"21":4,"22":4,"23":4,"24":4,"25":4,"26":4,"27":0,"28":0,"29":4,"30":4,"31":4,"32":7,"33":3,"34":3,"35":3,"36":3,"37":6,"38":3,"39":0,"40":0,"41":0,"42":0,"43":0,"44":3,"45":0,"46":0,"47":3,"48":3,"49":3,"50":0,"51":0,"52":3,"53":3,"54":3,"55":14,"56":14,"57":4,"58":10,"59":10,"60":10,"61":10,"62":10,"63":0,"64":0,"65":0,"66":0,"67":0,"68":0,"69":0,"70":0,"71":0,"72":0,"73":0,"74":0,"75":0,"76":0,"77":0,"78":0,"79":0,"80":0,"81":0,"82":0,"83":0,"84":0,"85":0,"86":0,"87":0,"88":0,"89":0,"90":0,"91":0,"92":0,"93":0,"94":0,"95":0,"96":0,"97":0,"98":0,"99":0,"100":13,"101":13,"102":13,"103":13,"104":3,"105":3,"106":10,"107":10,"108":0,"109":0,"110":10,"111":10,"112":17,"113":1,"114":17,"115":17,"116":17,"117":17,"118":0,"119":2,"120":1,"121":2,"122":2,"123":2,"124":0,"125":0,"126":0,"127":2,"128":2,"129":4,"130":2,"131":2,"132":2,"133":0,"134":0,"135":4,"136":8,"137":4,"138":1,"139":1,"140":1,"141":20,"142":4,"143":16,"144":16,"145":2,"146":14,"147":14,"148":2,"149":2,"150":12,"151":15,"152":30,"153":15,"154":15,"155":15,"156":15,"157":15,"158":15,"159":15,"160":15,"161":15,"162":15,"163":15,"164":16,"165":16,"166":16,"167":16,"168":16,"169":4,"170":16,"171":15,"172":15,"173":15,"174":16,"175":13,"176":13,"177":13,"178":0,"179":0,"180":2},"f":{"0":44,"1":7,"2":10,"3":4,"4":7,"5":3,"6":6,"7":14,"8":0,"9":0,"10":0,"11":0,"12":0,"13":0,"14":0,"15":0,"16":0,"17":0,"18":13,"19":17,"20":0,"21":2,"22":0,"23":0,"24":4,"25":8,"26":20,"27":15,"28":30,"29":15,"30":15,"31":15,"32":16,"33":13,"34":0,"35":0},"b":{"0":[2],"1":[1],"2":[1,0],"3":[0],"4":[3,3],"5":[0],"6":[0],"7":[3,3],"8":[0],"9":[4],"10":[0],"11":[0],"12":[0,0],"13":[0],"14":[0,0],"15":[0],"16":[0,0],"17":[0],"18":[0],"19":[0,0],"20":[0,0],"21":[0,0],"22":[3],"23":[13,13],"24":[0],"25":[1],"26":[0],"27":[1],"28":[0],"29":[1],"30":[4],"31":[2],"32":[16,16],"33":[2],"34":[15,15],"35":[15,0],"36":[15,4],"37":[4],"38":[15],"39":[4,9],"40":[8,1]}}
,"C:\\project-chiribito-test-backend\\Chiri-backend\\src\\rooms\\game\\constants.ts": {"path":"C:\\project-chiribito-test-backend\\Chiri-backend\\src\\rooms\\game\\constants.ts","statementMap":{"0":{"start":{"line":2,"column":13},"end":{"line":2,"column":81}},"1":{"start":{"line":3,"column":13},"end":{"line":3,"column":93}},"2":{"start":{"line":4,"column":13},"end":{"line":4,"column":91}},"3":{"start":{"line":5,"column":13},"end":{"line":5,"column":85}}},"fnMap":{},"branchMap":{"0":{"loc":{"start":{"line":2,"column":37},"end":{"line":2,"column":75}},"type":"binary-expr","locations":[{"start":{"line":2,"column":37},"end":{"line":2,"column":64}},{"start":{"line":2,"column":68},"end":{"line":2,"column":75}}]},"1":{"loc":{"start":{"line":3,"column":43},"end":{"line":3,"column":87}},"type":"binary-expr","locations":[{"start":{"line":3,"column":43},"end":{"line":3,"column":76}},{"start":{"line":3,"column":80},"end":{"line":3,"column":87}}]},"2":{"loc":{"start":{"line":4,"column":42},"end":{"line":4,"column":85}},"type":"binary-expr","locations":[{"start":{"line":4,"column":42},"end":{"line":4,"column":74}},{"start":{"line":4,"column":78},"end":{"line":4,"column":85}}]},"3":{"loc":{"start":{"line":5,"column":40},"end":{"line":5,"column":79}},"type":"binary-expr","locations":[{"start":{"line":5,"column":40},"end":{"line":5,"column":70}},{"start":{"line":5,"column":74},"end":{"line":5,"column":79}}]}},"s":{"0":2,"1":2,"2":2,"3":2},"f":{},"b":{"0":[2,2],"1":[2,2],"2":[2,2],"3":[2,2]}}
,"C:\\project-chiribito-test-backend\\Chiri-backend\\src\\rooms\\game\\utils\\CardEvaluator.ts": {"path":"C:\\project-chiribito-test-backend\\Chiri-backend\\src\\rooms\\game\\utils\\CardEvaluator.ts","statementMap":{"0":{"start":{"line":25,"column":17},"end":{"line":25,"column":31}},"1":{"start":{"line":26,"column":17},"end":{"line":26,"column":34}},"2":{"start":{"line":27,"column":4},"end":{"line":27,"column":26}},"3":{"start":{"line":31,"column":4},"end":{"line":31,"column":38}},"4":{"start":{"line":31,"column":25},"end":{"line":31,"column":38}},"5":{"start":{"line":32,"column":18},"end":{"line":32,"column":50}},"6":{"start":{"line":33,"column":19},"end":{"line":33,"column":51}},"7":{"start":{"line":34,"column":21},"end":{"line":34,"column":47}},"8":{"start":{"line":35,"column":18},"end":{"line":35,"column":50}},"9":{"start":{"line":36,"column":4},"end":{"line":36,"column":62}},"10":{"start":{"line":40,"column":19},"end":{"line":40,"column":67}},"11":{"start":{"line":40,"column":37},"end":{"line":40,"column":66}},"12":{"start":{"line":41,"column":18},"end":{"line":41,"column":47}},"13":{"start":{"line":41,"column":37},"end":{"line":41,"column":46}},"14":{"start":{"line":42,"column":18},"end":{"line":42,"column":47}},"15":{"start":{"line":42,"column":37},"end":{"line":42,"column":46}},"16":{"start":{"line":43,"column":23},"end":{"line":43,"column":48}},"17":{"start":{"line":45,"column":4},"end":{"line":47,"column":7}},"18":{"start":{"line":46,"column":6},"end":{"line":46,"column":60}},"19":{"start":{"line":49,"column":18},"end":{"line":49,"column":56}},"20":{"start":{"line":49,"column":38},"end":{"line":49,"column":55}},"21":{"start":{"line":50,"column":27},"end":{"line":50,"column":69}},"22":{"start":{"line":52,"column":4},"end":{"line":54,"column":5}},"23":{"start":{"line":53,"column":6},"end":{"line":53,"column":64}},"24":{"start":{"line":56,"column":25},"end":{"line":61,"column":8}},"25":{"start":{"line":57,"column":30},"end":{"line":57,"column":77}},"26":{"start":{"line":59,"column":8},"end":{"line":59,"column":58}},"27":{"start":{"line":59,"column":33},"end":{"line":59,"column":58}},"28":{"start":{"line":60,"column":8},"end":{"line":60,"column":33}},"29":{"start":{"line":63,"column":4},"end":{"line":69,"column":5}},"30":{"start":{"line":64,"column":21},"end":{"line":64,"column":66}},"31":{"start":{"line":64,"column":48},"end":{"line":64,"column":65}},"32":{"start":{"line":65,"column":6},"end":{"line":68,"column":8}},"33":{"start":{"line":71,"column":4},"end":{"line":76,"column":5}},"34":{"start":{"line":72,"column":21},"end":{"line":74,"column":30}},"35":{"start":{"line":73,"column":21},"end":{"line":73,"column":42}},"36":{"start":{"line":74,"column":24},"end":{"line":74,"column":29}},"37":{"start":{"line":75,"column":6},"end":{"line":75,"column":49}},"38":{"start":{"line":78,"column":4},"end":{"line":83,"column":5}},"39":{"start":{"line":79,"column":6},"end":{"line":82,"column":8}},"40":{"start":{"line":85,"column":4},"end":{"line":87,"column":5}},"41":{"start":{"line":86,"column":6},"end":{"line":86,"column":64}},"42":{"start":{"line":89,"column":4},"end":{"line":98,"column":5}},"43":{"start":{"line":90,"column":22},"end":{"line":93,"column":30}},"44":{"start":{"line":91,"column":25},"end":{"line":91,"column":42}},"45":{"start":{"line":92,"column":22},"end":{"line":92,"column":33}},"46":{"start":{"line":93,"column":24},"end":{"line":93,"column":29}},"47":{"start":{"line":94,"column":6},"end":{"line":97,"column":8}},"48":{"start":{"line":100,"column":4},"end":{"line":110,"column":5}},"49":{"start":{"line":101,"column":25},"end":{"line":104,"column":30}},"50":{"start":{"line":102,"column":25},"end":{"line":102,"column":42}},"51":{"start":{"line":103,"column":22},"end":{"line":103,"column":33}},"52":{"start":{"line":104,"column":24},"end":{"line":104,"column":29}},"53":{"start":{"line":105,"column":21},"end":{"line":105,"column":66}},"54":{"start":{"line":105,"column":48},"end":{"line":105,"column":65}},"55":{"start":{"line":106,"column":6},"end":{"line":109,"column":8}},"56":{"start":{"line":112,"column":4},"end":{"line":121,"column":5}},"57":{"start":{"line":113,"column":22},"end":{"line":116,"column":30}},"58":{"start":{"line":114,"column":25},"end":{"line":114,"column":42}},"59":{"start":{"line":115,"column":22},"end":{"line":115,"column":33}},"60":{"start":{"line":116,"column":24},"end":{"line":116,"column":29}},"61":{"start":{"line":117,"column":6},"end":{"line":120,"column":8}},"62":{"start":{"line":123,"column":22},"end":{"line":125,"column":28}},"63":{"start":{"line":124,"column":19},"end":{"line":124,"column":40}},"64":{"start":{"line":125,"column":22},"end":{"line":125,"column":27}},"65":{"start":{"line":126,"column":4},"end":{"line":126,"column":50}},"66":{"start":{"line":130,"column":19},"end":{"line":131,"column":28}},"67":{"start":{"line":130,"column":56},"end":{"line":130,"column":77}},"68":{"start":{"line":131,"column":22},"end":{"line":131,"column":27}},"69":{"start":{"line":133,"column":4},"end":{"line":135,"column":5}},"70":{"start":{"line":134,"column":6},"end":{"line":134,"column":44}},"71":{"start":{"line":137,"column":26},"end":{"line":138,"column":null}},"72":{"start":{"line":138,"column":6},"end":{"line":138,"column":52}},"73":{"start":{"line":141,"column":4},"end":{"line":143,"column":5}},"74":{"start":{"line":142,"column":6},"end":{"line":142,"column":44}},"75":{"start":{"line":145,"column":4},"end":{"line":145,"column":65}},"76":{"start":{"line":149,"column":4},"end":{"line":151,"column":5}},"77":{"start":{"line":150,"column":6},"end":{"line":150,"column":46}},"78":{"start":{"line":153,"column":19},"end":{"line":153,"column":69}},"79":{"start":{"line":154,"column":4},"end":{"line":160,"column":5}},"80":{"start":{"line":154,"column":17},"end":{"line":154,"column":18}},"81":{"start":{"line":155,"column":19},"end":{"line":155,"column":39}},"82":{"start":{"line":156,"column":20},"end":{"line":156,"column":40}},"83":{"start":{"line":157,"column":6},"end":{"line":159,"column":7}},"84":{"start":{"line":158,"column":8},"end":{"line":158,"column":37}},"85":{"start":{"line":161,"column":4},"end":{"line":161,"column":13}},"86":{"start":{"line":165,"column":4},"end":{"line":186,"column":5}},"87":{"start":{"line":167,"column":8},"end":{"line":167,"column":23}},"88":{"start":{"line":169,"column":8},"end":{"line":169,"column":35}},"89":{"start":{"line":171,"column":8},"end":{"line":171,"column":23}},"90":{"start":{"line":173,"column":8},"end":{"line":173,"column":23}},"91":{"start":{"line":175,"column":8},"end":{"line":175,"column":22}},"92":{"start":{"line":177,"column":8},"end":{"line":177,"column":26}},"93":{"start":{"line":179,"column":8},"end":{"line":179,"column":22}},"94":{"start":{"line":181,"column":8},"end":{"line":181,"column":30}},"95":{"start":{"line":183,"column":8},"end":{"line":183,"column":24}},"96":{"start":{"line":185,"column":8},"end":{"line":185,"column":28}},"97":{"start":{"line":190,"column":31},"end":{"line":190,"column":33}},"98":{"start":{"line":191,"column":4},"end":{"line":197,"column":5}},"99":{"start":{"line":191,"column":17},"end":{"line":191,"column":18}},"100":{"start":{"line":192,"column":6},"end":{"line":196,"column":7}},"101":{"start":{"line":192,"column":19},"end":{"line":192,"column":24}},"102":{"start":{"line":193,"column":8},"end":{"line":195,"column":9}},"103":{"start":{"line":193,"column":21},"end":{"line":193,"column":26}},"104":{"start":{"line":194,"column":10},"end":{"line":194,"column":66}},"105":{"start":{"line":198,"column":4},"end":{"line":198,"column":18}},"106":{"start":{"line":23,"column":0},"end":{"line":23,"column":13}}},"fnMap":{"0":{"name":"(anonymous_0)","decl":{"start":{"line":24,"column":2},"end":{"line":24,"column":8}},"loc":{"start":{"line":24,"column":31},"end":{"line":28,"column":3}}},"1":{"name":"(anonymous_1)","decl":{"start":{"line":30,"column":2},"end":{"line":30,"column":8}},"loc":{"start":{"line":30,"column":31},"end":{"line":37,"column":3}}},"2":{"name":"(anonymous_2)","decl":{"start":{"line":39,"column":2},"end":{"line":39,"column":8}},"loc":{"start":{"line":39,"column":63},"end":{"line":127,"column":3}}},"3":{"name":"(anonymous_3)","decl":{"start":{"line":40,"column":29},"end":{"line":40,"column":33}},"loc":{"start":{"line":40,"column":37},"end":{"line":40,"column":66}}},"4":{"name":"(anonymous_4)","decl":{"start":{"line":41,"column":29},"end":{"line":41,"column":33}},"loc":{"start":{"line":41,"column":37},"end":{"line":41,"column":46}}},"5":{"name":"(anonymous_5)","decl":{"start":{"line":42,"column":29},"end":{"line":42,"column":33}},"loc":{"start":{"line":42,"column":37},"end":{"line":42,"column":46}}},"6":{"name":"(anonymous_6)","decl":{"start":{"line":45,"column":18},"end":{"line":45,"column":22}},"loc":{"start":{"line":45,"column":25},"end":{"line":47,"column":5}}},"7":{"name":"(anonymous_7)","decl":{"start":{"line":49,"column":30},"end":{"line":49,"column":34}},"loc":{"start":{"line":49,"column":38},"end":{"line":49,"column":55}}},"8":{"name":"(anonymous_8)","decl":{"start":{"line":57,"column":11},"end":{"line":57,"column":12}},"loc":{"start":{"line":57,"column":29},"end":{"line":57,"column":77}}},"9":{"name":"(anonymous_9)","decl":{"start":{"line":58,"column":12},"end":{"line":58,"column":13}},"loc":{"start":{"line":58,"column":21},"end":{"line":61,"column":7}}},"10":{"name":"(anonymous_10)","decl":{"start":{"line":64,"column":39},"end":{"line":64,"column":44}},"loc":{"start":{"line":64,"column":48},"end":{"line":64,"column":65}}},"11":{"name":"(anonymous_11)","decl":{"start":{"line":73,"column":13},"end":{"line":73,"column":17}},"loc":{"start":{"line":73,"column":20},"end":{"line":73,"column":42}}},"12":{"name":"(anonymous_12)","decl":{"start":{"line":74,"column":14},"end":{"line":74,"column":15}},"loc":{"start":{"line":74,"column":24},"end":{"line":74,"column":29}}},"13":{"name":"(anonymous_13)","decl":{"start":{"line":91,"column":16},"end":{"line":91,"column":21}},"loc":{"start":{"line":91,"column":25},"end":{"line":91,"column":42}}},"14":{"name":"(anonymous_14)","decl":{"start":{"line":92,"column":13},"end":{"line":92,"column":18}},"loc":{"start":{"line":92,"column":22},"end":{"line":92,"column":33}}},"15":{"name":"(anonymous_15)","decl":{"start":{"line":93,"column":14},"end":{"line":93,"column":15}},"loc":{"start":{"line":93,"column":24},"end":{"line":93,"column":29}}},"16":{"name":"(anonymous_16)","decl":{"start":{"line":102,"column":16},"end":{"line":102,"column":21}},"loc":{"start":{"line":102,"column":25},"end":{"line":102,"column":42}}},"17":{"name":"(anonymous_17)","decl":{"start":{"line":103,"column":13},"end":{"line":103,"column":18}},"loc":{"start":{"line":103,"column":22},"end":{"line":103,"column":33}}},"18":{"name":"(anonymous_18)","decl":{"start":{"line":104,"column":14},"end":{"line":104,"column":15}},"loc":{"start":{"line":104,"column":24},"end":{"line":104,"column":29}}},"19":{"name":"(anonymous_19)","decl":{"start":{"line":105,"column":39},"end":{"line":105,"column":44}},"loc":{"start":{"line":105,"column":48},"end":{"line":105,"column":65}}},"20":{"name":"(anonymous_20)","decl":{"start":{"line":114,"column":16},"end":{"line":114,"column":21}},"loc":{"start":{"line":114,"column":25},"end":{"line":114,"column":42}}},"21":{"name":"(anonymous_21)","decl":{"start":{"line":115,"column":13},"end":{"line":115,"column":18}},"loc":{"start":{"line":115,"column":22},"end":{"line":115,"column":33}}},"22":{"name":"(anonymous_22)","decl":{"start":{"line":116,"column":14},"end":{"line":116,"column":15}},"loc":{"start":{"line":116,"column":24},"end":{"line":116,"column":29}}},"23":{"name":"(anonymous_23)","decl":{"start":{"line":124,"column":11},"end":{"line":124,"column":15}},"loc":{"start":{"line":124,"column":18},"end":{"line":124,"column":40}}},"24":{"name":"(anonymous_24)","decl":{"start":{"line":125,"column":12},"end":{"line":125,"column":13}},"loc":{"start":{"line":125,"column":22},"end":{"line":125,"column":27}}},"25":{"name":"(anonymous_25)","decl":{"start":{"line":129,"column":2},"end":{"line":129,"column":8}},"loc":{"start":{"line":129,"column":61},"end":{"line":146,"column":3}}},"26":{"name":"(anonymous_26)","decl":{"start":{"line":130,"column":48},"end":{"line":130,"column":52}},"loc":{"start":{"line":130,"column":55},"end":{"line":130,"column":77}}},"27":{"name":"(anonymous_27)","decl":{"start":{"line":131,"column":12},"end":{"line":131,"column":13}},"loc":{"start":{"line":131,"column":22},"end":{"line":131,"column":27}}},"28":{"name":"(anonymous_28)","decl":{"start":{"line":137,"column":39},"end":{"line":137,"column":40}},"loc":{"start":{"line":138,"column":6},"end":{"line":138,"column":52}}},"29":{"name":"(anonymous_29)","decl":{"start":{"line":148,"column":2},"end":{"line":148,"column":8}},"loc":{"start":{"line":148,"column":48},"end":{"line":162,"column":3}}},"30":{"name":"(anonymous_30)","decl":{"start":{"line":164,"column":2},"end":{"line":164,"column":8}},"loc":{"start":{"line":164,"column":37},"end":{"line":187,"column":3}}},"31":{"name":"(anonymous_31)","decl":{"start":{"line":189,"column":2},"end":{"line":189,"column":8}},"loc":{"start":{"line":189,"column":47},"end":{"line":199,"column":3}}}},"branchMap":{"0":{"loc":{"start":{"line":31,"column":4},"end":{"line":31,"column":38}},"type":"if","locations":[{"start":{"line":31,"column":4},"end":{"line":31,"column":38}}]},"1":{"loc":{"start":{"line":36,"column":11},"end":{"line":36,"column":61}},"type":"binary-expr","locations":[{"start":{"line":36,"column":11},"end":{"line":36,"column":19}},{"start":{"line":36,"column":23},"end":{"line":36,"column":40}},{"start":{"line":36,"column":44},"end":{"line":36,"column":61}}]},"2":{"loc":{"start":{"line":46,"column":28},"end":{"line":46,"column":53}},"type":"cond-expr","locations":[{"start":{"line":46,"column":48},"end":{"line":46,"column":52}},{"start":{"line":46,"column":52},"end":{"line":46,"column":53}}]},"3":{"loc":{"start":{"line":46,"column":28},"end":{"line":46,"column":52}},"type":"binary-expr","locations":[{"start":{"line":46,"column":28},"end":{"line":46,"column":52}},{"start":{"line":46,"column":48},"end":{"line":46,"column":52}}]},"4":{"loc":{"start":{"line":52,"column":4},"end":{"line":54,"column":5}},"type":"if","locations":[{"start":{"line":52,"column":4},"end":{"line":54,"column":5}}]},"5":{"loc":{"start":{"line":52,"column":8},"end":{"line":52,"column":42}},"type":"binary-expr","locations":[{"start":{"line":52,"column":8},"end":{"line":52,"column":13}},{"start":{"line":52,"column":17},"end":{"line":52,"column":42}}]},"6":{"loc":{"start":{"line":57,"column":53},"end":{"line":57,"column":73}},"type":"cond-expr","locations":[{"start":{"line":57,"column":68},"end":{"line":57,"column":72}},{"start":{"line":57,"column":72},"end":{"line":57,"column":73}}]},"7":{"loc":{"start":{"line":57,"column":53},"end":{"line":57,"column":72}},"type":"binary-expr","locations":[{"start":{"line":57,"column":53},"end":{"line":57,"column":72}},{"start":{"line":57,"column":68},"end":{"line":57,"column":72}}]},"8":{"loc":{"start":{"line":59,"column":8},"end":{"line":59,"column":58}},"type":"if","locations":[{"start":{"line":59,"column":8},"end":{"line":59,"column":58}}]},"9":{"loc":{"start":{"line":63,"column":4},"end":{"line":69,"column":5}},"type":"if","locations":[{"start":{"line":63,"column":4},"end":{"line":69,"column":5}}]},"10":{"loc":{"start":{"line":67,"column":44},"end":{"line":67,"column":69}},"type":"cond-expr","locations":[{"start":{"line":67,"column":53},"end":{"line":67,"column":65}},{"start":{"line":67,"column":68},"end":{"line":67,"column":69}}]},"11":{"loc":{"start":{"line":71,"column":4},"end":{"line":76,"column":5}},"type":"if","locations":[{"start":{"line":71,"column":4},"end":{"line":76,"column":5}}]},"12":{"loc":{"start":{"line":73,"column":21},"end":{"line":73,"column":41}},"type":"cond-expr","locations":[{"start":{"line":73,"column":36},"end":{"line":73,"column":40}},{"start":{"line":73,"column":40},"end":{"line":73,"column":41}}]},"13":{"loc":{"start":{"line":73,"column":21},"end":{"line":73,"column":40}},"type":"binary-expr","locations":[{"start":{"line":73,"column":21},"end":{"line":73,"column":40}},{"start":{"line":73,"column":36},"end":{"line":73,"column":40}}]},"14":{"loc":{"start":{"line":78,"column":4},"end":{"line":83,"column":5}},"type":"if","locations":[{"start":{"line":78,"column":4},"end":{"line":83,"column":5}}]},"15":{"loc":{"start":{"line":78,"column":8},"end":{"line":78,"column":67}},"type":"binary-expr","locations":[{"start":{"line":78,"column":8},"end":{"line":78,"column":35}},{"start":{"line":78,"column":39},"end":{"line":78,"column":67}}]},"16":{"loc":{"start":{"line":78,"column":39},"end":{"line":78,"column":61}},"type":"cond-expr","locations":[{"start":{"line":78,"column":54},"end":{"line":78,"column":56}},{"start":{"line":78,"column":54},"end":{"line":78,"column":61}}]},"17":{"loc":{"start":{"line":78,"column":39},"end":{"line":78,"column":56}},"type":"binary-expr","locations":[{"start":{"line":78,"column":39},"end":{"line":78,"column":56}},{"start":{"line":78,"column":54},"end":{"line":78,"column":56}}]},"18":{"loc":{"start":{"line":85,"column":4},"end":{"line":87,"column":5}},"type":"if","locations":[{"start":{"line":85,"column":4},"end":{"line":87,"column":5}}]},"19":{"loc":{"start":{"line":89,"column":4},"end":{"line":98,"column":5}},"type":"if","locations":[{"start":{"line":89,"column":4},"end":{"line":98,"column":5}}]},"20":{"loc":{"start":{"line":100,"column":4},"end":{"line":110,"column":5}},"type":"if","locations":[{"start":{"line":100,"column":4},"end":{"line":110,"column":5}}]},"21":{"loc":{"start":{"line":100,"column":8},"end":{"line":100,"column":67}},"type":"binary-expr","locations":[{"start":{"line":100,"column":8},"end":{"line":100,"column":35}},{"start":{"line":100,"column":39},"end":{"line":100,"column":67}}]},"22":{"loc":{"start":{"line":100,"column":39},"end":{"line":100,"column":61}},"type":"cond-expr","locations":[{"start":{"line":100,"column":54},"end":{"line":100,"column":56}},{"start":{"line":100,"column":54},"end":{"line":100,"column":61}}]},"23":{"loc":{"start":{"line":100,"column":39},"end":{"line":100,"column":56}},"type":"binary-expr","locations":[{"start":{"line":100,"column":39},"end":{"line":100,"column":56}},{"start":{"line":100,"column":54},"end":{"line":100,"column":56}}]},"24":{"loc":{"start":{"line":108,"column":36},"end":{"line":108,"column":61}},"type":"cond-expr","locations":[{"start":{"line":108,"column":45},"end":{"line":108,"column":57}},{"start":{"line":108,"column":60},"end":{"line":108,"column":61}}]},"25":{"loc":{"start":{"line":112,"column":4},"end":{"line":121,"column":5}},"type":"if","locations":[{"start":{"line":112,"column":4},"end":{"line":121,"column":5}}]},"26":{"loc":{"start":{"line":124,"column":19},"end":{"line":124,"column":39}},"type":"cond-expr","locations":[{"start":{"line":124,"column":34},"end":{"line":124,"column":38}},{"start":{"line":124,"column":38},"end":{"line":124,"column":39}}]},"27":{"loc":{"start":{"line":124,"column":19},"end":{"line":124,"column":38}},"type":"binary-expr","locations":[{"start":{"line":124,"column":19},"end":{"line":124,"column":38}},{"start":{"line":124,"column":34},"end":{"line":124,"column":38}}]},"28":{"loc":{"start":{"line":130,"column":56},"end":{"line":130,"column":76}},"type":"cond-expr","locations":[{"start":{"line":130,"column":71},"end":{"line":130,"column":75}},{"start":{"line":130,"column":75},"end":{"line":130,"column":76}}]},"29":{"loc":{"start":{"line":130,"column":56},"end":{"line":130,"column":75}},"type":"binary-expr","locations":[{"start":{"line":130,"column":56},"end":{"line":130,"column":75}},{"start":{"line":130,"column":71},"end":{"line":130,"column":75}}]},"30":{"loc":{"start":{"line":133,"column":4},"end":{"line":135,"column":5}},"type":"if","locations":[{"start":{"line":133,"column":4},"end":{"line":135,"column":5}}]},"31":{"loc":{"start":{"line":138,"column":6},"end":{"line":138,"column":52}},"type":"binary-expr","locations":[{"start":{"line":138,"column":6},"end":{"line":138,"column":17}},{"start":{"line":138,"column":21},"end":{"line":138,"column":52}}]},"32":{"loc":{"start":{"line":141,"column":4},"end":{"line":143,"column":5}},"type":"if","locations":[{"start":{"line":141,"column":4},"end":{"line":143,"column":5}}]},"33":{"loc":{"start":{"line":149,"column":4},"end":{"line":151,"column":5}},"type":"if","locations":[{"start":{"line":149,"column":4},"end":{"line":151,"column":5}}]},"34":{"loc":{"start":{"line":150,"column":13},"end":{"line":150,"column":45}},"type":"cond-expr","locations":[{"start":{"line":150,"column":39},"end":{"line":150,"column":40}},{"start":{"line":150,"column":43},"end":{"line":150,"column":45}}]},"35":{"loc":{"start":{"line":155,"column":19},"end":{"line":155,"column":39}},"type":"cond-expr","locations":[{"start":{"line":155,"column":34},"end":{"line":155,"column":38}},{"start":{"line":155,"column":38},"end":{"line":155,"column":39}}]},"36":{"loc":{"start":{"line":155,"column":19},"end":{"line":155,"column":38}},"type":"binary-expr","locations":[{"start":{"line":155,"column":19},"end":{"line":155,"column":38}},{"start":{"line":155,"column":34},"end":{"line":155,"column":38}}]},"37":{"loc":{"start":{"line":156,"column":20},"end":{"line":156,"column":40}},"type":"cond-expr","locations":[{"start":{"line":156,"column":35},"end":{"line":156,"column":39}},{"start":{"line":156,"column":39},"end":{"line":156,"column":40}}]},"38":{"loc":{"start":{"line":156,"column":20},"end":{"line":156,"column":39}},"type":"binary-expr","locations":[{"start":{"line":156,"column":20},"end":{"line":156,"column":39}},{"start":{"line":156,"column":35},"end":{"line":156,"column":39}}]},"39":{"loc":{"start":{"line":157,"column":6},"end":{"line":159,"column":7}},"type":"if","locations":[{"start":{"line":157,"column":6},"end":{"line":159,"column":7}}]},"40":{"loc":{"start":{"line":158,"column":15},"end":{"line":158,"column":36}},"type":"cond-expr","locations":[{"start":{"line":158,"column":30},"end":{"line":158,"column":31}},{"start":{"line":158,"column":34},"end":{"line":158,"column":36}}]},"41":{"loc":{"start":{"line":165,"column":4},"end":{"line":186,"column":5}},"type":"switch","locations":[{"start":{"line":166,"column":6},"end":{"line":167,"column":23}},{"start":{"line":168,"column":6},"end":{"line":169,"column":35}},{"start":{"line":170,"column":6},"end":{"line":171,"column":23}},{"start":{"line":172,"column":6},"end":{"line":173,"column":23}},{"start":{"line":174,"column":6},"end":{"line":175,"column":22}},{"start":{"line":176,"column":6},"end":{"line":177,"column":26}},{"start":{"line":178,"column":6},"end":{"line":179,"column":22}},{"start":{"line":180,"column":6},"end":{"line":181,"column":30}},{"start":{"line":182,"column":6},"end":{"line":183,"column":24}},{"start":{"line":184,"column":6},"end":{"line":185,"column":28}}]}},"s":{"0":81,"1":81,"2":81,"3":5,"4":1,"5":4,"6":4,"7":4,"8":4,"9":4,"10":14,"11":70,"12":14,"13":70,"14":14,"15":70,"16":14,"17":14,"18":70,"19":14,"20":31,"21":14,"22":14,"23":0,"24":14,"25":56,"26":64,"27":7,"28":57,"29":14,"30":1,"31":2,"32":1,"33":13,"34":1,"35":5,"36":8,"37":1,"38":12,"39":1,"40":11,"41":2,"42":9,"43":1,"44":3,"45":2,"46":1,"47":1,"48":8,"49":2,"50":6,"51":4,"52":2,"53":2,"54":6,"55":2,"56":6,"57":2,"58":8,"59":6,"60":4,"61":2,"62":4,"63":20,"64":24,"65":4,"66":19,"67":95,"68":100,"69":19,"70":8,"71":11,"72":37,"73":11,"74":7,"75":4,"76":8,"77":3,"78":5,"79":5,"80":5,"81":9,"82":9,"83":9,"84":4,"85":1,"86":9,"87":1,"88":0,"89":1,"90":1,"91":1,"92":1,"93":1,"94":1,"95":1,"96":1,"97":4,"98":4,"99":4,"100":10,"101":10,"102":20,"103":20,"104":35,"105":4,"106":5},"f":{"0":81,"1":5,"2":14,"3":70,"4":70,"5":70,"6":70,"7":31,"8":56,"9":64,"10":2,"11":5,"12":8,"13":3,"14":2,"15":1,"16":6,"17":4,"18":2,"19":6,"20":8,"21":6,"22":4,"23":20,"24":24,"25":19,"26":95,"27":100,"28":37,"29":8,"30":9,"31":4},"b":{"0":[1],"1":[4,2,2],"2":[14,56],"3":[70,70],"4":[0],"5":[14,1],"6":[56,0],"7":[56,56],"8":[7],"9":[1],"10":[1,0],"11":[1],"12":[5,0],"13":[5,5],"14":[1],"15":[12,2],"16":[0,2],"17":[2,2],"18":[2],"19":[1],"20":[2],"21":[8,4],"22":[0,4],"23":[4,4],"24":[2,0],"25":[2],"26":[20,0],"27":[20,20],"28":[95,0],"29":[95,95],"30":[8],"31":[37,26],"32":[7],"33":[3],"34":[3,0],"35":[9,0],"36":[9,9],"37":[9,0],"38":[9,9],"39":[4],"40":[4,0],"41":[1,0,1,1,1,1,1,1,1,1]}}
,"C:\\project-chiribito-test-backend\\Chiri-backend\\src\\rooms\\game\\utils\\GameBroadcaster.ts": {"path":"C:\\project-chiribito-test-backend\\Chiri-backend\\src\\rooms\\game\\utils\\GameBroadcaster.ts","statementMap":{"0":{"start":{"line":9,"column":22},"end":{"line":9,"column":37}},"1":{"start":{"line":17,"column":4},"end":{"line":17,"column":56}},"2":{"start":{"line":26,"column":4},"end":{"line":26,"column":49}},"3":{"start":{"line":36,"column":4},"end":{"line":36,"column":47}},"4":{"start":{"line":45,"column":4},"end":{"line":45,"column":46}},"5":{"start":{"line":55,"column":4},"end":{"line":55,"column":46}},"6":{"start":{"line":8,"column":0},"end":{"line":8,"column":13}}},"fnMap":{"0":{"name":"(anonymous_0)","decl":{"start":{"line":9,"column":2},"end":{"line":9,"column":22}},"loc":{"start":{"line":9,"column":37},"end":{"line":9,"column":41}}},"1":{"name":"(anonymous_1)","decl":{"start":{"line":11,"column":2},"end":{"line":11,"column":30}},"loc":{"start":{"line":16,"column":3},"end":{"line":18,"column":3}}},"2":{"name":"(anonymous_2)","decl":{"start":{"line":20,"column":2},"end":{"line":20,"column":23}},"loc":{"start":{"line":25,"column":3},"end":{"line":27,"column":3}}},"3":{"name":"(anonymous_3)","decl":{"start":{"line":29,"column":2},"end":{"line":29,"column":21}},"loc":{"start":{"line":35,"column":3},"end":{"line":37,"column":3}}},"4":{"name":"(anonymous_4)","decl":{"start":{"line":39,"column":2},"end":{"line":39,"column":20}},"loc":{"start":{"line":44,"column":3},"end":{"line":46,"column":3}}},"5":{"name":"(anonymous_5)","decl":{"start":{"line":48,"column":2},"end":{"line":48,"column":20}},"loc":{"start":{"line":54,"column":3},"end":{"line":56,"column":3}}}},"branchMap":{},"s":{"0":184,"1":17,"2":13,"3":2,"4":17,"5":1,"6":3},"f":{"0":184,"1":17,"2":13,"3":2,"4":17,"5":1},"b":{}}
,"C:\\project-chiribito-test-backend\\Chiri-backend\\src\\rooms\\game\\utils\\GameUtils.ts": {"path":"C:\\project-chiribito-test-backend\\Chiri-backend\\src\\rooms\\game\\utils\\GameUtils.ts","statementMap":{"0":{"start":{"line":10,"column":22},"end":{"line":10,"column":37}},"1":{"start":{"line":13,"column":4},"end":{"line":13,"column":67}},"2":{"start":{"line":17,"column":4},"end":{"line":17,"column":79}},"3":{"start":{"line":17,"column":66},"end":{"line":17,"column":77}},"4":{"start":{"line":21,"column":4},"end":{"line":24,"column":7}},"5":{"start":{"line":22,"column":21},"end":{"line":22,"column":50}},"6":{"start":{"line":23,"column":6},"end":{"line":23,"column":40}},"7":{"start":{"line":28,"column":4},"end":{"line":30,"column":53}},"8":{"start":{"line":29,"column":20},"end":{"line":29,"column":60}},"9":{"start":{"line":30,"column":20},"end":{"line":30,"column":51}},"10":{"start":{"line":34,"column":25},"end":{"line":34,"column":55}},"11":{"start":{"line":35,"column":4},"end":{"line":35,"column":38}},"12":{"start":{"line":35,"column":28},"end":{"line":35,"column":38}},"13":{"start":{"line":38,"column":26},"end":{"line":44,"column":32}},"14":{"start":{"line":40,"column":23},"end":{"line":40,"column":58}},"15":{"start":{"line":41,"column":25},"end":{"line":41,"column":92}},"16":{"start":{"line":42,"column":8},"end":{"line":42,"column":35}},"17":{"start":{"line":44,"column":21},"end":{"line":44,"column":31}},"18":{"start":{"line":46,"column":4},"end":{"line":46,"column":46}},"19":{"start":{"line":46,"column":36},"end":{"line":46,"column":46}},"20":{"start":{"line":49,"column":20},"end":{"line":49,"column":63}},"21":{"start":{"line":49,"column":46},"end":{"line":49,"column":62}},"22":{"start":{"line":50,"column":4},"end":{"line":50,"column":62}},"23":{"start":{"line":54,"column":4},"end":{"line":54,"column":85}},"24":{"start":{"line":54,"column":67},"end":{"line":54,"column":83}},"25":{"start":{"line":58,"column":4},"end":{"line":58,"column":34}},"26":{"start":{"line":59,"column":4},"end":{"line":61,"column":5}},"27":{"start":{"line":60,"column":6},"end":{"line":60,"column":87}},"28":{"start":{"line":65,"column":25},"end":{"line":65,"column":55}},"29":{"start":{"line":66,"column":4},"end":{"line":66,"column":35}},"30":{"start":{"line":66,"column":28},"end":{"line":66,"column":35}},"31":{"start":{"line":68,"column":25},"end":{"line":68,"column":38}},"32":{"start":{"line":69,"column":4},"end":{"line":71,"column":5}},"33":{"start":{"line":70,"column":6},"end":{"line":70,"column":40}},"34":{"start":{"line":73,"column":17},"end":{"line":73,"column":29}},"35":{"start":{"line":74,"column":4},"end":{"line":86,"column":5}},"36":{"start":{"line":75,"column":26},"end":{"line":75,"column":65}},"37":{"start":{"line":76,"column":24},"end":{"line":76,"column":62}},"38":{"start":{"line":77,"column":6},"end":{"line":80,"column":7}},"39":{"start":{"line":78,"column":8},"end":{"line":78,"column":54}},"40":{"start":{"line":79,"column":8},"end":{"line":79,"column":15}},"41":{"start":{"line":81,"column":6},"end":{"line":81,"column":26}},"42":{"start":{"line":82,"column":6},"end":{"line":84,"column":7}},"43":{"start":{"line":83,"column":8},"end":{"line":83,"column":42}},"44":{"start":{"line":85,"column":6},"end":{"line":85,"column":18}},"45":{"start":{"line":88,"column":4},"end":{"line":88,"column":50}},"46":{"start":{"line":9,"column":0},"end":{"line":9,"column":13}}},"fnMap":{"0":{"name":"(anonymous_0)","decl":{"start":{"
[...]
:22,"column":2},"end":{"line":22,"column":null}}},"10":{"name":"(anonymous_10)","decl":{"start":{"line":28,"column":2},"end":{"line":28,"column":21}},"loc":{"start":{"line":28,"column":2},"end":{"line":28,"column":null}}},"11":{"name":"(anonymous_11)","decl":{"start":{"line":29,"column":2},"end":{"line":29,"column":19}},"loc":{"start":{"line":29,"column":2},"end":{"line":29,"column":null}}},"12":{"name":"(anonymous_12)","decl":{"start":{"line":30,"column":2},"end":{"line":30,"column":20}},"loc":{"start":{"line":30,"column":2},"end":{"line":30,"column":null}}},"13":{"name":"(anonymous_13)","decl":{"start":{"line":31,"column":2},"end":{"line":31,"column":30}},"loc":{"start":{"line":31,"column":2},"end":{"line":31,"column":null}}},"14":{"name":"(anonymous_14)","decl":{"start":{"line":32,"column":2},"end":{"line":32,"column":15}},"loc":{"start":{"line":32,"column":2},"end":{"line":32,"column":null}}},"15":{"name":"(anonymous_15)","decl":{"start":{"line":38,"column":2},"end":{"line":38,"column":14}},"loc":{"start":{"line":38,"column":2},"end":{"line":38,"column":null}}},"16":{"name":"(anonymous_16)","decl":{"start":{"line":39,"column":2},"end":{"line":39,"column":19}},"loc":{"start":{"line":39,"column":2},"end":{"line":39,"column":null}}},"17":{"name":"(anonymous_17)","decl":{"start":{"line":40,"column":2},"end":{"line":40,"column":20}},"loc":{"start":{"line":40,"column":2},"end":{"line":40,"column":null}}},"18":{"name":"(anonymous_18)","decl":{"start":{"line":41,"column":2},"end":{"line":41,"column":21}},"loc":{"start":{"line":41,"column":2},"end":{"line":41,"column":null}}},"19":{"name":"(anonymous_19)","decl":{"start":{"line":42,"column":2},"end":{"line":42,"column":17}},"loc":{"start":{"line":42,"column":2},"end":{"line":42,"column":null}}},"20":{"name":"(anonymous_20)","decl":{"start":{"line":43,"column":2},"end":{"line":43,"column":18}},"loc":{"start":{"line":43,"column":2},"end":{"line":43,"column":null}}},"21":{"name":"(anonymous_21)","decl":{"start":{"line":44,"column":2},"end":{"line":44,"column":20}},"loc":{"start":{"line":44,"column":2},"end":{"line":44,"column":null}}},"22":{"name":"(anonymous_22)","decl":{"start":{"line":50,"column":2},"end":{"line":50,"column":23}},"loc":{"start":{"line":50,"column":2},"end":{"line":50,"column":null}}},"23":{"name":"(anonymous_23)","decl":{"start":{"line":51,"column":2},"end":{"line":51,"column":22}},"loc":{"start":{"line":51,"column":2},"end":{"line":51,"column":null}}},"24":{"name":"(anonymous_24)","decl":{"start":{"line":52,"column":2},"end":{"line":52,"column":23}},"loc":{"start":{"line":52,"column":2},"end":{"line":52,"column":null}}}},"branchMap":{},"s":{"0":0,"1":0,"2":0,"3":0,"4":0,"5":0,"6":0,"7":0,"8":0,"9":0,"10":0,"11":0,"12":0,"13":0,"14":0,"15":0,"16":0,"17":0,"18":0,"19":0,"20":0,"21":0,"22":0,"23":0,"24":0,"25":0,"26":0,"27":0,"28":0,"29":0,"30":0,"31":0,"32":0,"33":0},"f":{"0":0,"1":0,"2":0,"3":0,"4":0,"5":0,"6":0,"7":0,"8":0,"9":0,"10":0,"11":0,"12":0,"13":0,"14":0,"15":0,"16":0,"17":0,"18":0,"19":0,"20":0,"21":0,"22":0,"23":0,"24":0},"b":{}}
,"C:\\project-chiribito-test-backend\\Chiri-backend\\src\\security\\game-validation.ts": {"path":"C:\\project-chiribito-test-backend\\Chiri-backend\\src\\security\\game-validation.ts","statementMap":{"0":{"start":{"line":23,"column":0},"end":{"line":23,"column":16}},"1":{"start":{"line":105,"column":0},"end":{"line":105,"column":16}},"2":{"start":{"line":133,"column":0},"end":{"line":133,"column":16}},"3":{"start":{"line":167,"column":0},"end":{"line":167,"column":16}},"4":{"start":{"line":190,"column":0},"end":{"line":190,"column":16}},"5":{"start":{"line":1,"column":0},"end":{"line":1,"column":38}},"6":{"start":{"line":35,"column":2},"end":{"line":37,"column":3}},"7":{"start":{"line":36,"column":4},"end":{"line":36,"column":85}},"8":{"start":{"line":40,"column":17},"end":{"line":40,"column":70}},"9":{"start":{"line":40,"column":45},"end":{"line":40,"column":69}},"10":{"start":{"line":41,"column":2},"end":{"line":43,"column":3}},"11":{"start":{"line":42,"column":4},"end":{"line":42,"column":83}},"12":{"start":{"line":46,"column":2},"end":{"line":48,"column":3}},"13":{"start":{"line":47,"column":4},"end":{"line":47,"column":86}},"14":{"start":{"line":51,"column":2},"end":{"line":99,"column":3}},"15":{"start":{"line":53,"column":6},"end":{"line":53,"column":29}},"16":{"start":{"line":56,"column":6},"end":{"line":58,"column":7}},"17":{"start":{"line":57,"column":8},"end":{"line":57,"column":108}},"18":{"start":{"line":59,"column":6},"end":{"line":59,"column":29}},"19":{"start":{"line":62,"column":6},"end":{"line":64,"column":7}},"20":{"start":{"line":63,"column":8},"end":{"line":63,"column":96}},"21":{"start":{"line":65,"column":6},"end":{"line":67,"column":7}},"22":{"start":{"line":66,"column":8},"end":{"line":66,"column":31}},"23":{"start":{"line":68,"column":6},"end":{"line":68,"column":29}},"24":{"start":{"line":71,"column":6},"end":{"line":73,"column":7}},"25":{"start":{"line":72,"column":8},"end":{"line":72,"column":96}},"26":{"start":{"line":74,"column":6},"end":{"line":76,"column":7}},"27":{"start":{"line":75,"column":8},"end":{"line":75,"column":112}},"28":{"start":{"line":77,"column":6},"end":{"line":79,"column":7}},"29":{"start":{"line":78,"column":8},"end":{"line":78,"column":111}},"30":{"start":{"line":80,"column":6},"end":{"line":82,"column":7}},"31":{"start":{"line":81,"column":8},"end":{"line":81,"column":106}},"32":{"start":{"line":83,"column":6},"end":{"line":83,"column":29}},"33":{"start":{"line":86,"column":6},"end":{"line":88,"column":7}},"34":{"start":{"line":87,"column":8},"end":{"line":87,"column":82}},"35":{"start":{"line":89,"column":6},"end":{"line":89,"column":29}},"36":{"start":{"line":92,"column":6},"end":{"line":92,"column":29}},"37":{"start":{"line":95,"column":6},"end":{"line":95,"column":29}},"38":{"start":{"line":98,"column":6},"end":{"line":98,"column":86}},"39":{"start":{"line":111,"column":2},"end":{"line":113,"column":3}},"40":{"start":{"line":112,"column":4},"end":{"line":112,"column":87}},"41":{"start":{"line":115,"column":2},"end":{"line":117,"column":3}},"42":{"start":{"line":116,"column":4},"end":{"line":116,"column":97}},"43":{"start":{"line":119,"column":2},"end":{"line":121,"column":3}},"44":{"start":{"line":120,"column":4},"end":{"line":120,"column":101}},"45":{"start":{"line":123,"column":2},"end":{"line":125,"column":3}},"46":{"start":{"line":124,"column":4},"end":{"line":124,"column":93}},"47":{"start":{"line":127,"column":2},"end":{"line":127,"column":25}},"48":{"start":{"line":139,"column":24},"end":{"line":139,"column":51}},"49":{"start":{"line":141,"column":2},"end":{"line":143,"column":3}},"50":{"start":{"line":142,"column":4},"end":{"line":142,"column":84}},"51":{"start":{"line":145,"column":2},"end":{"line":147,"column":3}},"52":{"start":{"line":146,"column":4},"end":{"line":146,"column":77}},"53":{"start":{"line":149,"column":2},"end":{"line":151,"column":3}},"54":{"start":{"line":150,"column":4},"end":{"line":150,"column":79}},"55":{"start":{"line":153,"column":2},"end":{"line":155,"column":3}},"56":{"start":{"line":154,"column":4},"end":{"line":154,"column":78}},"57":{"start":{"line":157,"column":2},"end":{"line":159,"column":3}},"58":{"start":{"line":158,"column":4},"end":{"line":158,"column":90}},"59":{"start":{"line":161,"column":2},"end":{"line":161,"column":25}},"60":{"start":{"line":173,"column":16},"end":{"line":173,"column":40}},"61":{"start":{"line":174,"column":16},"end":{"line":174,"column":62}},"62":{"start":{"line":176,"column":2},"end":{"line":184,"column":5}},"63":{"start":{"line":193,"column":27},"end":{"line":193,"column":29}},"64":{"start":{"line":196,"column":19},"end":{"line":196,"column":20}},"65":{"start":{"line":197,"column":2},"end":{"line":205,"column":3}},"66":{"start":{"line":198,"column":4},"end":{"line":204,"column":7}},"67":{"start":{"line":199,"column":6},"end":{"line":203,"column":7}},"68":{"start":{"line":200,"column":8},"end":{"line":200,"column":78}},"69":{"start":{"line":202,"column":8},"end":{"line":202,"column":35}},"70":{"start":{"line":208,"column":2},"end":{"line":210,"column":3}},"71":{"start":{"line":209,"column":4},"end":{"line":209,"column":43}},"72":{"start":{"line":213,"column":2},"end":{"line":215,"column":3}},"73":{"start":{"line":214,"column":4},"end":{"line":214,"column":39}},"74":{"start":{"line":218,"column":2},"end":{"line":220,"column":3}},"75":{"start":{"line":219,"column":4},"end":{"line":219,"column":38}},"76":{"start":{"line":223,"column":2},"end":{"line":225,"column":3}},"77":{"start":{"line":224,"column":4},"end":{"line":224,"column":40}},"78":{"start":{"line":228,"column":2},"end":{"line":232,"column":3}},"79":{"start":{"line":229,"column":4},"end":{"line":231,"column":5}},"80":{"start":{"line":230,"column":6},"end":{"line":230,"column":46}},"81":{"start":{"line":234,"column":2},"end":{"line":237,"column":4}}},"fnMap":{"0":{"name":"validatePokerAction","decl":{"start":{"line":23,"column":16},"end":{"line":23,"column":35}},"loc":{"start":{"line":32,"column":3},"end":{"line":100,"column":1}}},"1":{"name":"(anonymous_2)","decl":{"start":{"line":40,"column":40},"end":{"line":40,"column":41}},"loc":{"start":{"line":40,"column":45},"end":{"line":40,"column":69}}},"2":{"name":"validateBetAmount","decl":{"start":{"line":105,"column":16},"end":{"line":105,"column":33}},"loc":{"start":{"line":109,"column":16},"end":{"line":128,"column":1}}},"3":{"name":"validatePlayerTurn","decl":{"start":{"line":133,"column":16},"end":{"line":133,"column":34}},"loc":{"start":{"line":137,"column":63},"end":{"line":162,"column":1}}},"4":{"name":"logGameAction","decl":{"start":{"line":167,"column":16},"end":{"line":167,"column":29}},"loc":{"start":{"line":171,"column":16},"end":{"line":185,"column":1}}},"5":{"name":"validateGameStateConsistency","decl":{"start":{"line":190,"column":16},"end":{"line":190,"column":44}},"loc":{"start":{"line":191,"column":16},"end":{"line":238,"column":1}}},"6":{"name":"(anonymous_7)","decl":{"start":{"line":198,"column":30},"end":{"line":198,"column":31}},"loc":{"start":{"line":198,"column":46},"end":{"line":204,"column":5}}}},"branchMap":{"0":{"loc":{"start":{"line":35,"column":2},"end":{"line":37,"column":3}},"type":"if","locations":[{"start":{"line":35,"column":2},"end":{"line":37,"column":3}}]},"1":{"loc":{"start":{"line":41,"column":2},"end":{"line":43,"column":3}},"type":"if","locations":[{"start":{"line":41,"column":2},"end":{"line":43,"column":3}}]},"2":{"loc":{"start":{"line":46,"column":2},"end":{"line":48,"column":3}},"type":"if","locations":[{"start":{"line":46,"column":2},"end":{"line":48,"column":3}}]},"3":{"loc":{"start":{"line":46,"column":6},"end":{"line":46,"column":47}},"type":"binary-expr","locations":[{"start":{"line":46,"column":6},"end":{"line":46,"column":19}},{"start":{"line":46,"column":23},"end":{"line":46,"column":47}}]},"4":{"loc":{"start":{"line":51,"column":2},"end":{"line":99,"column":3}},"type":"switch","locations":[{"start":{"line":52,"column":4},"end":{"line":53,"column":29}},{"start":{"line":55,"column":4},"end":{"line":59,"column":29}},{"start":{"line":61,"column":4},"end":{"line":68,"column":29}},{"start":{"line":70,"column":4},"end":{"line":83,"column":29}},{"start":{"line":85,"column":4},"end":{"line":89,"column":29}},{"start":{"line":91,"column":4},"end":{"line":92,"column":29}},{"start":{"line":94,"column":4},"end":{"line":95,"column":29}},{"start":{"line":97,"column":4},"end":{"line":98,"column":86}}]},"5":{"loc":{"start":{"line":56,"column":6},"end":{"line":58,"column":7}},"type":"if","locations":[{"start":{"line":56,"column":6},"end":{"line":58,"column":7}}]},"6":{"loc":{"start":{"line":62,"column":6},"end":{"line":64,"column":7}},"type":"if","locations":[{"start":{"line":62,"column":6},"end":{"line":64,"column":7}}]},"7":{"loc":{"start":{"line":65,"column":6},"end":{"line":67,"column":7}},"type":"if","locations":[{"start":{"line":65,"column":6},"end":{"line":67,"column":7}}]},"8":{"loc":{"start":{"line":71,"column":6},"end":{"line":73,"column":7}},"type":"if","locations":[{"start":{"line":71,"column":6},"end":{"line":73,"column":7}}]},"9":{"loc":{"start":{"line":74,"column":6},"end":{"line":76,"column":7}},"type":"if","locations":[{"start":{"line":74,"column":6},"end":{"line":76,"column":7}}]},"10":{"loc":{"start":{"line":77,"column":6},"end":{"line":79,"column":7}},"type":"if","locations":[{"start":{"line":77,"column":6},"end":{"line":79,"column":7}}]},"11":{"loc":{"start":{"line":77,"column":10},"end":{"line":77,"column":66}},"type":"binary-expr","locations":[{"start":{"line":77,"column":10},"end":{"line":77,"column":42}},{"start":{"line":77,"column":46},"end":{"line":77,"column":66}}]},"12":{"loc":{"start":{"line":80,"column":6},"end":{"line":82,"column":7}},"type":"if","locations":[{"start":{"line":80,"column":6},"end":{"line":82,"column":7}}]},"13":{"loc":{"start":{"line":86,"column":6},"end":{"line":88,"column":7}},"type":"if","locations":[{"start":{"line":86,"column":6},"end":{"line":88,"column":7}}]},"14":{"loc":{"start":{"line":111,"column":2},"end":{"line":113,"column":3}},"type":"if","locations":[{"start":{"line":111,"column":2},"end":{"line":113,"column":3}}]},"15":{"loc":{"start":{"line":115,"column":2},"end":{"line":117,"column":3}},"type":"if","locations":[{"start":{"line":115,"column":2},"end":{"line":117,"column":3}}]},"16":{"loc":{"start":{"line":119,"column":2},"end":{"line":121,"column":3}},"type":"if","locations":[{"start":{"line":119,"column":2},"end":{"line":121,"column":3}}]},"17":{"loc":{"start":{"line":119,"column":6},"end":{"line":119,"column":35}},"type":"binary-expr","locations":[{"start":{"line":119,"column":6},"end":{"line":119,"column":16}},{"start":{"line":119,"column":20},"end":{"line":119,"column":35}}]},"18":{"loc":{"start":{"line":123,"column":2},"end":{"line":125,"column":3}},"type":"if","locations":[{"start":{"line":123,"column":2},"end":{"line":125,"column":3}}]},"19":{"loc":{"start":{"line":141,"column":2},"end":{"line":143,"column":3}},"type":"if","locations":[{"start":{"line":141,"column":2},"end":{"line":143,"column":3}}]},"20":{"loc":{"start":{"line":145,"column":2},"end":{"line":147,"column":3}},"type":"if","locations":[{"start":{"line":145,"column":2},"end":{"line":147,"column":3}}]},"21":{"loc":{"start":{"line":149,"column":2},"end":{"line":151,"column":3}},"type":"if","locations":[{"start":{"line":149,"column":2},"end":{"line":151,"column":3}}]},"22":{"loc":{"start":{"line":153,"column":2},"end":{"line":155,"column":3}},"type":"if","locations":[{"start":{"line":153,"column":2},"end":{"line":155,"column":3}}]},"23":{"loc":{"start":{"line":157,"column":2},"end":{"line":159,"column":3}},"type":"if","locations":[{"start":{"line":157,"column":2},"end":{"line":159,"column":3}}]},"24":{"loc":{"start":{"line":173,"column":16},"end":{"line":173,"column":40}},"type":"cond-expr","locations":[{"start":{"line":173,"column":24},"end":{"line":173,"column":31}},{"start":{"line":173,"column":34},"end":{"line":173,"column":40}}]},"25":{"loc":{"start":{"line":174,"column":16},"end":{"line":174,"column":62}},"type":"cond-expr","locations":[{"start":{"line":174,"column":36},"end":{"line":174,"column":48}},{"start":{"line":174,"column":51},"end":{"line":174,"column":62}}]},"26":{"loc":{"start":{"line":197,"column":2},"end":{"line":205,"column":3}},"type":"if","locations":[{"start":{"line":197,"column":2},"end":{"line":205,"column":3}}]},"27":{"loc":{"start":{"line":197,"column":6},"end":{"line":197,"column":59}},"type":"binary-expr","locations":[{"start":{"line":197,"column":6},"end":{"line":197,"column":23}},{"start":{"line":197,"column":27},"end":{"line":197,"column":59}}]},"28":{"loc":{"start":{"line":199,"column":6},"end":{"line":203,"column":7}},"type":"if","locations":[{"start":{"line":199,"column":6},"end":{"line":203,"column":7}},{"start":{"line":201,"column":13},"end":{"line":203,"column":7}}]},"29":{"loc":{"start":{"line":199,"column":10},"end":{"line":199,"column":62}},"type":"binary-expr","locations":[{"start":{"line":199,"column":10},"end":{"line":199,"column":42}},{"start":{"line":199,"column":46},"end":{"line":199,"column":62}}]},"30":{"loc":{"start":{"line":208,"column":2},"end":{"line":210,"column":3}},"type":"if","locations":[{"start":{"line":208,"column":2},"end":{"line":210,"column":3}}]},"31":{"loc":{"start":{"line":213,"column":2},"end":{"line":215,"column":3}},"type":"if","locations":[{"start":{"line":213,"column":2},"end":{"line":215,"column":3}}]},"32":{"loc":{"start":{"line":213,"column":6},"end":{"line":213,"column":74}},"type":"binary-expr","locations":[{"start":{"line":213,"column":6},"end":{"line":213,"column":46}},{"start":{"line":213,"column":50},"end":{"line":213,"column":74}}]},"33":{"loc":{"start":{"line":218,"column":2},"end":{"line":220,"column":3}},"type":"if","locations":[{"start":{"line":218,"column":2},"end":{"line":220,"column":3}}]},"34":{"loc":{"start":{"line":218,"column":6},"end":{"line":218,"column":60}},"type":"binary-expr","locations":[{"start":{"line":218,"column":6},"end":{"line":218,"column":39}},{"start":{"line":218,"column":43},"end":{"line":218,"column":60}}]},"35":{"loc":{"start":{"line":223,"column":2},"end":{"line":225,"column":3}},"type":"if","locations":[{"start":{"line":223,"column":2},"end":{"line":225,"column":3}}]},"36":{"loc":{"start":{"line":223,"column":6},"end":{"line":223,"column":138}},"type":"binary-expr","locations":[{"start":{"line":223,"column":6},"end":{"line":223,"column":47}},{"start":{"line":223,"column":51},"end":{"line":223,"column":77}},{"start":{"line":223,"column":81},"end":{"line":223,"column":138}}]},"37":{"loc":{"start":{"line":223,"column":107},"end":{"line":223,"column":137}},"type":"binary-expr","locations":[{"start":{"line":223,"column":107},"end":{"line":223,"column":132}},{"start":{"line":223,"column":136},"end":{"line":223,"column":137}}]},"38":{"loc":{"start":{"line":223,"column":107},"end":{"line":223,"column":132}},"type":"cond-expr","locations":[{"start":{"line":223,"column":124},"end":{"line":223,"column":126}},{"start":{"line":223,"column":124},"end":{"line":223,"column":132}}]},"39":{"loc":{"start":{"line":223,"column":107},"end":{"line":223,"column":126}},"type":"binary-expr","locations":[{"start":{"line":223,"column":107},"end":{"line":223,"column":126}},{"start":{"line":223,"column":124},"end":{"line":223,"column":126}}]},"40":{"loc":{"start":{"line":228,"column":2},"end":{"line":232,"column":3}},"type":"if","locations":[{"start":{"line":228,"column":2},"end":{"line":232,"column":3}}]},"41":{"loc":{"start":{"line":228,"column":6},"end":{"line":228,"column":73}},"type":"binary-expr","locations":[{"start":{"line":228,"column":6},"end":{"line":228,"column":30}},{"start":{"line":228,"column":34},"end":{"line":228,"column":73}}]},"42":{"loc":{"start":{"line":229,"column":4},"end":{"line":231,"column":5}},"type":"if","locations":[{"start":{"line":229,"column":4},"end":{"line":231,"column":5}}]}},"s":{"0":0,"1":0,"2":0,"3":0,"4":0,"5":0,"6":0,"7":0,"8":0,"9":0,"10":0,"11":0,"12":0,"13":0,"14":0,"15":0,"16":0,"17":0,"18":0,"19":0,"20":0,"21":0,"22":0,"23":0,"24":0,"25":0,"26":0,"27":0,"28":0,"29":0,"30":0,"31":0,"32":0,"33":0,"34":0,"35":0,"36":0,"37":0,"38":0,"39":0,"40":0,"41":0,"42":0,"43":0,"44":0,"45":0,"46":0,"47":0,"48":0,"49":0,"50":0,"51":0,"52":0,"53":0,"54":0,"55":0,"56":0,"57":0,"58":0,"59":0,"60":0,"61":0,"62":0,"63":0,"64":0,"65":0,"66":0,"67":0,"68":0,"69":0,"70":0,"71":0,"72":0,"73":0,"74":0,"75":0,"76":0,"77":0,"78":0,"79":0,"80":0,"81":0},"f":{"0":0,"1":0,"2":0,"3":0,"4":0,"5":0,"6":0},"b":{"0":[0],"1":[0],"2":[0],"3":[0,0],"4":[0,0,0,0,0,0,0,0],"5":[0],"6":[0],"7":[0],"8":[0],"9":[0],"10":[0],"11":[0,0],"12":[0],"13":[0],"14":[0],"15":[0],"16":[0],"17":[0,0],"18":[0],"19":[0],"20":[0],"21":[0],"22":[0],"23":[0],"24":[0,0],"25":[0,0],"26":[0],"27":[0,0],"28":[0,0],"29":[0,0],"30":[0],"31":[0],"32":[0,0],"33":[0],"34":[0,0],"35":[0],"36":[0,0,0],"37":[0,0],"38":[0,0],"39":[0,0],"40":[0],"41":[0,0],"42":[0]}}
}
