TN:
SF:src\rooms\MyRoom.ts
FN:28,(anonymous_8)
FN:55,(anonymous_9)
FN:63,(anonymous_10)
FN:66,(anonymous_11)
FN:74,(anonymous_12)
FN:81,(anonymous_13)
FN:87,(anonymous_14)
FN:95,(anonymous_15)
FN:114,(anonymous_16)
FN:151,(anonymous_17)
FN:153,(anonymous_18)
FN:162,(anonymous_19)
FN:166,(anonymous_20)
FN:169,(anonymous_21)
FN:174,(anonymous_22)
FN:188,(anonymous_23)
FN:192,(anonymous_24)
FN:196,(anonymous_25)
FN:200,(anonymous_26)
FN:204,(anonymous_27)
FN:208,(anonymous_28)
FN:212,(anonymous_29)
FN:218,(anonymous_30)
FN:225,(anonymous_31)
FN:233,(anonymous_32)
FN:237,(anonymous_34)
FN:249,(anonymous_36)
FN:260,(anonymous_37)
FN:261,(anonymous_38)
FN:267,(anonymous_39)
FN:280,(anonymous_41)
FN:281,(anonymous_42)
FN:286,(anonymous_43)
FN:290,(anonymous_44)
FNF:34
FNH:0
FNDA:0,(anonymous_8)
FNDA:0,(anonymous_9)
FNDA:0,(anonymous_10)
FNDA:0,(anonymous_11)
FNDA:0,(anonymous_12)
FNDA:0,(anonymous_13)
FNDA:0,(anonymous_14)
FNDA:0,(anonymous_15)
FNDA:0,(anonymous_16)
FNDA:0,(anonymous_17)
FNDA:0,(anonymous_18)
FNDA:0,(anonymous_19)
FNDA:0,(anonymous_20)
FNDA:0,(anonymous_21)
FNDA:0,(anonymous_22)
FNDA:0,(anonymous_23)
FNDA:0,(anonymous_24)
FNDA:0,(anonymous_25)
FNDA:0,(anonymous_26)
FNDA:0,(anonymous_27)
FNDA:0,(anonymous_28)
FNDA:0,(anonymous_29)
FNDA:0,(anonymous_30)
FNDA:0,(anonymous_31)
FNDA:0,(anonymous_32)
FNDA:0,(anonymous_34)
FNDA:0,(anonymous_36)
FNDA:0,(anonymous_37)
FNDA:0,(anonymous_38)
FNDA:0,(anonymous_39)
FNDA:0,(anonymous_41)
FNDA:0,(anonymous_42)
FNDA:0,(anonymous_43)
FNDA:0,(anonymous_44)
DA:1,0
DA:2,0
DA:3,0
DA:4,0
DA:5,0
DA:6,0
DA:13,0
DA:24,0
DA:26,0
DA:28,0
DA:29,0
DA:30,0
DA:31,0
DA:32,0
DA:33,0
DA:34,0
DA:35,0
DA:37,0
DA:38,0
DA:56,0
DA:64,0
DA:65,0
DA:66,0
DA:67,0
DA:68,0
DA:82,0
DA:87,0
DA:97,0
DA:100,0
DA:101,0
DA:102,0
DA:105,0
DA:106,0
DA:107,0
DA:110,0
DA:111,0
DA:115,0
DA:116,0
DA:117,0
DA:120,0
DA:121,0
DA:128,0
DA:132,0
DA:133,0
DA:141,0
DA:142,0
DA:145,0
DA:153,0
DA:154,0
DA:155,0
DA:156,0
DA:162,0
DA:163,0
DA:166,0
DA:169,0
DA:170,0
DA:171,0
DA:172,0
DA:173,0
DA:174,0
DA:175,0
DA:176,0
DA:177,0
DA:184,0
DA:185,0
DA:188,0
DA:189,0
DA:190,0
DA:192,0
DA:193,0
DA:194,0
DA:196,0
DA:197,0
DA:198,0
DA:200,0
DA:201,0
DA:202,0
DA:204,0
DA:205,0
DA:206,0
DA:208,0
DA:209,0
DA:210,0
DA:212,0
DA:213,0
DA:214,0
DA:218,0
DA:219,0
DA:220,0
DA:221,0
DA:225,0
DA:226,0
DA:227,0
DA:228,0
DA:234,0
DA:238,0
DA:241,0
DA:242,0
DA:243,0
DA:246,0
DA:250,0
DA:260,0
DA:261,0
DA:263,0
DA:264,0
DA:268,0
DA:280,0
DA:281,0
DA:283,0
DA:287,0
DA:291,0
DA:292,0
DA:293,0
DA:294,0
DA:295,0
DA:299,0
DA:300,0
DA:301,0
DA:302,0
DA:305,0
DA:306,0
DA:307,0
LF:122
LH:0
BRDA:24,0,0,0
BRDA:24,0,1,0
BRDA:56,1,0,0
BRDA:56,1,1,0
BRDA:56,2,0,0
BRDA:56,2,1,0
BRDA:65,3,0,0
BRDA:67,4,0,0
BRDA:100,5,0,0
BRDA:100,6,0,0
BRDA:100,6,1,0
BRDA:105,7,0,0
BRDA:123,8,0,0
BRDA:123,8,1,0
BRDA:154,9,0,0
BRDA:173,10,0,0
BRDA:175,11,0,0
BRDA:189,12,0,0
BRDA:193,13,0,0
BRDA:197,14,0,0
BRDA:201,15,0,0
BRDA:205,16,0,0
BRDA:209,17,0,0
BRDA:213,18,0,0
BRDA:226,19,0,0
BRDA:228,20,0,0
BRDA:242,21,0,0
BRDA:292,22,0,0
BRDA:293,23,0,0
BRDA:299,24,0,0
BRDA:299,24,1,0
BRDA:299,25,0,0
BRDA:299,25,1,0
BRDA:300,26,0,0
BRDA:300,26,1,0
BRDA:300,27,0,0
BRDA:300,27,1,0
BRDA:301,28,0,0
BRDA:301,28,1,0
BRDA:301,29,0,0
BRDA:301,29,1,0
BRDA:302,30,0,0
BRDA:302,30,1,0
BRDA:302,31,0,0
BRDA:302,31,1,0
BRDA:305,32,0,0
BRF:46
BRH:0
end_of_record
TN:
SF:src\rooms\game\GameEngine.ts
FN:28,(anonymous_1)
FN:38,(anonymous_2)
FN:45,(anonymous_3)
FN:60,(anonymous_4)
FN:61,(anonymous_5)
FN:90,(anonymous_6)
FN:94,(anonymous_7)
FN:105,(anonymous_8)
FN:137,(anonymous_9)
FN:149,(anonymous_10)
FN:157,(anonymous_11)
FN:182,(anonymous_12)
FN:183,(anonymous_13)
FN:186,(anonymous_14)
FN:196,(anonymous_15)
FN:200,(anonymous_16)
FN:201,(anonymous_17)
FN:210,(anonymous_18)
FN:211,(anonymous_19)
FN:222,(anonymous_20)
FN:224,(anonymous_21)
FN:251,(anonymous_22)
FN:264,(anonymous_23)
FN:271,(anonymous_24)
FN:281,(anonymous_25)
FN:312,(anonymous_26)
FN:319,(anonymous_27)
FN:328,(anonymous_28)
FN:334,(anonymous_29)
FN:350,(anonymous_30)
FN:363,(anonymous_31)
FN:364,(anonymous_32)
FN:396,(anonymous_33)
FN:403,(anonymous_34)
FN:405,(anonymous_35)
FN:414,(anonymous_36)
FN:436,(anonymous_37)
FN:442,(anonymous_38)
FN:443,(anonymous_39)
FN:444,(anonymous_40)
FN:447,(anonymous_41)
FN:468,(anonymous_42)
FN:488,(anonymous_43)
FN:503,(anonymous_44)
FN:507,(anonymous_45)
FNF:45
FNH:32
FNDA:56,(anonymous_1)
FNDA:8,(anonymous_2)
FNDA:12,(anonymous_3)
FNDA:10,(anonymous_4)
FNDA:20,(anonymous_5)
FNDA:9,(anonymous_6)
FNDA:1,(anonymous_7)
FNDA:2,(anonymous_8)
FNDA:15,(anonymous_9)
FNDA:0,(anonymous_10)
FNDA:0,(anonymous_11)
FNDA:0,(anonymous_12)
FNDA:0,(anonymous_13)
FNDA:1,(anonymous_14)
FNDA:0,(anonymous_15)
FNDA:0,(anonymous_16)
FNDA:0,(anonymous_17)
FNDA:0,(anonymous_18)
FNDA:0,(anonymous_19)
FNDA:14,(anonymous_20)
FNDA:24,(anonymous_21)
FNDA:23,(anonymous_22)
FNDA:0,(anonymous_23)
FNDA:6,(anonymous_24)
FNDA:0,(anonymous_25)
FNDA:12,(anonymous_26)
FNDA:1,(anonymous_27)
FNDA:1,(anonymous_28)
FNDA:5,(anonymous_29)
FNDA:1,(anonymous_30)
FNDA:10,(anonymous_31)
FNDA:20,(anonymous_32)
FNDA:1,(anonymous_33)
FNDA:3,(anonymous_34)
FNDA:4,(anonymous_35)
FNDA:21,(anonymous_36)
FNDA:16,(anonymous_37)
FNDA:32,(anonymous_38)
FNDA:16,(anonymous_39)
FNDA:16,(anonymous_40)
FNDA:16,(anonymous_41)
FNDA:17,(anonymous_42)
FNDA:14,(anonymous_43)
FNDA:0,(anonymous_44)
FNDA:0,(anonymous_45)
DA:9,2
DA:10,2
DA:11,2
DA:19,2
DA:20,56
DA:21,56
DA:28,56
DA:29,56
DA:30,56
DA:31,56
DA:32,56
DA:33,56
DA:40,8
DA:41,2
DA:42,2
DA:45,12
DA:47,6
DA:48,1
DA:51,1
DA:52,1
DA:56,5
DA:57,5
DA:61,20
DA:62,10
DA:63,1
DA:64,1
DA:68,1
DA:71,9
DA:72,9
DA:74,9
DA:75,9
DA:76,9
DA:78,9
DA:80,9
DA:81,0
DA:82,0
DA:85,9
DA:86,9
DA:87,9
DA:91,9
DA:95,1
DA:100,1
DA:103,1
DA:104,1
DA:105,2
DA:107,1
DA:108,1
DA:111,1
DA:112,1
DA:116,0
DA:117,0
DA:118,0
DA:122,0
DA:123,0
DA:125,0
DA:126,0
DA:127,0
DA:130,0
DA:131,0
DA:132,0
DA:138,15
DA:139,15
DA:141,11
DA:142,11
DA:144,11
DA:145,11
DA:146,11
DA:150,0
DA:152,0
DA:153,0
DA:155,0
DA:156,0
DA:157,0
DA:158,0
DA:161,0
DA:162,0
DA:163,0
DA:164,0
DA:166,0
DA:168,0
DA:175,0
DA:176,0
DA:179,0
DA:183,0
DA:187,1
DA:189,1
DA:190,1
DA:192,1
DA:193,1
DA:197,0
DA:201,0
DA:202,0
DA:203,0
DA:205,0
DA:211,0
DA:212,0
DA:213,0
DA:215,0
DA:223,14
DA:224,14
DA:225,24
DA:228,14
DA:234,14
DA:235,0
DA:236,0
DA:240,14
DA:242,14
DA:243,0
DA:244,0
DA:247,14
DA:248,14
DA:252,23
DA:254,23
DA:255,23
DA:257,23
DA:264,23
DA:265,0
DA:272,6
DA:274,6
DA:276,6
DA:281,6
DA:282,0
DA:283,0
DA:286,6
DA:287,6
DA:288,12
DA:291,6
DA:299,6
DA:302,6
DA:303,12
DA:304,1
DA:309,6
DA:312,12
DA:313,6
DA:314,3
DA:315,3
DA:320,1
DA:321,1
DA:329,1
DA:330,0
DA:331,0
DA:334,1
DA:335,5
DA:336,0
DA:337,0
DA:339,5
DA:340,5
DA:341,5
DA:342,5
DA:343,5
DA:349,5
DA:350,1
DA:352,4
DA:356,1
DA:364,20
DA:365,10
DA:367,6
DA:368,6
DA:369,1
DA:370,1
DA:373,5
DA:375,5
DA:376,5
DA:383,5
DA:390,5
DA:397,1
DA:404,3
DA:405,4
DA:406,2
DA:407,1
DA:408,1
DA:415,21
DA:417,17
DA:418,17
DA:420,15
DA:426,15
DA:427,2
DA:430,2
DA:433,13
DA:441,16
DA:442,32
DA:443,16
DA:444,16
DA:446,16
DA:447,16
DA:450,16
DA:451,16
DA:452,16
DA:453,16
DA:455,16
DA:456,16
DA:458,16
DA:469,17
DA:471,17
DA:472,17
DA:473,17
DA:475,17
DA:476,5
DA:479,17
DA:480,16
DA:481,16
DA:482,16
DA:485,17
DA:489,14
DA:491,14
DA:498,14
DA:504,0
DA:508,0
LF:208
LH:156
BRDA:40,0,0,2
BRDA:47,1,0,1
BRDA:48,2,0,1
BRDA:48,2,1,0
BRDA:62,3,0,1
BRDA:80,4,0,0
BRDA:104,5,0,1
BRDA:104,5,1,1
BRDA:107,6,0,1
BRDA:116,7,0,0
BRDA:116,8,0,0
BRDA:116,8,1,0
BRDA:125,9,0,0
BRDA:139,10,0,4
BRDA:150,11,0,0
BRDA:153,12,0,0
BRDA:153,13,0,0
BRDA:153,13,1,0
BRDA:156,14,0,0
BRDA:170,15,0,0
BRDA:170,15,1,0
BRDA:175,16,0,0
BRDA:175,17,0,0
BRDA:175,17,1,0
BRDA:187,18,0,0
BRDA:190,19,0,0
BRDA:190,20,0,1
BRDA:190,20,1,1
BRDA:202,21,0,0
BRDA:202,21,1,0
BRDA:212,22,0,0
BRDA:212,22,1,0
BRDA:234,23,0,0
BRDA:234,24,0,14
BRDA:234,24,1,14
BRDA:242,25,0,0
BRDA:252,26,0,2
BRDA:271,27,0,0
BRDA:272,28,0,2
BRDA:283,29,0,0
BRDA:303,30,0,1
BRDA:303,31,0,12
BRDA:303,31,1,3
BRDA:303,31,2,2
BRDA:313,32,0,3
BRDA:319,33,0,0
BRDA:329,34,0,0
BRDA:335,35,0,0
BRDA:342,36,0,5
BRDA:349,37,0,1
BRDA:349,37,1,4
BRDA:365,38,0,4
BRDA:367,39,0,4
BRDA:367,39,1,2
BRDA:367,40,0,6
BRDA:367,40,1,6
BRDA:368,41,0,1
BRDA:373,42,0,0
BRDA:404,43,0,1
BRDA:406,44,0,1
BRDA:415,45,0,4
BRDA:418,46,0,2
BRDA:418,47,0,17
BRDA:418,47,1,17
BRDA:426,48,0,2
BRDA:444,49,0,16
BRDA:444,49,1,16
BRDA:446,50,0,16
BRDA:446,50,1,0
BRDA:455,51,0,16
BRDA:455,51,1,5
BRDA:475,52,0,5
BRDA:479,53,0,16
BRDA:493,54,0,5
BRDA:493,54,1,9
BRDA:493,55,0,8
BRDA:493,55,1,1
BRF:77
BRH:46
end_of_record
TN:
SF:src\rooms\game\constants.ts
FNF:0
FNH:0
DA:2,2
DA:3,2
DA:4,2
DA:5,2
DA:8,2
LF:5
LH:5
BRDA:2,0,0,2
BRDA:2,0,1,2
BRDA:3,1,0,2
BRDA:3,1,1,2
BRDA:4,2,0,2
BRDA:4,2,1,2
BRDA:5,3,0,2
BRDA:5,3,1,2
BRDA:8,4,0,2
BRDA:8,4,1,2
BRF:10
BRH:10
end_of_record
TN:
SF:src\rooms\game\utils\CardEvaluator.ts
FN:24,(anonymous_0)
FN:30,(anonymous_1)
FN:39,(anonymous_2)
FN:40,(anonymous_3)
FN:41,(anonymous_4)
FN:42,(anonymous_5)
FN:45,(anonymous_6)
FN:49,(anonymous_7)
FN:57,(anonymous_8)
FN:58,(anonymous_9)
FN:64,(anonymous_10)
FN:73,(anonymous_11)
FN:74,(anonymous_12)
FN:91,(anonymous_13)
FN:92,(anonymous_14)
FN:93,(anonymous_15)
FN:102,(anonymous_16)
FN:103,(anonymous_17)
FN:104,(anonymous_18)
FN:105,(anonymous_19)
FN:114,(anonymous_20)
FN:115,(anonymous_21)
FN:116,(anonymous_22)
FN:124,(anonymous_23)
FN:125,(anonymous_24)
FN:129,(anonymous_25)
FN:130,(anonymous_26)
FN:131,(anonymous_27)
FN:137,(anonymous_28)
FN:148,(anonymous_29)
FN:164,(anonymous_30)
FN:189,(anonymous_31)
FNF:32
FNH:32
FNDA:141,(anonymous_0)
FNDA:7,(anonymous_1)
FNDA:34,(anonymous_2)
FNDA:130,(anonymous_3)
FNDA:130,(anonymous_4)
FNDA:130,(anonymous_5)
FNDA:130,(anonymous_6)
FNDA:79,(anonymous_7)
FNDA:116,(anonymous_8)
FNDA:118,(anonymous_9)
FNDA:2,(anonymous_10)
FNDA:5,(anonymous_11)
FNDA:8,(anonymous_12)
FNDA:3,(anonymous_13)
FNDA:2,(anonymous_14)
FNDA:1,(anonymous_15)
FNDA:6,(anonymous_16)
FNDA:4,(anonymous_17)
FNDA:2,(anonymous_18)
FNDA:6,(anonymous_19)
FNDA:8,(anonymous_20)
FNDA:6,(anonymous_21)
FNDA:4,(anonymous_22)
FNDA:80,(anonymous_23)
FNDA:78,(anonymous_24)
FNDA:39,(anonymous_25)
FNDA:155,(anonymous_26)
FNDA:152,(anonymous_27)
FNDA:37,(anonymous_28)
FNDA:28,(anonymous_29)
FNDA:17,(anonymous_30)
FNDA:5,(anonymous_31)
DA:23,5
DA:25,141
DA:26,141
DA:27,141
DA:31,7
DA:32,4
DA:33,4
DA:34,4
DA:35,4
DA:36,4
DA:40,130
DA:41,130
DA:42,130
DA:43,34
DA:45,34
DA:46,130
DA:49,79
DA:50,34
DA:52,34
DA:53,0
DA:56,34
DA:57,116
DA:59,118
DA:60,111
DA:63,34
DA:64,2
DA:65,1
DA:71,33
DA:72,1
DA:73,5
DA:74,8
DA:75,1
DA:78,32
DA:79,1
DA:85,31
DA:86,2
DA:89,29
DA:90,1
DA:91,3
DA:92,2
DA:93,1
DA:94,1
DA:100,28
DA:101,2
DA:102,6
DA:103,4
DA:104,2
DA:105,6
DA:106,2
DA:112,26
DA:113,2
DA:114,8
DA:115,6
DA:116,4
DA:117,2
DA:123,24
DA:124,80
DA:125,78
DA:126,24
DA:130,155
DA:131,152
DA:133,39
DA:134,28
DA:137,11
DA:138,37
DA:141,11
DA:142,7
DA:145,4
DA:149,28
DA:150,3
DA:153,25
DA:154,25
DA:155,47
DA:156,47
DA:157,47
DA:158,22
DA:161,3
DA:165,17
DA:167,1
DA:169,0
DA:171,1
DA:173,1
DA:175,1
DA:177,1
DA:179,1
DA:181,1
DA:183,1
DA:185,9
DA:190,5
DA:191,5
DA:192,13
DA:193,26
DA:194,45
DA:198,5
LF:94
LH:92
BRDA:31,0,0,3
BRDA:36,1,0,4
BRDA:36,1,1,2
BRDA:36,1,2,2
BRDA:46,2,0,14
BRDA:46,2,1,116
BRDA:46,3,0,130
BRDA:46,3,1,130
BRDA:52,4,0,0
BRDA:52,5,0,34
BRDA:52,5,1,1
BRDA:57,6,0,116
BRDA:57,6,1,0
BRDA:57,7,0,116
BRDA:57,7,1,116
BRDA:59,8,0,7
BRDA:63,9,0,1
BRDA:67,10,0,1
BRDA:67,10,1,0
BRDA:71,11,0,1
BRDA:73,12,0,5
BRDA:73,12,1,0
BRDA:73,13,0,5
BRDA:73,13,1,5
BRDA:78,14,0,1
BRDA:78,15,0,32
BRDA:78,15,1,2
BRDA:78,16,0,0
BRDA:78,16,1,2
BRDA:78,17,0,2
BRDA:78,17,1,2
BRDA:85,18,0,2
BRDA:89,19,0,1
BRDA:100,20,0,2
BRDA:100,21,0,28
BRDA:100,21,1,4
BRDA:100,22,0,0
BRDA:100,22,1,4
BRDA:100,23,0,4
BRDA:100,23,1,4
BRDA:108,24,0,2
BRDA:108,24,1,0
BRDA:112,25,0,2
BRDA:124,26,0,80
BRDA:124,26,1,0
BRDA:124,27,0,80
BRDA:124,27,1,80
BRDA:130,28,0,155
BRDA:130,28,1,0
BRDA:130,29,0,155
BRDA:130,29,1,155
BRDA:133,30,0,28
BRDA:138,31,0,37
BRDA:138,31,1,26
BRDA:141,32,0,7
BRDA:149,33,0,3
BRDA:150,34,0,3
BRDA:150,34,1,0
BRDA:155,35,0,47
BRDA:155,35,1,0
BRDA:155,36,0,47
BRDA:155,36,1,47
BRDA:156,37,0,47
BRDA:156,37,1,0
BRDA:156,38,0,47
BRDA:156,38,1,47
BRDA:157,39,0,22
BRDA:158,40,0,10
BRDA:158,40,1,12
BRDA:165,41,0,1
BRDA:165,41,1,0
BRDA:165,41,2,1
BRDA:165,41,3,1
BRDA:165,41,4,1
BRDA:165,41,5,1
BRDA:165,41,6,1
BRDA:165,41,7,1
BRDA:165,41,8,1
BRDA:165,41,9,9
BRF:79
BRH:66
end_of_record
TN:
SF:src\rooms\game\utils\GameBroadcaster.ts
FN:9,(anonymous_0)
FN:11,(anonymous_1)
FN:15,(anonymous_2)
FN:24,(anonymous_3)
FN:33,(anonymous_4)
FN:43,(anonymous_5)
FN:52,(anonymous_6)
FNF:7
FNH:7
FNDA:231,(anonymous_0)
FNDA:5,(anonymous_1)
FNDA:19,(anonymous_2)
FNDA:14,(anonymous_3)
FNDA:6,(anonymous_4)
FNDA:23,(anonymous_5)
FNDA:5,(anonymous_6)
DA:8,3
DA:9,231
DA:12,5
DA:21,19
DA:30,14
DA:40,6
DA:49,23
DA:59,5
LF:8
LH:8
BRF:0
BRH:0
end_of_record
TN:
SF:src\rooms\game\utils\GameUtils.ts
FN:10,(anonymous_0)
FN:12,(anonymous_1)
FN:16,(anonymous_2)
FN:17,(anonymous_3)
FN:20,(anonymous_4)
FN:21,(anonymous_5)
FN:27,(anonymous_6)
FN:29,(anonymous_7)
FN:30,(anonymous_8)
FN:33,(anonymous_9)
FN:39,(anonymous_10)
FN:44,(anonymous_11)
FN:49,(anonymous_12)
FN:53,(anonymous_13)
FN:54,(anonymous_14)
FN:57,(anonymous_15)
FN:64,(anonymous_16)
FNF:17
FNH:14
FNDA:293,(anonymous_0)
FNDA:29,(anonymous_1)
FNDA:35,(anonymous_2)
FNDA:68,(anonymous_3)
FNDA:2,(anonymous_4)
FNDA:4,(anonymous_5)
FNDA:14,(anonymous_6)
FNDA:28,(anonymous_7)
FNDA:28,(anonymous_8)
FNDA:23,(anonymous_9)
FNDA:46,(anonymous_10)
FNDA:46,(anonymous_11)
FNDA:42,(anonymous_12)
FNDA:0,(anonymous_13)
FNDA:0,(anonymous_14)
FNDA:17,(anonymous_15)
FNDA:0,(anonymous_16)
DA:9,5
DA:10,293
DA:13,29
DA:17,68
DA:21,2
DA:22,4
DA:23,4
DA:28,14
DA:29,28
DA:30,28
DA:34,23
DA:35,23
DA:38,23
DA:40,46
DA:41,46
DA:42,46
DA:44,46
DA:46,23
DA:49,42
DA:50,23
DA:54,0
DA:58,17
DA:59,17
DA:60,17
DA:65,0
DA:66,0
DA:68,0
DA:69,0
DA:70,0
DA:73,0
DA:74,0
DA:75,0
DA:76,0
DA:77,0
DA:78,0
DA:79,0
DA:81,0
DA:82,0
DA:83,0
DA:85,0
DA:88,0
LF:41
LH:23
BRDA:13,0,0,29
BRDA:13,0,1,0
BRDA:13,1,0,29
BRDA:13,1,1,29
BRDA:13,2,0,0
BRDA:13,2,1,29
BRDA:13,3,0,29
BRDA:13,3,1,29
BRDA:23,4,0,4
BRDA:23,4,1,4
BRDA:35,5,0,0
BRDA:41,6,0,46
BRDA:41,6,1,46
BRDA:41,6,2,46
BRDA:42,7,0,42
BRDA:42,7,1,4
BRDA:46,8,0,0
BRDA:50,9,0,14
BRDA:50,9,1,9
BRDA:59,10,0,17
BRDA:59,11,0,17
BRDA:59,11,1,17
BRDA:60,12,0,0
BRDA:60,12,1,17
BRDA:60,13,0,17
BRDA:60,13,1,17
BRDA:66,14,0,0
BRDA:69,15,0,0
BRDA:77,16,0,0
BRDA:77,17,0,0
BRDA:77,17,1,0
BRDA:77,17,2,0
BRDA:82,18,0,0
BRF:33
BRH:21
end_of_record
TN:
SF:src\rooms\game\utils\PlayerActions.ts
FN:17,(anonymous_1)
FN:22,(anonymous_2)
FN:47,(anonymous_3)
FN:74,(anonymous_4)
FNF:4
FNH:1
FNDA:56,(anonymous_1)
FNDA:0,(anonymous_2)
FNDA:0,(anonymous_3)
FNDA:0,(anonymous_4)
DA:7,2
DA:10,2
DA:11,2
DA:13,2
DA:17,56
DA:18,56
DA:19,56
DA:23,0
DA:25,0
DA:26,0
DA:27,0
DA:32,0
DA:33,0
DA:34,0
DA:37,0
DA:43,0
DA:44,0
DA:48,0
DA:50,0
DA:51,0
DA:52,0
DA:57,0
DA:58,0
DA:59,0
DA:61,0
DA:62,0
DA:65,0
DA:71,0
DA:75,0
DA:76,0
DA:77,0
LF:31
LH:7
BRDA:23,0,0,0
BRDA:26,1,0,0
BRDA:26,2,0,0
BRDA:26,2,1,0
BRDA:32,3,0,0
BRDA:48,4,0,0
BRDA:51,5,0,0
BRDA:51,6,0,0
BRDA:51,6,1,0
BRDA:61,7,0,0
BRDA:61,8,0,0
BRDA:61,8,1,0
BRDA:76,9,0,0
BRDA:76,10,0,0
BRDA:76,10,1,0
BRF:15
BRH:0
end_of_record
TN:
SF:src\rooms\game\utils\RoundManager.ts
FN:15,(anonymous_1)
FN:20,(anonymous_2)
FN:32,(anonymous_3)
FN:33,(anonymous_4)
FN:39,(anonymous_5)
FN:47,(anonymous_6)
FN:63,(anonymous_7)
FN:65,(anonymous_8)
FN:74,(anonymous_9)
FNF:9
FNH:9
FNDA:97,(anonymous_1)
FNDA:21,(anonymous_2)
FNDA:7,(anonymous_3)
FNDA:7,(anonymous_4)
FNDA:18,(anonymous_5)
FNDA:19,(anonymous_6)
FNDA:16,(anonymous_7)
FNDA:28,(anonymous_8)
FNDA:19,(anonymous_9)
DA:6,3
DA:8,3
DA:9,3
DA:11,3
DA:15,97
DA:16,97
DA:17,97
DA:21,21
DA:22,21
DA:23,21
DA:24,21
DA:25,21
DA:26,21
DA:27,21
DA:28,21
DA:29,21
DA:33,7
DA:34,7
DA:36,7
DA:40,18
DA:41,18
DA:42,16
DA:43,16
DA:44,16
DA:48,19
DA:49,19
DA:55,19
DA:64,16
DA:65,16
DA:66,28
DA:67,28
DA:68,28
DA:69,28
DA:70,28
DA:75,19
DA:76,19
DA:77,19
DA:78,19
LF:38
LH:38
BRDA:41,0,0,2
BRF:1
BRH:1
end_of_record
TN:
SF:src\rooms\game\utils\WinnerDeterminator.ts
FN:24,(anonymous_1)
FN:28,(anonymous_2)
FN:32,(anonymous_3)
FN:81,(anonymous_4)
FN:90,(anonymous_5)
FN:91,(anonymous_6)
FN:94,(anonymous_7)
FN:95,(anonymous_8)
FN:102,(anonymous_9)
FN:104,(anonymous_10)
FN:114,(anonymous_11)
FN:140,(anonymous_12)
FN:146,(anonymous_13)
FNF:13
FNH:13
FNDA:84,(anonymous_1)
FNDA:1,(anonymous_2)
FNDA:1,(anonymous_3)
FNDA:34,(anonymous_4)
FNDA:77,(anonymous_5)
FNDA:61,(anonymous_6)
FNDA:77,(anonymous_7)
FNDA:31,(anonymous_8)
FNDA:171,(anonymous_9)
FNDA:125,(anonymous_10)
FNDA:63,(anonymous_11)
FNDA:45,(anonymous_12)
FNDA:18,(anonymous_13)
DA:6,4
DA:8,4
DA:9,4
DA:11,4
DA:12,84
DA:24,84
DA:25,84
DA:29,1
DA:33,1
DA:34,1
DA:36,1
DA:37,1
DA:38,1
DA:40,1
DA:41,2
DA:42,2
DA:44,2
DA:47,2
DA:48,0
DA:49,0
DA:50,0
DA:51,0
DA:54,2
DA:55,2
DA:57,2
DA:58,20
DA:59,20
DA:61,20
DA:62,8
DA:63,8
DA:67,2
DA:68,2
DA:69,1
DA:70,1
DA:71,1
DA:72,1
DA:73,1
DA:78,1
DA:85,34
DA:87,34
DA:89,33
DA:90,77
DA:91,61
DA:94,77
DA:95,31
DA:97,33
DA:99,33
DA:101,55
DA:102,171
DA:104,125
DA:106,55
DA:108,55
DA:109,0
DA:110,0
DA:114,63
DA:116,55
DA:120,13
DA:121,13
DA:122,17
DA:126,42
DA:127,42
DA:129,42
DA:130,48
DA:131,48
DA:132,48
DA:136,55
DA:140,45
DA:152,18
LF:68
LH:62
BRDA:42,0,0,0
BRDA:47,1,0,0
BRDA:61,2,0,8
BRDA:61,3,0,20
BRDA:61,3,1,18
BRDA:67,4,0,2
BRDA:68,5,0,1
BRDA:68,5,1,1
BRDA:68,6,0,2
BRDA:68,6,1,1
BRDA:72,7,0,1
BRDA:72,8,0,1
BRDA:72,8,1,1
BRDA:78,9,0,1
BRDA:78,9,1,0
BRDA:87,10,0,1
BRDA:108,11,0,0
BRDA:108,12,0,55
BRDA:108,12,1,55
BRDA:116,13,0,13
BRDA:116,13,1,42
BRDA:122,14,0,4
BRDA:122,14,1,13
BRDA:122,15,0,17
BRDA:122,15,1,17
BRDA:130,16,0,1
BRDA:130,16,1,47
BRDA:131,17,0,16
BRDA:131,17,1,32
BRDA:131,18,0,48
BRDA:131,18,1,48
BRDA:132,19,0,1
BRF:32
BRH:28
end_of_record
TN:
SF:src\rooms\game\utils\index.ts
FN:6,(anonymous_0)
FN:9,(anonymous_1)
FN:10,(anonymous_2)
FN:11,(anonymous_3)
FN:12,(anonymous_4)
FN:13,(anonymous_5)
FNF:6
FNH:5
FNDA:0,(anonymous_0)
FNDA:56,(anonymous_1)
FNDA:56,(anonymous_2)
FNDA:56,(anonymous_3)
FNDA:56,(anonymous_4)
FNDA:56,(anonymous_5)
DA:6,2
DA:9,58
DA:10,58
DA:11,58
DA:12,58
DA:13,58
LF:6
LH:6
BRF:0
BRH:0
end_of_record
TN:
SF:src\rooms\managers\AnalyticsService.ts
FN:43,(anonymous_2)
FN:50,(anonymous_3)
FN:63,(anonymous_4)
FN:76,(anonymous_5)
FN:96,(anonymous_6)
FN:112,(anonymous_7)
FN:128,(anonymous_8)
FN:138,(anonymous_9)
FN:148,(anonymous_10)
FN:158,(anonymous_11)
FN:168,(anonymous_12)
FN:175,(anonymous_13)
FN:186,(anonymous_14)
FN:229,(anonymous_15)
FN:242,(anonymous_16)
FN:249,(anonymous_17)
FN:259,(anonymous_18)
FN:266,(anonymous_19)
FNF:18
FNH:16
FNDA:5,(anonymous_2)
FNDA:0,(anonymous_3)
FNDA:65,(anonymous_4)
FNDA:150,(anonymous_5)
FNDA:14,(anonymous_6)
FNDA:8,(anonymous_7)
FNDA:108,(anonymous_8)
FNDA:6,(anonymous_9)
FNDA:108,(anonymous_10)
FNDA:4,(anonymous_11)
FNDA:12,(anonymous_12)
FNDA:113,(anonymous_13)
FNDA:6,(anonymous_14)
FNDA:0,(anonymous_15)
FNDA:16,(anonymous_16)
FNDA:62,(anonymous_17)
FNDA:7,(anonymous_18)
FNDA:6,(anonymous_19)
DA:6,2
DA:30,2
DA:31,61
DA:32,61
DA:33,61
DA:36,61
DA:37,61
DA:44,5
DA:45,1
DA:46,1
DA:49,4
DA:50,4
DA:51,0
DA:54,4
DA:64,65
DA:65,4
DA:66,4
DA:68,65
DA:70,65
DA:77,150
DA:87,150
DA:97,14
DA:98,14
DA:99,12
DA:100,12
DA:103,14
DA:113,8
DA:114,8
DA:115,6
DA:116,6
DA:119,8
DA:129,108
DA:130,108
DA:131,107
DA:139,6
DA:140,6
DA:141,5
DA:149,108
DA:150,108
DA:151,107
DA:159,4
DA:160,4
DA:161,3
DA:169,12
DA:176,113
DA:177,113
DA:179,112
DA:180,112
DA:187,6
DA:188,6
DA:189,6
DA:190,6
DA:191,6
DA:192,6
DA:193,6
DA:194,6
DA:196,6
DA:197,110
DA:198,110
DA:199,110
DA:200,110
DA:201,110
DA:203,110
DA:204,110
DA:205,110
DA:206,110
DA:209,110
DA:210,108
DA:214,6
DA:230,0
DA:232,0
DA:243,16
DA:250,62
DA:251,62
DA:253,62
DA:260,7
DA:267,6
DA:268,6
DA:269,108
DA:270,106
DA:273,6
LF:81
LH:78
BRDA:37,0,0,30
BRDA:44,1,0,1
BRDA:64,2,0,4
BRDA:98,3,0,12
BRDA:114,4,0,6
BRDA:130,5,0,107
BRDA:140,6,0,5
BRDA:150,7,0,107
BRDA:160,8,0,3
BRDA:177,9,0,1
BRDA:179,10,0,3
BRDA:179,10,1,109
BRDA:179,11,0,112
BRDA:179,11,1,112
BRDA:204,12,0,110
BRDA:209,13,0,108
BRDA:217,14,0,5
BRDA:217,14,1,1
BRDA:269,15,0,106
BRF:19
BRH:19
end_of_record
TN:
SF:src\rooms\managers\AuthenticationService.ts
FN:27,(anonymous_17)
FN:43,(anonymous_18)
FN:55,(anonymous_19)
FN:67,(anonymous_21)
FN:123,(anonymous_23)
FN:128,(anonymous_25)
FN:180,(anonymous_26)
FN:188,(anonymous_27)
FNF:8
FNH:7
FNDA:26,(anonymous_17)
FNDA:21,(anonymous_18)
FNDA:3,(anonymous_19)
FNDA:21,(anonymous_21)
FNDA:19,(anonymous_23)
FNDA:0,(anonymous_25)
FNDA:8,(anonymous_26)
FNDA:3,(anonymous_27)
DA:6,1
DA:8,1
DA:24,1
DA:28,26
DA:31,26
DA:44,21
DA:56,3
DA:57,2
DA:58,2
DA:60,1
DA:72,21
DA:74,21
DA:75,1
DA:78,20
DA:79,0
DA:80,0
DA:84,20
DA:87,19
DA:89,14
DA:91,14
DA:92,14
DA:93,1
DA:97,13
DA:98,13
DA:100,13
DA:101,2
DA:104,11
DA:109,11
DA:110,2
DA:114,11
DA:116,11
DA:124,19
DA:126,19
DA:127,27
DA:128,27
DA:130,27
DA:131,27
DA:140,17
DA:142,17
DA:143,3
DA:144,2
DA:146,1
DA:150,14
DA:152,13
DA:154,13
DA:155,13
DA:157,13
DA:161,13
DA:162,2
DA:166,11
DA:167,3
DA:171,3
DA:172,3
DA:176,8
DA:177,8
DA:180,8
DA:189,3
LF:57
LH:55
BRDA:34,0,0,26
BRDA:34,0,1,0
BRDA:34,1,0,26
BRDA:34,1,1,26
BRDA:35,2,0,26
BRDA:35,2,1,0
BRDA:35,3,0,26
BRDA:35,3,1,26
BRDA:36,4,0,26
BRDA:36,4,1,0
BRDA:36,5,0,26
BRDA:36,5,1,26
BRDA:44,6,0,21
BRDA:44,6,1,3
BRDA:44,6,2,2
BRDA:44,7,0,0
BRDA:44,7,1,21
BRDA:44,8,0,21
BRDA:44,8,1,21
BRDA:45,9,0,2
BRDA:45,9,1,1
BRDA:45,10,0,3
BRDA:45,10,1,3
BRDA:45,11,0,0
BRDA:45,11,1,3
BRDA:45,12,0,3
BRDA:45,12,1,3
BRDA:46,13,0,1
BRDA:46,13,1,1
BRDA:46,14,0,2
BRDA:46,14,1,1
BRDA:46,15,0,0
BRDA:46,15,1,2
BRDA:46,16,0,2
BRDA:46,16,1,2
BRDA:56,17,0,2
BRDA:56,18,0,0
BRDA:56,18,1,3
BRDA:56,19,0,3
BRDA:56,19,1,3
BRDA:74,20,0,1
BRDA:78,21,0,0
BRDA:91,22,0,0
BRDA:91,22,1,14
BRDA:91,23,0,14
BRDA:91,23,1,14
BRDA:92,24,0,1
BRDA:100,25,0,2
BRDA:100,26,0,13
BRDA:100,26,1,10
BRDA:100,26,2,4
BRDA:100,27,0,0
BRDA:100,27,1,4
BRDA:100,28,0,4
BRDA:100,28,1,4
BRDA:109,29,0,2
BRDA:109,30,0,11
BRDA:109,30,1,2
BRDA:109,31,0,0
BRDA:109,31,1,2
BRDA:109,32,0,2
BRDA:109,32,1,2
BRDA:110,33,0,2
BRDA:110,33,1,0
BRDA:110,34,0,2
BRDA:110,34,1,2
BRDA:142,35,0,3
BRDA:143,36,0,2
BRDA:143,37,0,3
BRDA:143,37,1,2
BRDA:155,38,0,13
BRDA:155,38,1,13
BRDA:157,39,0,13
BRDA:157,39,1,13
BRDA:157,39,2,8
BRDA:158,40,0,0
BRDA:158,40,1,8
BRDA:158,41,0,8
BRDA:158,41,1,8
BRDA:161,42,0,2
BRDA:166,43,0,3
BRDA:168,44,0,3
BRDA:168,44,1,0
BRDA:171,45,0,2
BRDA:171,45,1,1
BRF:85
BRH:71
end_of_record
TN:
SF:src\rooms\managers\ConnectionMonitor.ts
FN:18,(anonymous_1)
FN:27,(anonymous_2)
FN:34,(anonymous_3)
FN:47,(anonymous_4)
FN:60,(anonymous_5)
FN:67,(anonymous_6)
FN:74,(anonymous_7)
FN:98,(anonymous_8)
FN:105,(anonymous_9)
FN:112,(anonymous_10)
FN:121,(anonymous_11)
FNF:11
FNH:11
FNDA:47,(anonymous_1)
FNDA:10,(anonymous_2)
FNDA:35,(anonymous_3)
FNDA:50,(anonymous_4)
FNDA:42,(anonymous_5)
FNDA:18,(anonymous_6)
FNDA:35,(anonymous_7)
FNDA:5,(anonymous_8)
FNDA:6,(anonymous_9)
FNDA:4,(anonymous_10)
FNDA:31,(anonymous_11)
DA:6,2
DA:13,2
DA:14,47
DA:15,47
DA:16,47
DA:19,47
DA:20,47
DA:21,47
DA:28,10
DA:29,1
DA:30,1
DA:33,9
DA:34,9
DA:35,35
DA:38,9
DA:48,50
DA:49,9
DA:50,9
DA:52,50
DA:54,50
DA:61,42
DA:68,18
DA:75,35
DA:76,35
DA:78,35
DA:79,27
DA:81,27
DA:82,2
DA:89,2
DA:90,2
DA:99,5
DA:106,6
DA:113,4
DA:114,4
DA:115,3
DA:122,31
DA:123,31
DA:125,31
LF:38
LH:38
BRDA:28,0,0,1
BRDA:48,1,0,9
BRDA:81,2,0,2
BRDA:114,3,0,1
BRF:4
BRH:4
end_of_record
TN:
SF:src\rooms\managers\PlayerLifecycleManager.ts
FN:29,(anonymous_8)
FN:40,(anonymous_9)
FN:64,(anonymous_10)
FN:75,(anonymous_11)
FN:114,(anonymous_12)
FN:135,(anonymous_13)
FN:167,(anonymous_15)
FN:211,(anonymous_16)
FN:271,(anonymous_17)
FN:273,(anonymous_18)
FN:273,(anonymous_19)
FN:284,(anonymous_20)
FNF:12
FNH:12
FNDA:32,(anonymous_8)
FNDA:12,(anonymous_9)
FNDA:4,(anonymous_10)
FNDA:6,(anonymous_11)
FNDA:15,(anonymous_12)
FNDA:15,(anonymous_13)
FNDA:1,(anonymous_15)
FNDA:14,(anonymous_16)
FNDA:11,(anonymous_17)
FNDA:6,(anonymous_18)
FNDA:6,(anonymous_19)
FNDA:6,(anonymous_20)
DA:2,1
DA:8,1
DA:25,1
DA:30,32
DA:31,32
DA:48,12
DA:49,12
DA:50,12
DA:54,12
DA:58,12
DA:59,12
DA:60,12
DA:61,12
DA:63,12
DA:64,4
DA:65,4
DA:66,4
DA:70,4
DA:72,4
DA:73,4
DA:74,4
DA:75,4
DA:76,6
DA:77,4
DA:78,4
DA:79,4
DA:81,2
DA:83,4
DA:84,0
DA:87,8
DA:91,12
DA:92,12
DA:96,12
DA:97,12
DA:101,12
DA:102,12
DA:104,12
DA:111,12
DA:114,15
DA:122,12
DA:128,12
DA:145,15
DA:146,15
DA:148,15
DA:149,2
DA:150,2
DA:151,1
DA:152,1
DA:153,1
DA:156,1
DA:160,14
DA:174,1
DA:175,1
DA:176,1
DA:178,1
DA:179,1
DA:180,1
DA:183,1
DA:184,1
DA:185,0
DA:188,1
DA:189,0
DA:192,1
DA:194,1
DA:200,1
DA:219,14
DA:220,14
DA:221,14
DA:223,14
DA:224,14
DA:226,14
DA:227,7
DA:228,7
DA:230,7
DA:238,7
DA:239,1
DA:240,1
DA:244,14
DA:245,1
DA:247,14
DA:251,14
DA:252,2
DA:256,14
DA:257,14
DA:258,14
DA:260,14
DA:262,14
DA:272,11
DA:273,6
DA:276,11
DA:277,12
DA:278,11
DA:281,0
DA:285,6
LF:94
LH:90
BRDA:32,0,0,31
BRDA:32,0,1,1
BRDA:32,1,0,32
BRDA:32,1,1,32
BRDA:32,2,0,1
BRDA:32,2,1,31
BRDA:32,3,0,32
BRDA:32,3,1,32
BRDA:49,4,0,0
BRDA:49,4,1,12
BRDA:49,5,0,12
BRDA:49,5,1,12
BRDA:49,6,0,0
BRDA:49,6,1,12
BRDA:49,7,0,12
BRDA:49,7,1,12
BRDA:50,8,0,4
BRDA:50,8,1,8
BRDA:50,9,0,0
BRDA:50,9,1,12
BRDA:50,10,0,12
BRDA:50,10,1,12
BRDA:54,11,0,4
BRDA:54,11,1,8
BRDA:55,12,0,4
BRDA:55,12,1,0
BRDA:55,13,0,4
BRDA:55,13,1,4
BRDA:55,14,0,0
BRDA:55,14,1,4
BRDA:55,15,0,4
BRDA:55,15,1,4
BRDA:59,16,0,12
BRDA:59,16,1,9
BRDA:59,16,2,7
BRDA:59,17,0,0
BRDA:59,17,1,9
BRDA:59,18,0,9
BRDA:59,18,1,9
BRDA:60,19,0,12
BRDA:60,19,1,9
BRDA:61,20,0,1
BRDA:61,20,1,11
BRDA:63,21,0,4
BRDA:63,21,1,8
BRDA:65,22,0,4
BRDA:76,23,0,4
BRDA:83,24,0,0
BRDA:91,25,0,12
BRDA:96,26,0,12
BRDA:148,27,0,2
BRDA:148,28,0,15
BRDA:148,28,1,3
BRDA:176,29,0,0
BRDA:184,30,0,0
BRDA:188,31,0,0
BRDA:223,32,0,14
BRDA:226,33,0,7
BRDA:238,34,0,1
BRDA:238,35,0,7
BRDA:238,35,1,2
BRDA:238,35,2,2
BRDA:244,36,0,1
BRDA:251,37,0,2
BRDA:251,38,0,14
BRDA:251,38,1,5
BRDA:277,39,0,11
BRF:67
BRH:57
end_of_record
TN:
SF:src\rooms\managers\RateLimiterService.ts
FN:17,(anonymous_1)
FN:25,(anonymous_2)
FN:41,(anonymous_3)
FN:61,(anonymous_4)
FN:78,(anonymous_5)
FN:88,(anonymous_6)
FN:100,(anonymous_7)
FN:110,(anonymous_8)
FN:119,(anonymous_9)
FN:127,(anonymous_10)
FN:149,(anonymous_11)
FNF:11
FNH:11
FNDA:26,(anonymous_1)
FNDA:227,(anonymous_2)
FNDA:133,(anonymous_3)
FNDA:5,(anonymous_4)
FNDA:228,(anonymous_5)
FNDA:2,(anonymous_6)
FNDA:2,(anonymous_7)
FNDA:27,(anonymous_8)
FNDA:4,(anonymous_9)
FNDA:3,(anonymous_10)
FNDA:3,(anonymous_11)
DA:6,1
DA:13,1
DA:15,26
DA:18,26
DA:19,26
DA:26,227
DA:27,227
DA:29,220
DA:30,220
DA:32,219
DA:33,219
DA:35,219
DA:42,133
DA:44,133
DA:45,122
DA:46,122
DA:49,133
DA:51,133
DA:62,5
DA:63,5
DA:65,4
DA:66,4
DA:68,4
DA:69,4
DA:70,4
DA:72,4
DA:79,228
DA:80,10
DA:82,218
DA:89,2
DA:91,2
DA:101,2
DA:102,2
DA:103,1
DA:111,27
DA:113,27
DA:120,4
DA:121,4
DA:128,3
DA:129,3
DA:131,2
DA:132,2
DA:134,2
DA:135,5
DA:136,5
DA:138,5
DA:139,4
DA:143,2
DA:150,3
DA:151,2
DA:153,3
DA:154,1
DA:157,3
LF:53
LH:53
BRDA:27,0,0,7
BRDA:30,1,0,1
BRDA:44,2,0,122
BRDA:63,3,0,1
BRDA:66,4,0,0
BRDA:79,5,0,10
BRDA:79,6,0,0
BRDA:79,6,1,228
BRDA:79,7,0,228
BRDA:79,7,1,228
BRDA:102,8,0,1
BRDA:121,9,0,3
BRDA:121,9,1,1
BRDA:121,10,0,4
BRDA:121,10,1,4
BRDA:121,11,0,1
BRDA:121,11,1,3
BRDA:121,12,0,4
BRDA:121,12,1,4
BRDA:129,13,0,1
BRDA:138,14,0,4
BRDA:150,15,0,2
BRDA:153,16,0,1
BRF:23
BRH:21
end_of_record
TN:
SF:src\rooms\managers\RebuyManager.ts
FN:20,(anonymous_1)
FN:34,(anonymous_2)
FN:59,(anonymous_3)
FN:120,(anonymous_4)
FNF:4
FNH:4
FNDA:20,(anonymous_1)
FNDA:2,(anonymous_2)
FNDA:11,(anonymous_3)
FNDA:5,(anonymous_4)
DA:8,1
DA:17,1
DA:21,20
DA:24,20
DA:40,2
DA:43,2
DA:48,2
DA:66,11
DA:67,11
DA:68,1
DA:69,1
DA:72,10
DA:73,1
DA:74,1
DA:77,9
DA:78,1
DA:79,1
DA:82,8
DA:83,8
DA:85,8
DA:86,4
DA:87,4
DA:91,4
DA:92,4
DA:93,4
DA:95,4
DA:100,4
DA:107,4
DA:114,4
DA:121,5
LF:30
LH:30
BRDA:25,0,0,19
BRDA:25,0,1,1
BRDA:25,1,0,20
BRDA:25,1,1,20
BRDA:25,2,0,1
BRDA:25,2,1,19
BRDA:25,3,0,20
BRDA:25,3,1,20
BRDA:26,4,0,19
BRDA:26,4,1,1
BRDA:26,5,0,20
BRDA:26,5,1,20
BRDA:26,6,0,1
BRDA:26,6,1,19
BRDA:26,7,0,20
BRDA:26,7,1,20
BRDA:67,8,0,1
BRDA:72,9,0,1
BRDA:77,10,0,1
BRDA:85,11,0,4
BRDA:85,12,0,8
BRDA:85,12,1,6
BRDA:85,12,2,5
BRF:23
BRH:23
end_of_record
TN:
SF:src\rooms\managers\SeatManager.ts
FN:31,(anonymous_2)
FN:43,(anonymous_3)
FN:69,(anonymous_4)
FN:81,(anonymous_5)
FN:88,(anonymous_6)
FN:95,(anonymous_7)
FN:114,(anonymous_8)
FN:130,(anonymous_9)
FN:146,(anonymous_10)
FN:159,(anonymous_11)
FN:171,(anonymous_12)
FN:195,(anonymous_13)
FN:202,(anonymous_14)
FN:204,(anonymous_15)
FN:212,(anonymous_16)
FN:222,(anonymous_17)
FN:233,(anonymous_18)
FNF:17
FNH:17
FNDA:4,(anonymous_2)
FNDA:38,(anonymous_3)
FNDA:6,(anonymous_4)
FNDA:8,(anonymous_5)
FNDA:8,(anonymous_6)
FNDA:32,(anonymous_7)
FNDA:14,(anonymous_8)
FNDA:15,(anonymous_9)
FNDA:8,(anonymous_10)
FNDA:2,(anonymous_11)
FNDA:17,(anonymous_12)
FNDA:16,(anonymous_13)
FNDA:74,(anonymous_14)
FNDA:16,(anonymous_15)
FNDA:76,(anonymous_16)
FNDA:76,(anonymous_17)
FNDA:1,(anonymous_18)
DA:6,3
DA:13,3
DA:15,74
DA:16,74
DA:17,74
DA:20,74
DA:22,74
DA:24,74
DA:25,74
DA:32,4
DA:33,10
DA:34,3
DA:37,1
DA:44,38
DA:45,2
DA:48,36
DA:49,1
DA:54,1
DA:57,35
DA:59,35
DA:70,6
DA:72,6
DA:82,8
DA:89,8
DA:96,32
DA:98,32
DA:103,32
DA:115,14
DA:116,14
DA:119,7
DA:120,1
DA:121,1
DA:124,6
DA:131,15
DA:132,15
DA:135,10
DA:136,1
DA:137,1
DA:140,9
DA:147,8
DA:149,8
DA:160,2
DA:161,2
DA:162,2
DA:164,1
DA:172,17
DA:173,17
DA:175,17
DA:176,25
DA:177,4
DA:178,4
DA:182,17
DA:183,2
DA:189,17
DA:196,16
DA:204,74
DA:205,16
DA:213,76
DA:214,74
DA:215,74
DA:223,76
DA:224,76
DA:225,76
DA:227,76
DA:234,1
LF:65
LH:65
BRDA:21,0,0,0
BRDA:22,1,0,0
BRDA:33,2,0,3
BRDA:44,3,0,2
BRDA:44,4,0,38
BRDA:44,4,1,37
BRDA:48,5,0,1
BRDA:116,6,0,7
BRDA:119,7,0,1
BRDA:132,8,0,5
BRDA:135,9,0,1
BRDA:162,10,0,1
BRDA:176,11,0,4
BRDA:182,12,0,2
BRDA:213,13,0,74
BRF:15
BRH:13
end_of_record
TN:
SF:src\rooms\managers\SessionManager.ts
FN:19,(anonymous_1)
FN:27,(anonymous_2)
FN:34,(anonymous_3)
FN:41,(anonymous_4)
FN:48,(anonymous_5)
FN:55,(anonymous_6)
FN:62,(anonymous_7)
FN:77,(anonymous_8)
FN:94,(anonymous_9)
FN:120,(anonymous_10)
FN:131,(anonymous_11)
FN:138,(anonymous_12)
FNF:12
FNH:12
FNDA:90,(anonymous_1)
FNDA:18,(anonymous_2)
FNDA:22,(anonymous_3)
FNDA:12,(anonymous_4)
FNDA:30,(anonymous_5)
FNDA:16,(anonymous_6)
FNDA:61,(anonymous_7)
FNDA:22,(anonymous_8)
FNDA:4,(anonymous_9)
FNDA:73,(anonymous_10)
FNDA:7,(anonymous_11)
FNDA:1,(anonymous_12)
DA:7,4
DA:9,4
DA:11,90
DA:14,90
DA:17,90
DA:20,90
DA:21,90
DA:28,18
DA:35,22
DA:42,12
DA:49,30
DA:56,16
DA:63,61
DA:64,61
DA:65,61
DA:67,61
DA:78,22
DA:79,22
DA:80,8
DA:81,8
DA:83,8
DA:95,4
DA:96,4
DA:97,1
DA:101,1
DA:105,3
DA:106,3
DA:107,3
DA:109,3
DA:121,73
DA:122,73
DA:123,73
DA:125,73
DA:132,7
DA:139,1
LF:35
LH:35
BRDA:21,0,0,18
BRDA:79,1,0,8
BRDA:96,2,0,1
BRF:3
BRH:3
end_of_record
TN:
SF:src\rooms\managers\index.ts
FN:6,(anonymous_0)
FN:7,(anonymous_1)
FN:8,(anonymous_2)
FN:9,(anonymous_3)
FN:11,(anonymous_4)
FN:15,(anonymous_5)
FN:17,(anonymous_6)
FN:22,(anonymous_7)
FNF:8
FNH:0
FNDA:0,(anonymous_0)
FNDA:0,(anonymous_1)
FNDA:0,(anonymous_2)
FNDA:0,(anonymous_3)
FNDA:0,(anonymous_4)
FNDA:0,(anonymous_5)
FNDA:0,(anonymous_6)
FNDA:0,(anonymous_7)
DA:6,0
DA:7,0
DA:8,0
DA:9,0
DA:10,0
DA:11,0
DA:15,0
DA:16,0
DA:17,0
DA:21,0
DA:22,0
LF:11
LH:0
BRF:0
BRH:0
end_of_record
TN:
SF:src\security\anti-cheat.ts
FN:29,detectSuspiciousAction
FN:108,detectStateManipulation
FN:155,detectCollusion
FN:168,(anonymous_4)
FN:196,detectNetworkAnomaly
FN:233,logCheatDetection
FNF:6
FNH:0
FNDA:0,detectSuspiciousAction
FNDA:0,detectStateManipulation
FNDA:0,detectCollusion
FNDA:0,(anonymous_4)
FNDA:0,detectNetworkAnomaly
FNDA:0,logCheatDetection
DA:1,0
DA:29,0
DA:37,0
DA:38,0
DA:41,0
DA:42,0
DA:43,0
DA:47,0
DA:48,0
DA:49,0
DA:53,0
DA:54,0
DA:55,0
DA:59,0
DA:60,0
DA:61,0
DA:65,0
DA:66,0
DA:67,0
DA:71,0
DA:72,0
DA:73,0
DA:74,0
DA:78,0
DA:79,0
DA:80,0
DA:84,0
DA:85,0
DA:86,0
DA:90,0
DA:91,0
DA:92,0
DA:93,0
DA:94,0
DA:97,0
DA:108,0
DA:113,0
DA:114,0
DA:117,0
DA:118,0
DA:119,0
DA:123,0
DA:124,0
DA:125,0
DA:126,0
DA:131,0
DA:132,0
DA:133,0
DA:137,0
DA:138,0
DA:139,0
DA:142,0
DA:144,0
DA:155,0
DA:158,0
DA:160,0
DA:161,0
DA:162,0
DA:163,0
DA:164,0
DA:165,0
DA:168,0
DA:169,0
DA:170,0
DA:171,0
DA:175,0
DA:176,0
DA:177,0
DA:180,0
DA:181,0
DA:190,0
DA:196,0
DA:202,0
DA:203,0
DA:206,0
DA:207,0
DA:208,0
DA:212,0
DA:213,0
DA:214,0
DA:218,0
DA:219,0
DA:220,0
DA:223,0
DA:233,0
DA:238,0
LF:86
LH:0
BRDA:41,0,0,0
BRDA:47,1,0,0
BRDA:53,2,0,0
BRDA:53,3,0,0
BRDA:53,3,1,0
BRDA:59,4,0,0
BRDA:59,5,0,0
BRDA:59,5,1,0
BRDA:65,6,0,0
BRDA:65,7,0,0
BRDA:65,7,1,0
BRDA:72,8,0,0
BRDA:72,9,0,0
BRDA:72,9,1,0
BRDA:78,10,0,0
BRDA:84,11,0,0
BRDA:84,12,0,0
BRDA:84,12,1,0
BRDA:91,13,0,0
BRDA:91,13,1,0
BRDA:93,14,0,0
BRDA:117,15,0,0
BRDA:123,16,0,0
BRDA:123,17,0,0
BRDA:123,17,1,0
BRDA:123,18,0,0
BRDA:123,18,1,0
BRDA:123,19,0,0
BRDA:123,19,1,0
BRDA:123,20,0,0
BRDA:123,20,1,0
BRDA:123,21,0,0
BRDA:123,21,1,0
BRDA:124,22,0,0
BRDA:131,23,0,0
BRDA:137,24,0,0
BRDA:137,25,0,0
BRDA:137,25,1,0
BRDA:142,26,0,0
BRDA:142,26,1,0
BRDA:142,27,0,0
BRDA:142,27,1,0
BRDA:169,28,0,0
BRDA:175,29,0,0
BRDA:175,30,0,0
BRDA:175,30,1,0
BRDA:180,31,0,0
BRDA:206,32,0,0
BRDA:212,33,0,0
BRDA:218,34,0,0
BRDA:218,35,0,0
BRDA:218,35,1,0
BRDA:236,36,0,0
BRF:53
BRH:0
end_of_record
TN:
SF:src\security\game-action-rate-limit.ts
FN:64,(anonymous_1)
FN:74,(anonymous_2)
FN:155,(anonymous_3)
FN:184,(anonymous_4)
FN:212,(anonymous_5)
FN:225,(anonymous_6)
FN:237,(anonymous_7)
FN:248,(anonymous_8)
FN:263,(anonymous_9)
FN:281,(anonymous_10)
FN:288,(anonymous_11)
FN:315,(anonymous_12)
FN:346,(anonymous_13)
FN:371,(anonymous_14)
FN:383,checkAndRecordAction
FNF:15
FNH:0
FNDA:0,(anonymous_1)
FNDA:0,(anonymous_2)
FNDA:0,(anonymous_3)
FNDA:0,(anonymous_4)
FNDA:0,(anonymous_5)
FNDA:0,(anonymous_6)
FNDA:0,(anonymous_7)
FNDA:0,(anonymous_8)
FNDA:0,(anonymous_9)
FNDA:0,(anonymous_10)
FNDA:0,(anonymous_11)
FNDA:0,(anonymous_12)
FNDA:0,(anonymous_13)
FNDA:0,(anonymous_14)
FNDA:0,checkAndRecordAction
DA:1,0
DA:25,0
DA:64,0
DA:65,0
DA:66,0
DA:67,0
DA:68,0
DA:80,0
DA:81,0
DA:82,0
DA:89,0
DA:90,0
DA:91,0
DA:95,0
DA:96,0
DA:103,0
DA:106,0
DA:109,0
DA:110,0
DA:111,0
DA:118,0
DA:119,0
DA:120,0
DA:121,0
DA:128,0
DA:129,0
DA:130,0
DA:137,0
DA:138,0
DA:139,0
DA:140,0
DA:141,0
DA:149,0
DA:161,0
DA:170,0
DA:171,0
DA:172,0
DA:173,0
DA:174,0
DA:176,0
DA:178,0
DA:189,0
DA:190,0
DA:191,0
DA:194,0
DA:196,0
DA:201,0
DA:202,0
DA:203,0
DA:206,0
DA:213,0
DA:214,0
DA:215,0
DA:216,0
DA:226,0
DA:227,0
DA:228,0
DA:229,0
DA:230,0
DA:238,0
DA:239,0
DA:240,0
DA:241,0
DA:249,0
DA:250,0
DA:252,0
DA:253,0
DA:257,0
DA:268,0
DA:269,0
DA:271,0
DA:272,0
DA:275,0
DA:282,0
DA:297,0
DA:299,0
DA:300,0
DA:301,0
DA:309,0
DA:321,0
DA:322,0
DA:323,0
DA:325,0
DA:326,0
DA:327,0
DA:329,0
DA:330,0
DA:331,0
DA:335,0
DA:348,0
DA:349,0
DA:351,0
DA:352,0
DA:353,0
DA:354,0
DA:355,0
DA:359,0
DA:360,0
DA:365,0
DA:372,0
DA:373,0
DA:378,0
DA:383,0
DA:388,0
DA:390,0
DA:391,0
DA:393,0
DA:396,0
LF:108
LH:0
BRDA:77,0,0,0
BRDA:81,1,0,0
BRDA:81,2,0,0
BRDA:81,2,1,0
BRDA:81,3,0,0
BRDA:81,3,1,0
BRDA:81,4,0,0
BRDA:81,4,1,0
BRDA:89,5,0,0
BRDA:89,6,0,0
BRDA:89,6,1,0
BRDA:89,7,0,0
BRDA:89,7,1,0
BRDA:89,8,0,0
BRDA:89,8,1,0
BRDA:95,9,0,0
BRDA:109,10,0,0
BRDA:119,11,0,0
BRDA:128,12,0,0
BRDA:137,13,0,0
BRDA:139,14,0,0
BRDA:158,15,0,0
BRDA:161,16,0,0
BRDA:161,16,1,0
BRDA:187,17,0,0
BRDA:190,18,0,0
BRDA:201,19,0,0
BRDA:212,20,0,0
BRDA:214,21,0,0
BRDA:227,22,0,0
BRDA:239,23,0,0
BRDA:250,24,0,0
BRDA:257,25,0,0
BRDA:257,25,1,0
BRDA:269,26,0,0
BRDA:275,27,0,0
BRDA:275,27,1,0
BRDA:275,28,0,0
BRDA:275,28,1,0
BRDA:300,29,0,0
BRDA:300,30,0,0
BRDA:300,30,1,0
BRDA:304,31,0,0
BRDA:304,31,1,0
BRDA:326,32,0,0
BRDA:326,33,0,0
BRDA:326,33,1,0
BRDA:329,34,0,0
BRDA:346,35,0,0
BRDA:352,36,0,0
BRDA:359,37,0,0
BRDA:390,38,0,0
BRDA:390,38,1,0
BRDA:393,39,0,0
BRDA:393,39,1,0
BRF:55
BRH:0
end_of_record
TN:
SF:src\security\game-audit.ts
FN:15,(anonymous_1)
FN:32,(anonymous_2)
FN:40,(anonymous_3)
FN:68,(anonymous_4)
FN:96,(anonymous_5)
FN:98,(anonymous_6)
FN:105,(anonymous_7)
FN:107,(anonymous_8)
FN:114,(anonymous_9)
FN:116,(anonymous_10)
FN:123,(anonymous_11)
FN:125,(anonymous_12)
FN:132,(anonymous_13)
FN:134,(anonymous_14)
FN:141,(anonymous_15)
FN:151,(anonymous_16)
FN:154,(anonymous_17)
FN:157,(anonymous_18)
FN:160,(anonymous_19)
FN:163,(anonymous_20)
FN:164,(anonymous_21)
FN:180,(anonymous_22)
FN:183,(anonymous_23)
FN:190,(anonymous_24)
FN:194,(anonymous_25)
FN:197,(anonymous_26)
FN:200,(anonymous_27)
FN:209,(anonymous_28)
FN:221,auditPlayerAction
FN:240,auditInvalidAction
FN:259,auditCheatDetection
FN:278,auditPlayerJoin
FN:291,auditPlayerLeave
FNF:33
FNH:0
FNDA:0,(anonymous_1)
FNDA:0,(anonymous_2)
FNDA:0,(anonymous_3)
FNDA:0,(anonymous_4)
FNDA:0,(anonymous_5)
FNDA:0,(anonymous_6)
FNDA:0,(anonymous_7)
FNDA:0,(anonymous_8)
FNDA:0,(anonymous_9)
FNDA:0,(anonymous_10)
FNDA:0,(anonymous_11)
FNDA:0,(anonymous_12)
FNDA:0,(anonymous_13)
FNDA:0,(anonymous_14)
FNDA:0,(anonymous_15)
FNDA:0,(anonymous_16)
FNDA:0,(anonymous_17)
FNDA:0,(anonymous_18)
FNDA:0,(anonymous_19)
FNDA:0,(anonymous_20)
FNDA:0,(anonymous_21)
FNDA:0,(anonymous_22)
FNDA:0,(anonymous_23)
FNDA:0,(anonymous_24)
FNDA:0,(anonymous_25)
FNDA:0,(anonymous_26)
FNDA:0,(anonymous_27)
FNDA:0,(anonymous_28)
FNDA:0,auditPlayerAction
FNDA:0,auditInvalidAction
FNDA:0,auditCheatDetection
FNDA:0,auditPlayerJoin
FNDA:0,auditPlayerLeave
DA:1,0
DA:15,0
DA:16,0
DA:17,0
DA:18,0
DA:19,0
DA:20,0
DA:21,0
DA:22,0
DA:23,0
DA:24,0
DA:25,0
DA:26,0
DA:27,0
DA:28,0
DA:29,0
DA:32,0
DA:33,0
DA:34,0
DA:35,0
DA:46,0
DA:54,0
DA:57,0
DA:60,0
DA:61,0
DA:69,0
DA:78,0
DA:82,0
DA:83,0
DA:87,0
DA:89,0
DA:97,0
DA:98,0
DA:106,0
DA:107,0
DA:115,0
DA:116,0
DA:124,0
DA:125,0
DA:133,0
DA:134,0
DA:150,0
DA:151,0
DA:153,0
DA:154,0
DA:156,0
DA:157,0
DA:159,0
DA:160,0
DA:163,0
DA:164,0
DA:166,0
DA:181,0
DA:182,0
DA:183,0
DA:184,0
DA:191,0
DA:193,0
DA:194,0
DA:196,0
DA:197,0
DA:199,0
DA:200,0
DA:203,0
DA:210,0
DA:215,0
DA:221,0
DA:228,0
DA:240,0
DA:247,0
DA:259,0
DA:266,0
DA:278,0
DA:283,0
DA:291,0
DA:297,0
LF:76
LH:0
BRDA:15,0,0,0
BRDA:15,0,1,0
BRDA:44,1,0,0
BRDA:60,2,0,0
BRDA:78,3,0,0
BRDA:78,3,1,0
BRDA:79,4,0,0
BRDA:79,4,1,0
BRDA:83,5,0,0
BRDA:83,5,1,0
BRDA:84,6,0,0
BRDA:84,6,1,0
BRDA:96,7,0,0
BRDA:105,8,0,0
BRDA:114,9,0,0
BRDA:123,10,0,0
BRDA:132,11,0,0
BRDA:193,12,0,0
BRDA:193,13,0,0
BRDA:193,13,1,0
BRDA:193,14,0,0
BRDA:193,14,1,0
BRDA:196,15,0,0
BRDA:196,16,0,0
BRDA:196,16,1,0
BRDA:196,17,0,0
BRDA:196,17,1,0
BRDA:199,18,0,0
BRDA:199,19,0,0
BRDA:199,19,1,0
BRDA:199,20,0,0
BRDA:199,20,1,0
BRDA:226,21,0,0
BRDA:245,22,0,0
BRDA:264,23,0,0
BRDA:281,24,0,0
BRDA:295,25,0,0
BRF:37
BRH:0
end_of_record
TN:
SF:src\security\game-auth.ts
FN:19,verifyPlayerToken
FN:42,extractTokenFromOptions
FN:69,logAuthEvent
FN:84,(anonymous_4)
FN:91,(anonymous_5)
FN:102,(anonymous_6)
FN:120,(anonymous_7)
FN:127,(anonymous_8)
FN:139,(anonymous_9)
FNF:9
FNH:0
FNDA:0,verifyPlayerToken
FNDA:0,extractTokenFromOptions
FNDA:0,logAuthEvent
FNDA:0,(anonymous_4)
FNDA:0,(anonymous_5)
FNDA:0,(anonymous_6)
FNDA:0,(anonymous_7)
FNDA:0,(anonymous_8)
FNDA:0,(anonymous_9)
DA:1,0
DA:19,0
DA:20,0
DA:21,0
DA:22,0
DA:25,0
DA:26,0
DA:29,0
DA:31,0
DA:32,0
DA:42,0
DA:43,0
DA:46,0
DA:47,0
DA:51,0
DA:52,0
DA:56,0
DA:57,0
DA:58,0
DA:59,0
DA:63,0
DA:69,0
DA:74,0
DA:84,0
DA:85,0
DA:86,0
DA:92,0
DA:103,0
DA:105,0
DA:106,0
DA:109,0
DA:110,0
DA:111,0
DA:114,0
DA:121,0
DA:128,0
DA:129,0
DA:130,0
DA:131,0
DA:133,0
DA:141,0
DA:142,0
DA:143,0
DA:146,0
DA:150,0
LF:45
LH:0
BRDA:25,0,0,0
BRDA:25,1,0,0
BRDA:25,1,1,0
BRDA:25,1,2,0
BRDA:31,2,0,0
BRDA:31,2,1,0
BRDA:43,3,0,0
BRDA:46,4,0,0
BRDA:46,5,0,0
BRDA:46,5,1,0
BRDA:46,6,0,0
BRDA:46,6,1,0
BRDA:51,7,0,0
BRDA:56,8,0,0
BRDA:56,9,0,0
BRDA:56,9,1,0
BRDA:56,10,0,0
BRDA:56,10,1,0
BRDA:58,11,0,0
BRDA:72,12,0,0
BRDA:105,13,0,0
BRDA:109,14,0,0
BRDA:129,15,0,0
BRDA:142,16,0,0
BRF:24
BRH:0
end_of_record
TN:
SF:src\security\game-security-index.ts
FN:8,(anonymous_0)
FN:9,(anonymous_1)
FN:10,(anonymous_2)
FN:11,(anonymous_3)
FN:12,(anonymous_4)
FN:18,(anonymous_5)
FN:19,(anonymous_6)
FN:20,(anonymous_7)
FN:21,(anonymous_8)
FN:22,(anonymous_9)
FN:28,(anonymous_10)
FN:29,(anonymous_11)
FN:30,(anonymous_12)
FN:31,(anonymous_13)
FN:32,(anonymous_14)
FN:38,(anonymous_15)
FN:39,(anonymous_16)
FN:40,(anonymous_17)
FN:41,(anonymous_18)
FN:42,(anonymous_19)
FN:43,(anonymous_20)
FN:44,(anonymous_21)
FN:50,(anonymous_22)
FN:51,(anonymous_23)
FN:52,(anonymous_24)
FNF:25
FNH:0
FNDA:0,(anonymous_0)
FNDA:0,(anonymous_1)
FNDA:0,(anonymous_2)
FNDA:0,(anonymous_3)
FNDA:0,(anonymous_4)
FNDA:0,(anonymous_5)
FNDA:0,(anonymous_6)
FNDA:0,(anonymous_7)
FNDA:0,(anonymous_8)
FNDA:0,(anonymous_9)
FNDA:0,(anonymous_10)
FNDA:0,(anonymous_11)
FNDA:0,(anonymous_12)
FNDA:0,(anonymous_13)
FNDA:0,(anonymous_14)
FNDA:0,(anonymous_15)
FNDA:0,(anonymous_16)
FNDA:0,(anonymous_17)
FNDA:0,(anonymous_18)
FNDA:0,(anonymous_19)
FNDA:0,(anonymous_20)
FNDA:0,(anonymous_21)
FNDA:0,(anonymous_22)
FNDA:0,(anonymous_23)
FNDA:0,(anonymous_24)
DA:7,0
DA:8,0
DA:9,0
DA:10,0
DA:11,0
DA:12,0
DA:17,0
DA:18,0
DA:19,0
DA:20,0
DA:21,0
DA:22,0
DA:27,0
DA:28,0
DA:29,0
DA:30,0
DA:31,0
DA:32,0
DA:37,0
DA:38,0
DA:39,0
DA:40,0
DA:41,0
DA:42,0
DA:43,0
DA:44,0
DA:49,0
DA:50,0
DA:51,0
DA:52,0
DA:58,0
DA:59,0
DA:60,0
DA:63,0
LF:34
LH:0
BRF:0
BRH:0
end_of_record
TN:
SF:src\security\game-validation.ts
FN:23,validatePokerAction
FN:40,(anonymous_2)
FN:105,validateBetAmount
FN:133,validatePlayerTurn
FN:167,logGameAction
FN:190,validateGameStateConsistency
FN:198,(anonymous_7)
FNF:7
FNH:0
FNDA:0,validatePokerAction
FNDA:0,(anonymous_2)
FNDA:0,validateBetAmount
FNDA:0,validatePlayerTurn
FNDA:0,logGameAction
FNDA:0,validateGameStateConsistency
FNDA:0,(anonymous_7)
DA:1,0
DA:23,0
DA:35,0
DA:36,0
DA:40,0
DA:41,0
DA:42,0
DA:46,0
DA:47,0
DA:51,0
DA:53,0
DA:56,0
DA:57,0
DA:59,0
DA:62,0
DA:63,0
DA:65,0
DA:66,0
DA:68,0
DA:71,0
DA:72,0
DA:74,0
DA:75,0
DA:77,0
DA:78,0
DA:80,0
DA:81,0
DA:83,0
DA:86,0
DA:87,0
DA:89,0
DA:92,0
DA:95,0
DA:98,0
DA:105,0
DA:111,0
DA:112,0
DA:115,0
DA:116,0
DA:119,0
DA:120,0
DA:123,0
DA:124,0
DA:127,0
DA:133,0
DA:139,0
DA:141,0
DA:142,0
DA:145,0
DA:146,0
DA:149,0
DA:150,0
DA:153,0
DA:154,0
DA:157,0
DA:158,0
DA:161,0
DA:167,0
DA:173,0
DA:174,0
DA:176,0
DA:190,0
DA:193,0
DA:196,0
DA:197,0
DA:198,0
DA:199,0
DA:200,0
DA:202,0
DA:208,0
DA:209,0
DA:213,0
DA:214,0
DA:218,0
DA:219,0
DA:223,0
DA:224,0
DA:228,0
DA:229,0
DA:230,0
DA:234,0
LF:81
LH:0
BRDA:35,0,0,0
BRDA:41,1,0,0
BRDA:46,2,0,0
BRDA:46,3,0,0
BRDA:46,3,1,0
BRDA:51,4,0,0
BRDA:51,4,1,0
BRDA:51,4,2,0
BRDA:51,4,3,0
BRDA:51,4,4,0
BRDA:51,4,5,0
BRDA:51,4,6,0
BRDA:51,4,7,0
BRDA:56,5,0,0
BRDA:62,6,0,0
BRDA:65,7,0,0
BRDA:71,8,0,0
BRDA:74,9,0,0
BRDA:77,10,0,0
BRDA:77,11,0,0
BRDA:77,11,1,0
BRDA:80,12,0,0
BRDA:86,13,0,0
BRDA:111,14,0,0
BRDA:115,15,0,0
BRDA:119,16,0,0
BRDA:119,17,0,0
BRDA:119,17,1,0
BRDA:123,18,0,0
BRDA:141,19,0,0
BRDA:145,20,0,0
BRDA:149,21,0,0
BRDA:153,22,0,0
BRDA:157,23,0,0
BRDA:173,24,0,0
BRDA:173,24,1,0
BRDA:174,25,0,0
BRDA:174,25,1,0
BRDA:197,26,0,0
BRDA:197,27,0,0
BRDA:197,27,1,0
BRDA:199,28,0,0
BRDA:199,28,1,0
BRDA:199,29,0,0
BRDA:199,29,1,0
BRDA:208,30,0,0
BRDA:213,31,0,0
BRDA:213,32,0,0
BRDA:213,32,1,0
BRDA:218,33,0,0
BRDA:218,34,0,0
BRDA:218,34,1,0
BRDA:223,35,0,0
BRDA:223,36,0,0
BRDA:223,36,1,0
BRDA:223,36,2,0
BRDA:223,37,0,0
BRDA:223,37,1,0
BRDA:223,38,0,0
BRDA:223,38,1,0
BRDA:223,39,0,0
BRDA:223,39,1,0
BRDA:228,40,0,0
BRDA:228,41,0,0
BRDA:228,41,1,0
BRDA:229,42,0,0
BRF:66
BRH:0
end_of_record
