TN:
SF:src\rooms\MyRoom.ts
FN:28,(anonymous_8)
FN:44,(anonymous_9)
FN:54,(anonymous_10)
FN:72,(anonymous_11)
FN:89,(anonymous_13)
FN:102,(anonymous_14)
FN:109,(anonymous_15)
FN:117,(anonymous_16)
FN:136,(anonymous_17)
FN:178,(anonymous_18)
FN:180,(anonymous_19)
FN:193,(anonymous_20)
FN:197,(anonymous_21)
FN:201,(anonymous_22)
FN:205,(anonymous_23)
FN:209,(anonymous_24)
FN:213,(anonymous_25)
FN:217,(anonymous_26)
FN:223,(anonymous_27)
FN:232,(anonymous_28)
FN:237,(anonymous_30)
FN:268,(anonymous_32)
FN:281,(anonymous_33)
FN:282,(anonymous_34)
FN:315,(anonymous_35)
FN:329,(anonymous_37)
FN:330,(anonymous_38)
FN:335,(anonymous_39)
FN:339,(anonymous_40)
FNF:29
FNH:28
FNDA:4,(anonymous_8)
FNDA:4,(anonymous_9)
FNDA:3,(anonymous_10)
FNDA:5,(anonymous_11)
FNDA:2,(anonymous_13)
FNDA:2,(anonymous_14)
FNDA:1,(anonymous_15)
FNDA:9,(anonymous_16)
FNDA:14,(anonymous_17)
FNDA:2,(anonymous_18)
FNDA:2,(anonymous_19)
FNDA:1,(anonymous_20)
FNDA:2,(anonymous_21)
FNDA:2,(anonymous_22)
FNDA:1,(anonymous_23)
FNDA:1,(anonymous_24)
FNDA:1,(anonymous_25)
FNDA:1,(anonymous_26)
FNDA:1,(anonymous_27)
FNDA:2,(anonymous_28)
FNDA:4,(anonymous_30)
FNDA:3,(anonymous_32)
FNDA:1,(anonymous_33)
FNDA:1,(anonymous_34)
FNDA:3,(anonymous_35)
FNDA:0,(anonymous_37)
FNDA:1,(anonymous_38)
FNDA:1,(anonymous_39)
FNDA:8,(anonymous_40)
DA:1,6
DA:2,6
DA:3,6
DA:4,6
DA:5,6
DA:6,6
DA:11,6
DA:14,6
DA:23,6
DA:24,6
DA:25,6
DA:28,6
DA:29,4
DA:31,4
DA:33,4
DA:34,4
DA:35,4
DA:36,4
DA:37,4
DA:38,4
DA:39,4
DA:41,4
DA:45,4
DA:46,5
DA:47,5
DA:51,4
DA:54,4
DA:55,3
DA:56,3
DA:57,3
DA:59,3
DA:73,5
DA:74,5
DA:75,1
DA:76,1
DA:79,4
DA:81,4
DA:82,2
DA:83,2
DA:88,2
DA:89,2
DA:91,2
DA:92,1
DA:93,1
DA:96,1
DA:103,2
DA:119,9
DA:122,9
DA:123,1
DA:124,1
DA:127,8
DA:128,1
DA:129,1
DA:132,7
DA:133,7
DA:137,14
DA:138,14
DA:140,14
DA:141,14
DA:142,14
DA:143,14
DA:148,14
DA:151,14
DA:152,14
DA:159,14
DA:160,14
DA:168,14
DA:169,14
DA:172,14
DA:180,2
DA:181,2
DA:182,1
DA:183,1
DA:189,14
DA:190,14
DA:193,14
DA:194,1
DA:195,1
DA:197,14
DA:198,2
DA:199,1
DA:201,14
DA:202,2
DA:203,1
DA:205,14
DA:206,1
DA:207,1
DA:209,14
DA:210,1
DA:211,1
DA:213,14
DA:214,1
DA:215,1
DA:217,14
DA:218,1
DA:219,1
DA:223,14
DA:224,1
DA:225,1
DA:226,1
DA:233,2
DA:234,2
DA:238,4
DA:241,4
DA:242,4
DA:243,4
DA:247,4
DA:248,3
DA:249,3
DA:250,3
DA:251,3
DA:252,1
DA:253,1
DA:255,2
DA:260,3
DA:261,3
DA:262,1
DA:265,3
DA:270,3
DA:271,3
DA:281,1
DA:282,1
DA:284,3
DA:285,5
DA:288,3
DA:289,4
DA:290,1
DA:294,3
DA:295,3
DA:296,0
DA:297,0
DA:298,0
DA:300,0
DA:301,0
DA:302,0
DA:304,0
DA:305,0
DA:306,0
DA:308,0
DA:309,0
DA:310,0
DA:316,3
DA:317,3
DA:329,0
DA:330,1
DA:332,3
DA:336,1
DA:340,8
DA:341,8
DA:344,8
DA:345,8
DA:346,8
DA:347,8
DA:350,8
DA:351,6
DA:352,6
LF:156
LH:143
BRDA:46,0,0,2
BRDA:46,0,1,3
BRDA:73,1,0,5
BRDA:73,1,1,1
BRDA:74,2,0,1
BRDA:81,3,0,2
BRDA:81,4,0,4
BRDA:81,4,1,3
BRDA:89,5,0,2
BRDA:89,5,1,2
BRDA:91,6,0,1
BRDA:103,7,0,1
BRDA:103,7,1,1
BRDA:103,8,0,2
BRDA:103,8,1,1
BRDA:122,9,0,1
BRDA:122,10,0,9
BRDA:122,10,1,2
BRDA:127,11,0,1
BRDA:136,12,0,0
BRDA:140,13,0,1
BRDA:140,13,1,13
BRDA:140,14,0,0
BRDA:140,14,1,14
BRDA:140,15,0,14
BRDA:140,15,1,14
BRDA:141,16,0,1
BRDA:141,16,1,13
BRDA:144,17,0,14
BRDA:144,17,1,13
BRDA:181,18,0,1
BRDA:194,19,0,0
BRDA:198,20,0,1
BRDA:202,21,0,1
BRDA:206,22,0,0
BRDA:210,23,0,0
BRDA:214,24,0,0
BRDA:218,25,0,0
BRDA:233,26,0,1
BRDA:241,27,0,0
BRDA:241,27,1,4
BRDA:241,28,0,4
BRDA:241,28,1,4
BRDA:242,29,0,4
BRDA:242,30,0,4
BRDA:242,30,1,4
BRDA:247,31,0,3
BRDA:249,32,0,0
BRDA:249,32,1,3
BRDA:249,33,0,3
BRDA:249,33,1,3
BRDA:250,34,0,3
BRDA:250,35,0,3
BRDA:250,35,1,3
BRDA:251,36,0,1
BRDA:261,37,0,1
BRDA:289,38,0,1
BRDA:289,39,0,4
BRDA:289,39,1,1
BRDA:295,40,0,0
BRDA:295,41,0,3
BRDA:295,41,1,0
BRDA:297,42,0,0
BRDA:301,43,0,0
BRDA:304,44,0,0
BRDA:308,45,0,0
BRDA:341,46,0,1
BRDA:344,47,0,1
BRDA:344,47,1,7
BRDA:344,48,0,8
BRDA:344,48,1,8
BRDA:345,49,0,1
BRDA:345,49,1,7
BRDA:345,50,0,8
BRDA:345,50,1,8
BRDA:346,51,0,1
BRDA:346,51,1,7
BRDA:346,52,0,8
BRDA:346,52,1,8
BRDA:347,53,0,1
BRDA:347,53,1,7
BRDA:347,54,0,8
BRDA:347,54,1,8
BRDA:350,55,0,6
BRF:84
BRH:69
end_of_record
TN:
SF:src\rooms\close-codes.ts
FNF:0
FNH:0
DA:5,7
DA:6,7
DA:8,7
LF:3
LH:3
BRF:0
BRH:0
end_of_record
TN:
SF:src\rooms\game\GameEngine.ts
FN:29,(anonymous_1)
FN:39,(anonymous_2)
FN:46,(anonymous_3)
FN:61,(anonymous_4)
FN:62,(anonymous_5)
FN:94,(anonymous_6)
FN:98,(anonymous_7)
FN:109,(anonymous_8)
FN:167,(anonymous_9)
FN:179,(anonymous_10)
FN:187,(anonymous_11)
FN:212,(anonymous_12)
FN:213,(anonymous_13)
FN:216,(anonymous_14)
FN:226,(anonymous_15)
FN:230,(anonymous_16)
FN:231,(anonymous_17)
FN:240,(anonymous_18)
FN:241,(anonymous_19)
FN:252,(anonymous_20)
FN:254,(anonymous_21)
FN:273,(anonymous_22)
FN:289,(anonymous_23)
FN:302,(anonymous_24)
FN:309,(anonymous_25)
FN:319,(anonymous_26)
FN:348,(anonymous_27)
FN:355,(anonymous_28)
FN:364,(anonymous_29)
FN:378,(anonymous_30)
FN:394,(anonymous_31)
FN:406,(anonymous_32)
FN:407,(anonymous_33)
FN:439,(anonymous_34)
FN:445,(anonymous_35)
FN:467,(anonymous_36)
FN:473,(anonymous_37)
FN:474,(anonymous_38)
FN:475,(anonymous_39)
FN:478,(anonymous_40)
FN:499,(anonymous_41)
FN:519,(anonymous_42)
FN:534,(anonymous_43)
FN:538,(anonymous_44)
FNF:44
FNH:43
FNDA:96,(anonymous_1)
FNDA:14,(anonymous_2)
FNDA:22,(anonymous_3)
FNDA:16,(anonymous_4)
FNDA:32,(anonymous_5)
FNDA:15,(anonymous_6)
FNDA:11,(anonymous_7)
FNDA:22,(anonymous_8)
FNDA:15,(anonymous_9)
FNDA:2,(anonymous_10)
FNDA:1,(anonymous_11)
FNDA:1,(anonymous_12)
FNDA:1,(anonymous_13)
FNDA:3,(anonymous_14)
FNDA:1,(anonymous_15)
FNDA:2,(anonymous_16)
FNDA:2,(anonymous_17)
FNDA:1,(anonymous_18)
FNDA:1,(anonymous_19)
FNDA:17,(anonymous_20)
FNDA:30,(anonymous_21)
FNDA:1,(anonymous_22)
FNDA:28,(anonymous_23)
FNDA:1,(anonymous_24)
FNDA:13,(anonymous_25)
FNDA:3,(anonymous_26)
FNDA:27,(anonymous_27)
FNDA:6,(anonymous_28)
FNDA:7,(anonymous_29)
FNDA:23,(anonymous_30)
FNDA:6,(anonymous_31)
FNDA:17,(anonymous_32)
FNDA:35,(anonymous_33)
FNDA:2,(anonymous_34)
FNDA:21,(anonymous_35)
FNDA:16,(anonymous_36)
FNDA:32,(anonymous_37)
FNDA:16,(anonymous_38)
FNDA:16,(anonymous_39)
FNDA:16,(anonymous_40)
FNDA:17,(anonymous_41)
FNDA:14,(anonymous_42)
FNDA:1,(anonymous_43)
FNDA:0,(anonymous_44)
DA:9,8
DA:10,8
DA:11,8
DA:12,8
DA:20,8
DA:21,96
DA:22,96
DA:29,96
DA:30,96
DA:31,96
DA:32,96
DA:33,96
DA:34,96
DA:41,14
DA:42,3
DA:43,3
DA:46,22
DA:48,11
DA:49,3
DA:52,3
DA:53,3
DA:57,8
DA:58,8
DA:62,32
DA:63,16
DA:64,3
DA:65,3
DA:69,3
DA:74,13
DA:76,13
DA:78,13
DA:79,13
DA:80,13
DA:82,13
DA:84,13
DA:85,1
DA:86,1
DA:89,12
DA:90,12
DA:91,12
DA:95,15
DA:99,11
DA:104,11
DA:108,11
DA:109,11
DA:110,22
DA:111,22
DA:114,11
DA:116,11
DA:117,6
DA:120,6
DA:121,6
DA:125,5
DA:126,1
DA:130,1
DA:131,1
DA:135,4
DA:136,1
DA:137,1
DA:141,3
DA:142,3
DA:146,3
DA:147,3
DA:148,2
DA:149,2
DA:150,2
DA:151,2
DA:155,3
DA:156,0
DA:157,0
DA:160,3
DA:161,3
DA:162,3
DA:168,15
DA:169,15
DA:171,11
DA:172,11
DA:174,11
DA:175,11
DA:176,11
DA:180,2
DA:182,2
DA:183,2
DA:185,2
DA:186,2
DA:187,1
DA:188,1
DA:191,1
DA:192,1
DA:193,1
DA:194,1
DA:196,1
DA:198,1
DA:205,1
DA:206,1
DA:209,1
DA:213,1
DA:217,3
DA:219,2
DA:220,2
DA:222,2
DA:223,2
DA:227,1
DA:231,2
DA:232,2
DA:233,1
DA:235,1
DA:241,1
DA:242,1
DA:243,1
DA:245,0
DA:253,17
DA:254,17
DA:255,30
DA:258,17
DA:264,17
DA:265,1
DA:266,1
DA:270,16
DA:272,16
DA:273,1
DA:274,1
DA:275,1
DA:276,1
DA:280,16
DA:281,0
DA:282,0
DA:285,16
DA:286,16
DA:290,28
DA:292,28
DA:293,28
DA:295,28
DA:302,28
DA:303,1
DA:310,13
DA:312,13
DA:314,13
DA:319,13
DA:320,3
DA:321,3
DA:324,13
DA:325,13
DA:326,27
DA:329,13
DA:337,13
DA:340,13
DA:341,27
DA:345,13
DA:348,27
DA:349,13
DA:350,5
DA:351,5
DA:356,6
DA:357,6
DA:366,7
DA:367,0
DA:368,0
DA:371,7
DA:373,7
DA:374,1
DA:375,1
DA:378,6
DA:379,23
DA:380,0
DA:381,0
DA:383,23
DA:384,23
DA:385,23
DA:386,23
DA:387,23
DA:393,23
DA:394,6
DA:396,17
DA:400,6
DA:407,35
DA:408,17
DA:410,10
DA:412,9
DA:413,9
DA:420,9
DA:427,9
DA:429,9
DA:440,2
DA:446,21
DA:448,17
DA:449,17
DA:451,15
DA:457,15
DA:458,2
DA:461,2
DA:464,13
DA:472,16
DA:473,32
DA:474,16
DA:475,16
DA:477,16
DA:478,16
DA:481,16
DA:482,16
DA:483,16
DA:484,16
DA:486,16
DA:487,16
DA:489,16
DA:500,17
DA:502,17
DA:503,17
DA:504,17
DA:506,17
DA:507,5
DA:510,17
DA:511,16
DA:512,16
DA:513,16
DA:516,17
DA:520,14
DA:522,14
DA:529,14
DA:535,1
DA:539,0
LF:221
LH:211
BRDA:41,0,0,3
BRDA:48,1,0,3
BRDA:49,2,0,2
BRDA:49,2,1,1
BRDA:63,3,0,3
BRDA:84,4,0,1
BRDA:111,5,0,22
BRDA:111,5,1,22
BRDA:114,6,0,11
BRDA:114,6,1,10
BRDA:116,7,0,6
BRDA:125,8,0,1
BRDA:135,9,0,1
BRDA:135,10,0,4
BRDA:135,10,1,1
BRDA:147,11,0,2
BRDA:147,12,0,3
BRDA:147,12,1,2
BRDA:150,13,0,2
BRDA:155,14,0,0
BRDA:169,15,0,4
BRDA:180,16,0,0
BRDA:183,17,0,0
BRDA:183,18,0,2
BRDA:183,18,1,2
BRDA:186,19,0,1
BRDA:200,20,0,1
BRDA:200,20,1,0
BRDA:205,21,0,1
BRDA:205,22,0,1
BRDA:205,22,1,0
BRDA:217,23,0,1
BRDA:220,24,0,0
BRDA:220,25,0,2
BRDA:220,25,1,2
BRDA:232,26,0,1
BRDA:232,26,1,1
BRDA:242,27,0,1
BRDA:242,27,1,0
BRDA:264,28,0,1
BRDA:264,29,0,17
BRDA:264,29,1,17
BRDA:272,30,0,1
BRDA:272,31,0,16
BRDA:272,31,1,1
BRDA:274,32,0,1
BRDA:276,33,0,1
BRDA:280,34,0,0
BRDA:290,35,0,2
BRDA:309,36,0,0
BRDA:310,37,0,3
BRDA:321,38,0,3
BRDA:349,39,0,5
BRDA:355,40,0,0
BRDA:366,41,0,0
BRDA:373,42,0,1
BRDA:379,43,0,0
BRDA:386,44,0,23
BRDA:393,45,0,6
BRDA:393,45,1,17
BRDA:408,46,0,7
BRDA:410,47,0,1
BRDA:429,48,0,0
BRDA:429,48,1,9
BRDA:429,49,0,9
BRDA:429,49,1,9
BRDA:446,50,0,4
BRDA:449,51,0,2
BRDA:449,52,0,17
BRDA:449,52,1,17
BRDA:457,53,0,2
BRDA:475,54,0,16
BRDA:475,54,1,16
BRDA:477,55,0,16
BRDA:477,55,1,0
BRDA:486,56,0,16
BRDA:486,56,1,5
BRDA:506,57,0,5
BRDA:510,58,0,16
BRDA:524,59,0,5
BRDA:524,59,1,9
BRDA:524,60,0,8
BRDA:524,60,1,1
BRF:83
BRH:69
end_of_record
TN:
SF:src\rooms\game\constants.ts
FNF:0
FNH:0
DA:6,9
DA:14,9
DA:15,9
DA:16,9
DA:17,9
DA:20,9
LF:6
LH:6
BRF:0
BRH:0
end_of_record
TN:
SF:src\rooms\game\utils\CardEvaluator.ts
FN:24,(anonymous_0)
FN:30,(anonymous_1)
FN:39,(anonymous_2)
FN:40,(anonymous_3)
FN:41,(anonymous_4)
FN:42,(anonymous_5)
FN:45,(anonymous_6)
FN:49,(anonymous_7)
FN:57,(anonymous_8)
FN:58,(anonymous_9)
FN:64,(anonymous_10)
FN:73,(anonymous_11)
FN:74,(anonymous_12)
FN:91,(anonymous_13)
FN:92,(anonymous_14)
FN:93,(anonymous_15)
FN:102,(anonymous_16)
FN:103,(anonymous_17)
FN:104,(anonymous_18)
FN:105,(anonymous_19)
FN:114,(anonymous_20)
FN:115,(anonymous_21)
FN:116,(anonymous_22)
FN:124,(anonymous_23)
FN:125,(anonymous_24)
FN:129,(anonymous_25)
FN:130,(anonymous_26)
FN:131,(anonymous_27)
FN:137,(anonymous_28)
FN:148,(anonymous_29)
FN:164,(anonymous_30)
FN:189,(anonymous_31)
FNF:32
FNH:32
FNDA:559,(anonymous_0)
FNDA:18,(anonymous_1)
FNDA:144,(anonymous_2)
FNDA:540,(anonymous_3)
FNDA:540,(anonymous_4)
FNDA:540,(anonymous_5)
FNDA:540,(anonymous_6)
FNDA:307,(anonymous_7)
FNDA:446,(anonymous_8)
FNDA:436,(anonymous_9)
FNDA:2,(anonymous_10)
FNDA:14,(anonymous_11)
FNDA:17,(anonymous_12)
FNDA:41,(anonymous_13)
FNDA:26,(anonymous_14)
FNDA:13,(anonymous_15)
FNDA:6,(anonymous_16)
FNDA:4,(anonymous_17)
FNDA:2,(anonymous_18)
FNDA:6,(anonymous_19)
FNDA:168,(anonymous_20)
FNDA:114,(anonymous_21)
FNDA:60,(anonymous_22)
FNDA:203,(anonymous_23)
FNDA:201,(anonymous_24)
FNDA:149,(anonymous_25)
FNDA:565,(anonymous_26)
FNDA:420,(anonymous_27)
FNDA:37,(anonymous_28)
FNDA:139,(anonymous_29)
FNDA:57,(anonymous_30)
FNDA:10,(anonymous_31)
DA:23,10
DA:25,559
DA:26,559
DA:27,559
DA:31,18
DA:32,8
DA:33,8
DA:34,8
DA:35,8
DA:36,8
DA:40,540
DA:41,540
DA:42,540
DA:43,144
DA:45,144
DA:46,540
DA:49,307
DA:50,144
DA:52,144
DA:53,0
DA:56,144
DA:57,446
DA:59,436
DA:60,326
DA:63,144
DA:64,2
DA:65,1
DA:71,143
DA:72,4
DA:73,14
DA:74,17
DA:75,4
DA:78,139
DA:79,1
DA:85,138
DA:86,2
DA:89,136
DA:90,15
DA:91,41
DA:92,26
DA:93,13
DA:94,15
DA:100,121
DA:101,2
DA:102,6
DA:103,4
DA:104,2
DA:105,6
DA:106,2
DA:112,119
DA:113,54
DA:114,168
DA:115,114
DA:116,60
DA:117,54
DA:123,65
DA:124,203
DA:125,201
DA:126,65
DA:130,565
DA:131,420
DA:133,149
DA:134,138
DA:137,11
DA:138,37
DA:141,11
DA:142,7
DA:145,4
DA:149,139
DA:150,67
DA:153,72
DA:154,72
DA:155,156
DA:156,156
DA:157,156
DA:158,55
DA:161,17
DA:165,57
DA:167,1
DA:169,0
DA:171,1
DA:173,4
DA:175,1
DA:177,1
DA:179,11
DA:181,1
DA:183,19
DA:185,18
DA:190,10
DA:191,10
DA:192,28
DA:193,56
DA:194,95
DA:198,10
LF:94
LH:92
BRDA:31,0,0,10
BRDA:36,1,0,8
BRDA:36,1,1,2
BRDA:36,1,2,2
BRDA:46,2,0,94
BRDA:46,2,1,446
BRDA:46,3,0,540
BRDA:46,3,1,540
BRDA:52,4,0,0
BRDA:52,5,0,144
BRDA:52,5,1,4
BRDA:57,6,0,426
BRDA:57,6,1,20
BRDA:57,7,0,446
BRDA:57,7,1,446
BRDA:59,8,0,110
BRDA:63,9,0,1
BRDA:67,10,0,1
BRDA:67,10,1,0
BRDA:71,11,0,4
BRDA:73,12,0,14
BRDA:73,12,1,0
BRDA:73,13,0,14
BRDA:73,13,1,14
BRDA:78,14,0,1
BRDA:78,15,0,139
BRDA:78,15,1,16
BRDA:78,16,0,2
BRDA:78,16,1,14
BRDA:78,17,0,16
BRDA:78,17,1,16
BRDA:85,18,0,2
BRDA:89,19,0,15
BRDA:100,20,0,2
BRDA:100,21,0,121
BRDA:100,21,1,56
BRDA:100,22,0,0
BRDA:100,22,1,56
BRDA:100,23,0,56
BRDA:100,23,1,56
BRDA:108,24,0,2
BRDA:108,24,1,0
BRDA:112,25,0,54
BRDA:124,26,0,203
BRDA:124,26,1,0
BRDA:124,27,0,203
BRDA:124,27,1,203
BRDA:130,28,0,525
BRDA:130,28,1,40
BRDA:130,29,0,565
BRDA:130,29,1,565
BRDA:133,30,0,138
BRDA:138,31,0,37
BRDA:138,31,1,26
BRDA:141,32,0,7
BRDA:149,33,0,67
BRDA:150,34,0,14
BRDA:150,34,1,53
BRDA:155,35,0,156
BRDA:155,35,1,0
BRDA:155,36,0,156
BRDA:155,36,1,156
BRDA:156,37,0,156
BRDA:156,37,1,0
BRDA:156,38,0,156
BRDA:156,38,1,156
BRDA:157,39,0,55
BRDA:158,40,0,28
BRDA:158,40,1,27
BRDA:165,41,0,1
BRDA:165,41,1,0
BRDA:165,41,2,1
BRDA:165,41,3,4
BRDA:165,41,4,1
BRDA:165,41,5,1
BRDA:165,41,6,11
BRDA:165,41,7,1
BRDA:165,41,8,19
BRDA:165,41,9,18
BRF:79
BRH:70
end_of_record
TN:
SF:src\rooms\game\utils\GameBroadcaster.ts
FN:9,(anonymous_0)
FN:11,(anonymous_1)
FN:15,(anonymous_2)
FN:24,(anonymous_3)
FN:33,(anonymous_4)
FN:43,(anonymous_5)
FN:52,(anonymous_6)
FNF:7
FNH:7
FNDA:273,(anonymous_0)
FNDA:22,(anonymous_1)
FNDA:21,(anonymous_2)
FNDA:18,(anonymous_3)
FNDA:11,(anonymous_4)
FNDA:25,(anonymous_5)
FNDA:8,(anonymous_6)
DA:8,9
DA:9,273
DA:12,22
DA:21,21
DA:30,18
DA:40,11
DA:49,25
DA:59,8
LF:8
LH:8
BRF:0
BRH:0
end_of_record
TN:
SF:src\rooms\game\utils\GameUtils.ts
FN:10,(anonymous_0)
FN:12,(anonymous_1)
FN:16,(anonymous_2)
FN:17,(anonymous_3)
FN:20,(anonymous_4)
FN:21,(anonymous_5)
FN:27,(anonymous_6)
FN:29,(anonymous_7)
FN:30,(anonymous_8)
FN:33,(anonymous_9)
FN:39,(anonymous_10)
FN:44,(anonymous_11)
FN:49,(anonymous_12)
FN:53,(anonymous_13)
FN:54,(anonymous_14)
FN:57,(anonymous_15)
FN:64,(anonymous_16)
FNF:17
FNH:17
FNDA:353,(anonymous_0)
FNDA:36,(anonymous_1)
FNDA:39,(anonymous_2)
FNDA:77,(anonymous_3)
FNDA:13,(anonymous_4)
FNDA:29,(anonymous_5)
FNDA:16,(anonymous_6)
FNDA:33,(anonymous_7)
FNDA:32,(anonymous_8)
FNDA:29,(anonymous_9)
FNDA:58,(anonymous_10)
FNDA:58,(anonymous_11)
FNDA:50,(anonymous_12)
FNDA:5,(anonymous_13)
FNDA:12,(anonymous_14)
FNDA:19,(anonymous_15)
FNDA:5,(anonymous_16)
DA:9,12
DA:10,353
DA:13,36
DA:17,77
DA:21,13
DA:22,29
DA:23,29
DA:28,16
DA:29,33
DA:30,32
DA:34,29
DA:35,29
DA:38,28
DA:40,58
DA:41,58
DA:42,58
DA:44,58
DA:46,28
DA:49,50
DA:50,27
DA:54,12
DA:58,19
DA:59,19
DA:60,18
DA:65,5
DA:66,5
DA:68,4
DA:69,4
DA:70,4
DA:73,4
DA:74,4
DA:75,4
DA:76,4
DA:77,4
DA:78,4
DA:79,4
DA:81,0
DA:82,0
DA:83,0
DA:85,0
DA:88,0
LF:41
LH:36
BRDA:13,0,0,35
BRDA:13,0,1,1
BRDA:13,1,0,36
BRDA:13,1,1,36
BRDA:13,2,0,1
BRDA:13,2,1,35
BRDA:13,3,0,36
BRDA:13,3,1,36
BRDA:23,4,0,29
BRDA:23,4,1,29
BRDA:35,5,0,1
BRDA:41,6,0,58
BRDA:41,6,1,58
BRDA:41,6,2,55
BRDA:42,7,0,51
BRDA:42,7,1,7
BRDA:46,8,0,1
BRDA:50,9,0,16
BRDA:50,9,1,11
BRDA:59,10,0,18
BRDA:59,11,0,19
BRDA:59,11,1,18
BRDA:60,12,0,1
BRDA:60,12,1,17
BRDA:60,13,0,18
BRDA:60,13,1,18
BRDA:66,14,0,1
BRDA:69,15,0,4
BRDA:77,16,0,4
BRDA:77,17,0,4
BRDA:77,17,1,4
BRDA:77,17,2,4
BRDA:82,18,0,0
BRF:33
BRH:32
end_of_record
TN:
SF:src\rooms\game\utils\PlayerActions.ts
FN:17,(anonymous_1)
FN:22,(anonymous_2)
FN:47,(anonymous_3)
FN:74,(anonymous_4)
FNF:4
FNH:4
FNDA:76,(anonymous_1)
FNDA:5,(anonymous_2)
FNDA:6,(anonymous_3)
FNDA:2,(anonymous_4)
DA:7,8
DA:10,8
DA:11,8
DA:13,8
DA:17,76
DA:18,76
DA:19,76
DA:23,5
DA:25,3
DA:26,3
DA:27,2
DA:32,2
DA:33,1
DA:34,1
DA:37,1
DA:43,1
DA:44,1
DA:48,6
DA:50,4
DA:51,4
DA:52,3
DA:57,3
DA:58,3
DA:59,3
DA:61,3
DA:62,3
DA:65,3
DA:71,3
DA:75,2
DA:76,2
DA:77,1
LF:31
LH:31
BRDA:23,0,0,2
BRDA:26,1,0,1
BRDA:26,2,0,3
BRDA:26,2,1,3
BRDA:32,3,0,1
BRDA:48,4,0,2
BRDA:51,5,0,1
BRDA:51,6,0,4
BRDA:51,6,1,4
BRDA:61,7,0,3
BRDA:61,8,0,3
BRDA:61,8,1,3
BRDA:76,9,0,1
BRDA:76,10,0,2
BRDA:76,10,1,1
BRF:15
BRH:15
end_of_record
TN:
SF:src\rooms\game\utils\RoundManager.ts
FN:16,(anonymous_1)
FN:21,(anonymous_2)
FN:33,(anonymous_3)
FN:34,(anonymous_4)
FN:40,(anonymous_5)
FN:48,(anonymous_6)
FN:64,(anonymous_7)
FN:66,(anonymous_8)
FN:76,(anonymous_9)
FNF:9
FNH:9
FNDA:106,(anonymous_1)
FNDA:22,(anonymous_2)
FNDA:12,(anonymous_3)
FNDA:18,(anonymous_4)
FNDA:36,(anonymous_5)
FNDA:21,(anonymous_6)
FNDA:18,(anonymous_7)
FNDA:32,(anonymous_8)
FNDA:20,(anonymous_9)
DA:6,8
DA:8,8
DA:9,8
DA:10,8
DA:12,8
DA:16,106
DA:17,106
DA:18,106
DA:22,22
DA:23,22
DA:24,22
DA:25,22
DA:26,22
DA:27,22
DA:28,22
DA:29,22
DA:30,22
DA:34,12
DA:35,18
DA:37,12
DA:41,36
DA:42,36
DA:43,34
DA:44,34
DA:45,34
DA:49,21
DA:50,21
DA:56,21
DA:65,18
DA:66,18
DA:67,32
DA:68,32
DA:69,32
DA:70,32
DA:71,32
DA:72,32
DA:77,20
DA:78,20
DA:79,20
DA:80,20
LF:40
LH:40
BRDA:42,0,0,2
BRF:1
BRH:1
end_of_record
TN:
SF:src\rooms\game\utils\WinnerDeterminator.ts
FN:24,(anonymous_1)
FN:28,(anonymous_2)
FN:32,(anonymous_3)
FN:81,(anonymous_4)
FN:90,(anonymous_5)
FN:91,(anonymous_6)
FN:94,(anonymous_7)
FN:95,(anonymous_8)
FN:102,(anonymous_9)
FN:104,(anonymous_10)
FN:114,(anonymous_11)
FN:140,(anonymous_12)
FN:146,(anonymous_13)
FNF:13
FNH:13
FNDA:92,(anonymous_1)
FNDA:6,(anonymous_2)
FNDA:6,(anonymous_3)
FNDA:39,(anonymous_4)
FNDA:77,(anonymous_5)
FNDA:61,(anonymous_6)
FNDA:77,(anonymous_7)
FNDA:31,(anonymous_8)
FNDA:171,(anonymous_9)
FNDA:125,(anonymous_10)
FNDA:63,(anonymous_11)
FNDA:45,(anonymous_12)
FNDA:23,(anonymous_13)
DA:6,9
DA:8,9
DA:9,9
DA:11,9
DA:12,92
DA:24,92
DA:25,92
DA:29,6
DA:33,6
DA:34,6
DA:36,6
DA:37,6
DA:38,6
DA:40,6
DA:41,13
DA:42,13
DA:44,13
DA:47,13
DA:48,0
DA:49,0
DA:50,0
DA:51,0
DA:54,13
DA:55,13
DA:57,13
DA:58,130
DA:59,130
DA:61,130
DA:62,48
DA:63,48
DA:67,13
DA:68,13
DA:69,6
DA:70,6
DA:71,6
DA:72,7
DA:73,5
DA:78,6
DA:85,39
DA:87,39
DA:89,38
DA:90,77
DA:91,61
DA:94,77
DA:95,31
DA:97,38
DA:99,38
DA:101,55
DA:102,171
DA:104,125
DA:106,55
DA:108,55
DA:109,0
DA:110,0
DA:114,63
DA:116,55
DA:120,13
DA:121,13
DA:122,17
DA:126,42
DA:127,42
DA:129,42
DA:130,48
DA:131,48
DA:132,48
DA:136,55
DA:140,45
DA:152,23
LF:68
LH:62
BRDA:42,0,0,0
BRDA:47,1,0,0
BRDA:61,2,0,48
BRDA:61,3,0,130
BRDA:61,3,1,117
BRDA:67,4,0,13
BRDA:68,5,0,6
BRDA:68,5,1,7
BRDA:68,6,0,13
BRDA:68,6,1,7
BRDA:72,7,0,5
BRDA:72,8,0,7
BRDA:72,8,1,7
BRDA:78,9,0,6
BRDA:78,9,1,0
BRDA:87,10,0,1
BRDA:108,11,0,0
BRDA:108,12,0,55
BRDA:108,12,1,55
BRDA:116,13,0,13
BRDA:116,13,1,42
BRDA:122,14,0,4
BRDA:122,14,1,13
BRDA:122,15,0,17
BRDA:122,15,1,17
BRDA:130,16,0,1
BRDA:130,16,1,47
BRDA:131,17,0,16
BRDA:131,17,1,32
BRDA:131,18,0,48
BRDA:131,18,1,48
BRDA:132,19,0,1
BRF:32
BRH:28
end_of_record
TN:
SF:src\rooms\game\utils\index.ts
FN:6,(anonymous_0)
FN:9,(anonymous_1)
FN:10,(anonymous_2)
FN:11,(anonymous_3)
FN:12,(anonymous_4)
FN:13,(anonymous_5)
FNF:6
FNH:5
FNDA:0,(anonymous_0)
FNDA:64,(anonymous_1)
FNDA:64,(anonymous_2)
FNDA:64,(anonymous_3)
FNDA:64,(anonymous_4)
FNDA:64,(anonymous_5)
DA:6,7
DA:9,71
DA:10,71
DA:11,71
DA:12,71
DA:13,71
LF:6
LH:6
BRF:0
BRH:0
end_of_record
TN:
SF:src\rooms\managers\AnalyticsService.ts
FN:43,(anonymous_2)
FN:50,(anonymous_3)
FN:63,(anonymous_4)
FN:76,(anonymous_5)
FN:96,(anonymous_6)
FN:112,(anonymous_7)
FN:128,(anonymous_8)
FN:138,(anonymous_9)
FN:148,(anonymous_10)
FN:158,(anonymous_11)
FN:168,(anonymous_12)
FN:175,(anonymous_13)
FN:186,(anonymous_14)
FN:229,(anonymous_15)
FN:242,(anonymous_16)
FN:249,(anonymous_17)
FN:259,(anonymous_18)
FN:266,(anonymous_19)
FNF:18
FNH:17
FNDA:8,(anonymous_2)
FNDA:0,(anonymous_3)
FNDA:69,(anonymous_4)
FNDA:151,(anonymous_5)
FNDA:14,(anonymous_6)
FNDA:8,(anonymous_7)
FNDA:108,(anonymous_8)
FNDA:6,(anonymous_9)
FNDA:108,(anonymous_10)
FNDA:4,(anonymous_11)
FNDA:12,(anonymous_12)
FNDA:113,(anonymous_13)
FNDA:9,(anonymous_14)
FNDA:3,(anonymous_15)
FNDA:16,(anonymous_16)
FNDA:66,(anonymous_17)
FNDA:7,(anonymous_18)
FNDA:6,(anonymous_19)
DA:6,7
DA:30,7
DA:31,65
DA:32,65
DA:33,65
DA:36,65
DA:37,65
DA:44,8
DA:45,1
DA:46,1
DA:49,7
DA:50,7
DA:51,0
DA:54,7
DA:64,69
DA:65,7
DA:66,7
DA:68,69
DA:70,69
DA:77,151
DA:87,151
DA:97,14
DA:98,14
DA:99,12
DA:100,12
DA:103,14
DA:113,8
DA:114,8
DA:115,6
DA:116,6
DA:119,8
DA:129,108
DA:130,108
DA:131,107
DA:139,6
DA:140,6
DA:141,5
DA:149,108
DA:150,108
DA:151,107
DA:159,4
DA:160,4
DA:161,3
DA:169,12
DA:176,113
DA:177,113
DA:179,112
DA:180,112
DA:187,9
DA:188,9
DA:189,9
DA:190,9
DA:191,9
DA:192,9
DA:193,9
DA:194,9
DA:196,9
DA:197,110
DA:198,110
DA:199,110
DA:200,110
DA:201,110
DA:203,110
DA:204,110
DA:205,110
DA:206,110
DA:209,110
DA:210,108
DA:214,9
DA:230,3
DA:232,3
DA:243,16
DA:250,66
DA:251,66
DA:253,66
DA:260,7
DA:267,6
DA:268,6
DA:269,108
DA:270,106
DA:273,6
LF:81
LH:80
BRDA:37,0,0,31
BRDA:44,1,0,1
BRDA:64,2,0,7
BRDA:98,3,0,12
BRDA:114,4,0,6
BRDA:130,5,0,107
BRDA:140,6,0,5
BRDA:150,7,0,107
BRDA:160,8,0,3
BRDA:177,9,0,1
BRDA:179,10,0,3
BRDA:179,10,1,109
BRDA:179,11,0,112
BRDA:179,11,1,112
BRDA:204,12,0,110
BRDA:209,13,0,108
BRDA:217,14,0,5
BRDA:217,14,1,4
BRDA:269,15,0,106
BRF:19
BRH:19
end_of_record
TN:
SF:src\rooms\managers\AuthenticationService.ts
FN:28,(anonymous_17)
FN:44,(anonymous_18)
FN:56,(anonymous_19)
FN:68,(anonymous_21)
FN:124,(anonymous_23)
FN:129,(anonymous_25)
FN:181,(anonymous_26)
FN:189,(anonymous_27)
FNF:8
FNH:7
FNDA:29,(anonymous_17)
FNDA:21,(anonymous_18)
FNDA:3,(anonymous_19)
FNDA:21,(anonymous_21)
FNDA:19,(anonymous_23)
FNDA:0,(anonymous_25)
FNDA:8,(anonymous_26)
FNDA:3,(anonymous_27)
DA:6,6
DA:8,6
DA:25,6
DA:29,29
DA:32,29
DA:45,21
DA:57,3
DA:58,2
DA:59,2
DA:61,1
DA:73,21
DA:75,21
DA:76,1
DA:79,20
DA:80,0
DA:81,0
DA:85,20
DA:88,19
DA:90,14
DA:92,14
DA:93,14
DA:94,1
DA:98,13
DA:99,13
DA:101,13
DA:102,2
DA:105,11
DA:110,11
DA:111,2
DA:115,11
DA:117,11
DA:125,19
DA:127,19
DA:128,27
DA:129,27
DA:131,27
DA:132,27
DA:141,17
DA:143,17
DA:144,3
DA:145,2
DA:147,1
DA:151,14
DA:153,13
DA:155,13
DA:156,13
DA:158,13
DA:162,13
DA:163,2
DA:167,11
DA:168,3
DA:172,3
DA:173,3
DA:177,8
DA:178,8
DA:181,8
DA:190,3
LF:57
LH:55
BRDA:35,0,0,29
BRDA:35,0,1,0
BRDA:35,1,0,29
BRDA:35,1,1,29
BRDA:36,2,0,29
BRDA:36,2,1,0
BRDA:36,3,0,29
BRDA:36,3,1,29
BRDA:37,4,0,29
BRDA:37,4,1,0
BRDA:37,5,0,29
BRDA:37,5,1,29
BRDA:45,6,0,19
BRDA:45,6,1,2
BRDA:45,7,0,21
BRDA:45,7,1,21
BRDA:45,8,0,18
BRDA:45,8,1,3
BRDA:45,9,0,21
BRDA:45,9,1,21
BRDA:45,10,0,0
BRDA:45,10,1,21
BRDA:45,11,0,21
BRDA:45,11,1,21
BRDA:46,12,0,2
BRDA:46,12,1,1
BRDA:46,13,0,3
BRDA:46,13,1,3
BRDA:46,14,0,0
BRDA:46,14,1,3
BRDA:46,15,0,3
BRDA:46,15,1,3
BRDA:47,16,0,1
BRDA:47,16,1,1
BRDA:47,17,0,2
BRDA:47,17,1,1
BRDA:47,18,0,0
BRDA:47,18,1,2
BRDA:47,19,0,2
BRDA:47,19,1,2
BRDA:57,20,0,2
BRDA:57,21,0,0
BRDA:57,21,1,3
BRDA:57,22,0,3
BRDA:57,22,1,3
BRDA:75,23,0,1
BRDA:79,24,0,0
BRDA:92,25,0,0
BRDA:92,25,1,14
BRDA:92,26,0,14
BRDA:92,26,1,14
BRDA:93,27,0,1
BRDA:101,28,0,2
BRDA:101,29,0,13
BRDA:101,29,1,10
BRDA:101,29,2,4
BRDA:101,30,0,0
BRDA:101,30,1,4
BRDA:101,31,0,4
BRDA:101,31,1,4
BRDA:110,32,0,2
BRDA:110,33,0,11
BRDA:110,33,1,2
BRDA:110,34,0,0
BRDA:110,34,1,2
BRDA:110,35,0,2
BRDA:110,35,1,2
BRDA:111,36,0,2
BRDA:111,36,1,0
BRDA:111,37,0,2
BRDA:111,37,1,2
BRDA:143,38,0,3
BRDA:144,39,0,2
BRDA:144,40,0,3
BRDA:144,40,1,2
BRDA:156,41,0,13
BRDA:156,41,1,13
BRDA:158,42,0,13
BRDA:158,42,1,13
BRDA:158,42,2,8
BRDA:159,43,0,0
BRDA:159,43,1,8
BRDA:159,44,0,8
BRDA:159,44,1,8
BRDA:162,45,0,2
BRDA:167,46,0,3
BRDA:169,47,0,3
BRDA:169,47,1,0
BRDA:172,48,0,2
BRDA:172,48,1,1
BRF:90
BRH:76
end_of_record
TN:
SF:src\rooms\managers\ConnectionMonitor.ts
FN:18,(anonymous_1)
FN:27,(anonymous_2)
FN:34,(anonymous_3)
FN:47,(anonymous_4)
FN:60,(anonymous_5)
FN:67,(anonymous_6)
FN:74,(anonymous_7)
FN:98,(anonymous_8)
FN:105,(anonymous_9)
FN:112,(anonymous_10)
FN:121,(anonymous_11)
FNF:11
FNH:11
FNDA:51,(anonymous_1)
FNDA:13,(anonymous_2)
FNDA:35,(anonymous_3)
FNDA:54,(anonymous_4)
FNDA:43,(anonymous_5)
FNDA:18,(anonymous_6)
FNDA:35,(anonymous_7)
FNDA:5,(anonymous_8)
FNDA:6,(anonymous_9)
FNDA:4,(anonymous_10)
FNDA:35,(anonymous_11)
DA:6,7
DA:13,7
DA:14,51
DA:15,51
DA:16,51
DA:19,51
DA:20,51
DA:21,51
DA:28,13
DA:29,1
DA:30,1
DA:33,12
DA:34,12
DA:35,35
DA:38,12
DA:48,54
DA:49,12
DA:50,12
DA:52,54
DA:54,54
DA:61,43
DA:68,18
DA:75,35
DA:76,35
DA:78,35
DA:79,27
DA:81,27
DA:82,2
DA:89,2
DA:90,2
DA:99,5
DA:106,6
DA:113,4
DA:114,4
DA:115,3
DA:122,35
DA:123,35
DA:125,35
LF:38
LH:38
BRDA:28,0,0,1
BRDA:48,1,0,12
BRDA:81,2,0,2
BRDA:114,3,0,1
BRF:4
BRH:4
end_of_record
TN:
SF:src\rooms\managers\PlayerLifecycleManager.ts
FN:30,(anonymous_8)
FN:41,(anonymous_9)
FN:66,(anonymous_10)
FN:77,(anonymous_11)
FN:120,(anonymous_12)
FN:141,(anonymous_13)
FN:173,(anonymous_15)
FN:217,(anonymous_16)
FN:277,(anonymous_17)
FN:279,(anonymous_18)
FN:279,(anonymous_19)
FN:290,(anonymous_20)
FNF:12
FNH:12
FNDA:36,(anonymous_8)
FNDA:13,(anonymous_9)
FNDA:4,(anonymous_10)
FNDA:6,(anonymous_11)
FNDA:16,(anonymous_12)
FNDA:15,(anonymous_13)
FNDA:1,(anonymous_15)
FNDA:14,(anonymous_16)
FNDA:12,(anonymous_17)
FNDA:6,(anonymous_18)
FNDA:6,(anonymous_19)
FNDA:6,(anonymous_20)
DA:2,6
DA:3,6
DA:9,6
DA:26,6
DA:31,36
DA:32,36
DA:49,13
DA:50,13
DA:51,13
DA:55,13
DA:59,13
DA:60,13
DA:61,13
DA:62,13
DA:63,13
DA:65,13
DA:66,4
DA:67,4
DA:68,4
DA:72,4
DA:74,4
DA:75,4
DA:76,4
DA:77,4
DA:78,6
DA:79,4
DA:80,4
DA:81,4
DA:83,2
DA:85,4
DA:86,0
DA:89,9
DA:93,13
DA:94,13
DA:99,13
DA:100,13
DA:101,4
DA:103,13
DA:107,13
DA:108,13
DA:110,13
DA:117,13
DA:120,16
DA:128,13
DA:134,13
DA:151,15
DA:152,15
DA:154,15
DA:155,2
DA:156,2
DA:157,1
DA:158,1
DA:159,1
DA:162,1
DA:166,14
DA:180,1
DA:181,1
DA:182,1
DA:184,1
DA:185,1
DA:186,1
DA:189,1
DA:190,1
DA:191,0
DA:194,1
DA:195,0
DA:198,1
DA:200,1
DA:206,1
DA:225,14
DA:226,14
DA:227,14
DA:229,14
DA:230,14
DA:232,14
DA:233,7
DA:234,7
DA:236,7
DA:244,7
DA:245,1
DA:246,1
DA:250,14
DA:251,1
DA:253,14
DA:257,14
DA:258,2
DA:262,14
DA:263,14
DA:264,14
DA:266,14
DA:268,14
DA:278,12
DA:279,6
DA:282,12
DA:283,13
DA:284,12
DA:287,0
DA:291,6
LF:98
LH:94
BRDA:33,0,0,35
BRDA:33,0,1,1
BRDA:33,1,0,36
BRDA:33,1,1,36
BRDA:33,2,0,1
BRDA:33,2,1,35
BRDA:33,3,0,36
BRDA:33,3,1,36
BRDA:50,4,0,0
BRDA:50,4,1,13
BRDA:50,5,0,13
BRDA:50,5,1,13
BRDA:50,6,0,0
BRDA:50,6,1,13
BRDA:50,7,0,13
BRDA:50,7,1,13
BRDA:51,8,0,4
BRDA:51,8,1,9
BRDA:51,9,0,0
BRDA:51,9,1,13
BRDA:51,10,0,13
BRDA:51,10,1,13
BRDA:55,11,0,4
BRDA:55,11,1,9
BRDA:56,12,0,4
BRDA:56,12,1,0
BRDA:56,13,0,4
BRDA:56,13,1,4
BRDA:56,14,0,0
BRDA:56,14,1,4
BRDA:56,15,0,4
BRDA:56,15,1,4
BRDA:60,16,0,13
BRDA:60,16,1,9
BRDA:60,16,2,7
BRDA:60,17,0,0
BRDA:60,17,1,9
BRDA:60,18,0,9
BRDA:60,18,1,9
BRDA:61,19,0,13
BRDA:61,19,1,9
BRDA:62,20,0,1
BRDA:62,20,1,12
BRDA:65,21,0,4
BRDA:65,21,1,9
BRDA:67,22,0,4
BRDA:78,23,0,4
BRDA:85,24,0,0
BRDA:93,25,0,13
BRDA:99,26,0,13
BRDA:100,27,0,4
BRDA:154,28,0,2
BRDA:154,29,0,15
BRDA:154,29,1,3
BRDA:182,30,0,0
BRDA:190,31,0,0
BRDA:194,32,0,0
BRDA:229,33,0,14
BRDA:232,34,0,7
BRDA:244,35,0,1
BRDA:244,36,0,7
BRDA:244,36,1,2
BRDA:244,36,2,2
BRDA:250,37,0,1
BRDA:257,38,0,2
BRDA:257,39,0,14
BRDA:257,39,1,5
BRDA:283,40,0,12
BRF:68
BRH:58
end_of_record
TN:
SF:src\rooms\managers\RateLimiterService.ts
FN:17,(anonymous_1)
FN:25,(anonymous_2)
FN:41,(anonymous_3)
FN:61,(anonymous_4)
FN:78,(anonymous_5)
FN:88,(anonymous_6)
FN:100,(anonymous_7)
FN:110,(anonymous_8)
FN:119,(anonymous_9)
FN:127,(anonymous_10)
FN:149,(anonymous_11)
FNF:11
FNH:11
FNDA:29,(anonymous_1)
FNDA:227,(anonymous_2)
FNDA:133,(anonymous_3)
FNDA:5,(anonymous_4)
FNDA:228,(anonymous_5)
FNDA:2,(anonymous_6)
FNDA:2,(anonymous_7)
FNDA:30,(anonymous_8)
FNDA:4,(anonymous_9)
FNDA:3,(anonymous_10)
FNDA:3,(anonymous_11)
DA:6,6
DA:13,6
DA:15,29
DA:18,29
DA:19,29
DA:26,227
DA:27,227
DA:29,220
DA:30,220
DA:32,219
DA:33,219
DA:35,219
DA:42,133
DA:44,133
DA:45,122
DA:46,122
DA:49,133
DA:51,133
DA:62,5
DA:63,5
DA:65,4
DA:66,4
DA:68,4
DA:69,4
DA:70,4
DA:72,4
DA:79,228
DA:80,10
DA:82,218
DA:89,2
DA:91,2
DA:101,2
DA:102,2
DA:103,1
DA:111,30
DA:113,30
DA:120,4
DA:121,4
DA:128,3
DA:129,3
DA:131,2
DA:132,2
DA:134,2
DA:135,5
DA:136,5
DA:138,5
DA:139,4
DA:143,2
DA:150,3
DA:151,2
DA:153,3
DA:154,1
DA:157,3
LF:53
LH:53
BRDA:27,0,0,7
BRDA:30,1,0,1
BRDA:44,2,0,122
BRDA:63,3,0,1
BRDA:66,4,0,0
BRDA:79,5,0,10
BRDA:79,6,0,0
BRDA:79,6,1,228
BRDA:79,7,0,228
BRDA:79,7,1,228
BRDA:102,8,0,1
BRDA:121,9,0,3
BRDA:121,9,1,1
BRDA:121,10,0,4
BRDA:121,10,1,4
BRDA:121,11,0,1
BRDA:121,11,1,3
BRDA:121,12,0,4
BRDA:121,12,1,4
BRDA:129,13,0,1
BRDA:138,14,0,4
BRDA:150,15,0,2
BRDA:153,16,0,1
BRF:23
BRH:21
end_of_record
TN:
SF:src\rooms\managers\SeatManager.ts
FN:12,(anonymous_1)
FN:22,(anonymous_2)
FN:34,(anonymous_3)
FN:60,(anonymous_4)
FN:72,(anonymous_5)
FN:79,(anonymous_6)
FN:86,(anonymous_7)
FN:95,(anonymous_8)
FNF:8
FNH:8
FNDA:48,(anonymous_1)
FNDA:4,(anonymous_2)
FNDA:37,(anonymous_3)
FNDA:9,(anonymous_4)
FNDA:6,(anonymous_5)
FNDA:7,(anonymous_6)
FNDA:49,(anonymous_7)
FNDA:1,(anonymous_8)
DA:6,7
DA:8,7
DA:10,48
DA:13,48
DA:16,48
DA:23,4
DA:24,10
DA:25,3
DA:28,1
DA:35,37
DA:36,2
DA:39,35
DA:40,1
DA:45,1
DA:48,34
DA:50,34
DA:61,9
DA:63,9
DA:73,6
DA:80,7
DA:87,49
DA:89,49
DA:96,1
LF:23
LH:23
BRDA:14,0,0,0
BRDA:24,1,0,3
BRDA:35,2,0,2
BRDA:35,3,0,37
BRDA:35,3,1,36
BRDA:39,4,0,1
BRF:6
BRH:5
end_of_record
TN:
SF:src\rooms\managers\SessionManager.ts
FN:19,(anonymous_1)
FN:27,(anonymous_2)
FN:34,(anonymous_3)
FN:41,(anonymous_4)
FN:48,(anonymous_5)
FN:55,(anonymous_6)
FN:62,(anonymous_7)
FN:77,(anonymous_8)
FN:94,(anonymous_9)
FN:120,(anonymous_10)
FN:131,(anonymous_11)
FN:138,(anonymous_12)
FNF:12
FNH:12
FNDA:78,(anonymous_1)
FNDA:18,(anonymous_2)
FNDA:22,(anonymous_3)
FNDA:12,(anonymous_4)
FNDA:22,(anonymous_5)
FNDA:16,(anonymous_6)
FNDA:51,(anonymous_7)
FNDA:21,(anonymous_8)
FNDA:4,(anonymous_9)
FNDA:61,(anonymous_10)
FNDA:7,(anonymous_11)
FNDA:1,(anonymous_12)
DA:7,8
DA:9,8
DA:11,78
DA:14,78
DA:17,78
DA:20,78
DA:21,78
DA:28,18
DA:35,22
DA:42,12
DA:49,22
DA:56,16
DA:63,51
DA:64,51
DA:65,51
DA:67,51
DA:78,21
DA:79,21
DA:80,7
DA:81,7
DA:83,7
DA:95,4
DA:96,4
DA:97,1
DA:101,1
DA:105,3
DA:106,3
DA:107,3
DA:109,3
DA:121,61
DA:122,61
DA:123,61
DA:125,61
DA:132,7
DA:139,1
LF:35
LH:35
BRDA:21,0,0,18
BRDA:79,1,0,7
BRDA:96,2,0,1
BRF:3
BRH:3
end_of_record
TN:
SF:src\rooms\managers\index.ts
FN:6,(anonymous_0)
FN:7,(anonymous_1)
FN:8,(anonymous_2)
FN:9,(anonymous_3)
FN:11,(anonymous_4)
FN:16,(anonymous_5)
FN:21,(anonymous_6)
FNF:7
FNH:7
FNDA:3,(anonymous_0)
FNDA:3,(anonymous_1)
FNDA:3,(anonymous_2)
FNDA:3,(anonymous_3)
FNDA:3,(anonymous_4)
FNDA:3,(anonymous_5)
FNDA:3,(anonymous_6)
DA:6,8
DA:7,8
DA:8,8
DA:9,8
DA:10,5
DA:11,8
DA:15,5
DA:16,8
DA:20,5
DA:21,8
LF:10
LH:10
BRF:0
BRH:0
end_of_record
TN:
SF:src\services\api-server-stats.ts
FN:8,reportTournamentGameEnded
FN:29,(anonymous_10)
FNF:2
FNH:1
FNDA:5,reportTournamentGameEnded
FNDA:0,(anonymous_10)
DA:1,6
DA:8,6
DA:13,5
DA:14,2
DA:15,2
DA:18,3
DA:19,3
DA:28,2
DA:29,1
DA:30,1
DA:31,1
DA:34,1
DA:39,1
LF:13
LH:13
BRDA:13,0,0,2
BRDA:13,1,0,5
BRDA:13,1,1,4
BRDA:28,2,0,1
BRF:4
BRH:4
end_of_record
